<?xml version="1.0" encoding="UTF-8"?>
<coverage generated="1677856058">
  <project timestamp="1677856058">
    <file name="/home/joe/awscandc/laraveladvancedtest/LaravelLivewireTablesAdvancedFilters/src/DatePickerFilter.php">
      <class name="LowerRockLabs\LaravelLivewireTablesAdvancedFilters\DatePickerFilter" namespace="global">
        <metrics complexity="20" methods="8" coveredmethods="8" conditionals="0" coveredconditionals="0" statements="42" coveredstatements="42" elements="50" coveredelements="50"/>
      </class>
      <line num="15" type="method" name="__construct" visibility="public" complexity="2" crap="2" count="247"/>
      <line num="17" type="stmt" count="247"/>
      <line num="18" type="stmt" count="247"/>
      <line num="19" type="stmt" count="247"/>
      <line num="26" type="method" name="options" visibility="public" complexity="1" crap="1" count="1"/>
      <line num="28" type="stmt" count="1"/>
      <line num="30" type="stmt" count="1"/>
      <line num="36" type="method" name="getOptions" visibility="public" complexity="1" crap="1" count="1"/>
      <line num="38" type="stmt" count="1"/>
      <line num="45" type="method" name="config" visibility="public" complexity="1" crap="1" count="247"/>
      <line num="47" type="stmt" count="247"/>
      <line num="49" type="stmt" count="247"/>
      <line num="56" type="method" name="validate" visibility="public" complexity="7" crap="7" count="9"/>
      <line num="58" type="stmt" count="9"/>
      <line num="59" type="stmt" count="1"/>
      <line num="62" type="stmt" count="9"/>
      <line num="64" type="stmt" count="9"/>
      <line num="66" type="stmt" count="9"/>
      <line num="67" type="stmt" count="9"/>
      <line num="68" type="stmt" count="9"/>
      <line num="69" type="stmt" count="9"/>
      <line num="70" type="stmt" count="7"/>
      <line num="73" type="stmt" count="8"/>
      <line num="75" type="stmt" count="8"/>
      <line num="76" type="stmt" count="8"/>
      <line num="77" type="stmt" count="3"/>
      <line num="78" type="stmt" count="3"/>
      <line num="79" type="stmt" count="2"/>
      <line num="83" type="stmt" count="8"/>
      <line num="84" type="stmt" count="8"/>
      <line num="85" type="stmt" count="3"/>
      <line num="86" type="stmt" count="3"/>
      <line num="87" type="stmt" count="2"/>
      <line num="91" type="stmt" count="8"/>
      <line num="97" type="method" name="isEmpty" visibility="public" complexity="5" crap="5" count="247"/>
      <line num="99" type="stmt" count="247"/>
      <line num="100" type="stmt" count="247"/>
      <line num="102" type="stmt" count="3"/>
      <line num="109" type="method" name="getFilterPillValue" visibility="public" complexity="2" crap="2" count="2"/>
      <line num="111" type="stmt" count="2"/>
      <line num="113" type="stmt" count="2"/>
      <line num="114" type="stmt" count="2"/>
      <line num="115" type="stmt" count="2"/>
      <line num="117" type="stmt" count="2"/>
      <line num="120" type="stmt" count="2"/>
      <line num="126" type="method" name="render" visibility="public" complexity="1" crap="1" count="15"/>
      <line num="128" type="stmt" count="15"/>
      <line num="129" type="stmt" count="15"/>
      <line num="130" type="stmt" count="15"/>
      <line num="131" type="stmt" count="15"/>
      <metrics loc="134" ncloc="107" classes="1" methods="8" coveredmethods="8" conditionals="0" coveredconditionals="0" statements="42" coveredstatements="42" elements="50" coveredelements="50"/>
    </file>
    <file name="/home/joe/awscandc/laraveladvancedtest/LaravelLivewireTablesAdvancedFilters/src/DateRangeFilter.php">
      <class name="LowerRockLabs\LaravelLivewireTablesAdvancedFilters\DateRangeFilter" namespace="global">
        <metrics complexity="41" methods="10" coveredmethods="8" conditionals="0" coveredconditionals="0" statements="61" coveredstatements="59" elements="71" coveredelements="67"/>
      </class>
      <line num="15" type="method" name="__construct" visibility="public" complexity="2" crap="2" count="247"/>
      <line num="17" type="stmt" count="247"/>
      <line num="18" type="stmt" count="247"/>
      <line num="19" type="stmt" count="247"/>
      <line num="25" type="method" name="getKeys" visibility="public" complexity="1" crap="1" count="1"/>
      <line num="27" type="stmt" count="1"/>
      <line num="34" type="method" name="options" visibility="public" complexity="1" crap="1" count="1"/>
      <line num="36" type="stmt" count="1"/>
      <line num="38" type="stmt" count="1"/>
      <line num="44" type="method" name="getOptions" visibility="public" complexity="1" crap="1" count="1"/>
      <line num="46" type="stmt" count="1"/>
      <line num="53" type="method" name="config" visibility="public" complexity="1" crap="1" count="247"/>
      <line num="55" type="stmt" count="247"/>
      <line num="57" type="stmt" count="247"/>
      <line num="64" type="method" name="validate" visibility="public" complexity="18" crap="18" count="9"/>
      <line num="66" type="stmt" count="9"/>
      <line num="67" type="stmt" count="9"/>
      <line num="68" type="stmt" count="8"/>
      <line num="69" type="stmt" count="8"/>
      <line num="70" type="stmt" count="8"/>
      <line num="72" type="stmt" count="8"/>
      <line num="73" type="stmt" count="8"/>
      <line num="77" type="stmt" count="1"/>
      <line num="78" type="stmt" count="1"/>
      <line num="79" type="stmt" count="1"/>
      <line num="82" type="stmt" count="9"/>
      <line num="83" type="stmt" count="1"/>
      <line num="85" type="stmt" count="9"/>
      <line num="87" type="stmt" count="9"/>
      <line num="88" type="stmt" count="9"/>
      <line num="89" type="stmt" count="9"/>
      <line num="90" type="stmt" count="9"/>
      <line num="91" type="stmt" count="9"/>
      <line num="92" type="stmt" count="3"/>
      <line num="95" type="stmt" count="9"/>
      <line num="96" type="stmt" count="9"/>
      <line num="98" type="stmt" count="9"/>
      <line num="99" type="stmt" count="3"/>
      <line num="102" type="stmt" count="9"/>
      <line num="103" type="stmt" count="9"/>
      <line num="104" type="stmt" count="4"/>
      <line num="105" type="stmt" count="4"/>
      <line num="106" type="stmt" count="3"/>
      <line num="110" type="stmt" count="9"/>
      <line num="111" type="stmt" count="9"/>
      <line num="112" type="stmt" count="5"/>
      <line num="113" type="stmt" count="5"/>
      <line num="114" type="stmt" count="3"/>
      <line num="118" type="stmt" count="9"/>
      <line num="124" type="method" name="getDefaultValue" visibility="public" complexity="1" crap="1" count="247"/>
      <line num="126" type="stmt" count="247"/>
      <line num="132" type="method" name="getFilterPillValue" visibility="public" complexity="2" crap="2" count="3"/>
      <line num="134" type="stmt" count="3"/>
      <line num="136" type="stmt" count="3"/>
      <line num="137" type="stmt" count="3"/>
      <line num="138" type="stmt" count="3"/>
      <line num="140" type="stmt" count="3"/>
      <line num="141" type="stmt" count="3"/>
      <line num="143" type="stmt" count="3"/>
      <line num="146" type="stmt" count="2"/>
      <line num="152" type="method" name="isEmpty" visibility="public" complexity="12" crap="17.33" count="247"/>
      <line num="154" type="stmt" count="247"/>
      <line num="155" type="stmt" count="247"/>
      <line num="157" type="stmt" count="0"/>
      <line num="164" type="method" name="render" visibility="public" complexity="2" crap="2.02" count="15"/>
      <line num="166" type="stmt" count="15"/>
      <line num="167" type="stmt" count="0"/>
      <line num="170" type="stmt" count="15"/>
      <line num="171" type="stmt" count="15"/>
      <line num="172" type="stmt" count="15"/>
      <line num="173" type="stmt" count="15"/>
      <metrics loc="176" ncloc="143" classes="1" methods="10" coveredmethods="8" conditionals="0" coveredconditionals="0" statements="61" coveredstatements="59" elements="71" coveredelements="67"/>
    </file>
    <file name="/home/joe/awscandc/laraveladvancedtest/LaravelLivewireTablesAdvancedFilters/src/LaravelLivewireTablesAdvancedFiltersServiceProvider.php">
      <class name="LowerRockLabs\LaravelLivewireTablesAdvancedFilters\LaravelLivewireTablesAdvancedFiltersServiceProvider" namespace="global">
        <metrics complexity="3" methods="2" coveredmethods="2" conditionals="0" coveredconditionals="0" statements="32" coveredstatements="32" elements="34" coveredelements="34"/>
      </class>
      <line num="12" type="method" name="boot" visibility="public" complexity="2" crap="2" count="402"/>
      <line num="17" type="stmt" count="402"/>
      <line num="18" type="stmt" count="402"/>
      <line num="19" type="stmt" count="402"/>
      <line num="20" type="stmt" count="402"/>
      <line num="22" type="stmt" count="402"/>
      <line num="23" type="stmt" count="402"/>
      <line num="24" type="stmt" count="402"/>
      <line num="26" type="stmt" count="402"/>
      <line num="27" type="stmt" count="402"/>
      <line num="28" type="stmt" count="402"/>
      <line num="30" type="stmt" count="402"/>
      <line num="31" type="stmt" count="402"/>
      <line num="32" type="stmt" count="402"/>
      <line num="34" type="stmt" count="402"/>
      <line num="35" type="stmt" count="402"/>
      <line num="36" type="stmt" count="402"/>
      <line num="38" type="stmt" count="402"/>
      <line num="39" type="stmt" count="402"/>
      <line num="40" type="stmt" count="402"/>
      <line num="42" type="stmt" count="402"/>
      <line num="43" type="stmt" count="402"/>
      <line num="44" type="stmt" count="402"/>
      <line num="46" type="stmt" count="402"/>
      <line num="47" type="stmt" count="402"/>
      <line num="48" type="stmt" count="402"/>
      <line num="50" type="stmt" count="402"/>
      <line num="51" type="stmt" count="402"/>
      <line num="52" type="stmt" count="402"/>
      <line num="54" type="stmt" count="402"/>
      <line num="55" type="stmt" count="402"/>
      <line num="56" type="stmt" count="402"/>
      <line num="63" type="method" name="register" visibility="public" complexity="1" crap="1" count="402"/>
      <line num="65" type="stmt" count="402"/>
      <metrics loc="68" ncloc="59" classes="1" methods="2" coveredmethods="2" conditionals="0" coveredconditionals="0" statements="32" coveredstatements="32" elements="34" coveredelements="34"/>
    </file>
    <file name="/home/joe/awscandc/laraveladvancedtest/LaravelLivewireTablesAdvancedFilters/src/NumberRangeFilter.php">
      <class name="LowerRockLabs\LaravelLivewireTablesAdvancedFilters\NumberRangeFilter" namespace="global">
        <metrics complexity="41" methods="9" coveredmethods="8" conditionals="0" coveredconditionals="0" statements="48" coveredstatements="47" elements="57" coveredelements="55"/>
      </class>
      <line num="15" type="method" name="__construct" visibility="public" complexity="2" crap="2" count="247"/>
      <line num="17" type="stmt" count="247"/>
      <line num="18" type="stmt" count="247"/>
      <line num="19" type="stmt" count="247"/>
      <line num="26" type="method" name="options" visibility="public" complexity="1" crap="1" count="247"/>
      <line num="28" type="stmt" count="247"/>
      <line num="30" type="stmt" count="247"/>
      <line num="36" type="method" name="getOptions" visibility="public" complexity="1" crap="1" count="1"/>
      <line num="38" type="stmt" count="1"/>
      <line num="45" type="method" name="config" visibility="public" complexity="1" crap="1" count="12"/>
      <line num="47" type="stmt" count="12"/>
      <line num="49" type="stmt" count="12"/>
      <line num="56" type="method" name="validate" visibility="public" complexity="22" crap="22" count="12"/>
      <line num="58" type="stmt" count="12"/>
      <line num="59" type="stmt" count="3"/>
      <line num="62" type="stmt" count="12"/>
      <line num="63" type="stmt" count="1"/>
      <line num="66" type="stmt" count="12"/>
      <line num="67" type="stmt" count="7"/>
      <line num="70" type="stmt" count="12"/>
      <line num="71" type="stmt" count="3"/>
      <line num="74" type="stmt" count="12"/>
      <line num="75" type="stmt" count="12"/>
      <line num="77" type="stmt" count="12"/>
      <line num="78" type="stmt" count="12"/>
      <line num="80" type="stmt" count="12"/>
      <line num="81" type="stmt" count="4"/>
      <line num="82" type="stmt" count="4"/>
      <line num="83" type="stmt" count="4"/>
      <line num="84" type="stmt" count="4"/>
      <line num="85" type="stmt" count="4"/>
      <line num="88" type="stmt" count="12"/>
      <line num="89" type="stmt" count="4"/>
      <line num="92" type="stmt" count="12"/>
      <line num="98" type="method" name="isEmpty" visibility="public" complexity="10" crap="10.08" count="247"/>
      <line num="100" type="stmt" count="247"/>
      <line num="101" type="stmt" count="1"/>
      <line num="103" type="stmt" count="247"/>
      <line num="104" type="stmt" count="247"/>
      <line num="106" type="stmt" count="2"/>
      <line num="107" type="stmt" count="0"/>
      <line num="110" type="stmt" count="2"/>
      <line num="111" type="stmt" count="1"/>
      <line num="113" type="stmt" count="2"/>
      <line num="114" type="stmt" count="1"/>
      <line num="118" type="stmt" count="2"/>
      <line num="124" type="method" name="getDefaultValue" visibility="public" complexity="1" crap="1" count="247"/>
      <line num="126" type="stmt" count="247"/>
      <line num="132" type="method" name="getFilterPillValue" visibility="public" complexity="2" crap="2" count="1"/>
      <line num="134" type="stmt" count="1"/>
      <line num="135" type="stmt" count="1"/>
      <line num="138" type="stmt" count="1"/>
      <line num="144" type="method" name="render" visibility="public" complexity="1" crap="1" count="15"/>
      <line num="152" type="stmt" count="15"/>
      <line num="153" type="stmt" count="15"/>
      <line num="154" type="stmt" count="15"/>
      <line num="155" type="stmt" count="15"/>
      <metrics loc="158" ncloc="123" classes="1" methods="9" coveredmethods="8" conditionals="0" coveredconditionals="0" statements="48" coveredstatements="47" elements="57" coveredelements="55"/>
    </file>
    <file name="/home/joe/awscandc/laraveladvancedtest/LaravelLivewireTablesAdvancedFilters/src/SlimSelectFilter.php">
      <class name="LowerRockLabs\LaravelLivewireTablesAdvancedFilters\SlimSelectFilter" namespace="global">
        <metrics complexity="13" methods="10" coveredmethods="9" conditionals="0" coveredconditionals="0" statements="19" coveredstatements="18" elements="29" coveredelements="27"/>
      </class>
      <line num="17" type="method" name="__construct" visibility="public" complexity="2" crap="2" count="247"/>
      <line num="19" type="stmt" count="247"/>
      <line num="20" type="stmt" count="247"/>
      <line num="27" type="method" name="config" visibility="public" complexity="2" crap="2" count="4"/>
      <line num="29" type="stmt" count="4"/>
      <line num="31" type="stmt" count="4"/>
      <line num="38" type="method" name="options" visibility="public" complexity="1" crap="1" count="247"/>
      <line num="40" type="stmt" count="247"/>
      <line num="42" type="stmt" count="247"/>
      <line num="48" type="method" name="getOptions" visibility="public" complexity="1" crap="1" count="18"/>
      <line num="50" type="stmt" count="18"/>
      <line num="56" type="method" name="getKeys" visibility="public" complexity="1" crap="1" count="1"/>
      <line num="58" type="stmt" count="1"/>
      <line num="65" type="method" name="validate" visibility="public" complexity="1" crap="1" count="5"/>
      <line num="71" type="stmt" count="5"/>
      <line num="77" type="method" name="getFilterPillValue" visibility="public" complexity="1" crap="1" count="1"/>
      <line num="79" type="stmt" count="1"/>
      <line num="81" type="stmt" count="1"/>
      <line num="87" type="method" name="isEmpty" visibility="public" complexity="1" crap="1" count="247"/>
      <line num="89" type="stmt" count="247"/>
      <line num="95" type="method" name="getDefaultValue" visibility="public" complexity="1" crap="1" count="247"/>
      <line num="97" type="stmt" count="247"/>
      <line num="103" type="method" name="render" visibility="public" complexity="2" crap="2.02" count="15"/>
      <line num="105" type="stmt" count="15"/>
      <line num="106" type="stmt" count="0"/>
      <line num="109" type="stmt" count="15"/>
      <line num="110" type="stmt" count="15"/>
      <line num="111" type="stmt" count="15"/>
      <line num="112" type="stmt" count="15"/>
      <metrics loc="115" ncloc="80" classes="1" methods="10" coveredmethods="9" conditionals="0" coveredconditionals="0" statements="19" coveredstatements="18" elements="29" coveredelements="27"/>
    </file>
    <file name="/home/joe/awscandc/laraveladvancedtest/LaravelLivewireTablesAdvancedFilters/src/SmartSelectFilter.php">
      <class name="LowerRockLabs\LaravelLivewireTablesAdvancedFilters\SmartSelectFilter" namespace="global">
        <metrics complexity="39" methods="12" coveredmethods="9" conditionals="0" coveredconditionals="0" statements="73" coveredstatements="68" elements="85" coveredelements="77"/>
      </class>
      <line num="15" type="method" name="__construct" visibility="public" complexity="2" crap="2" count="247"/>
      <line num="17" type="stmt" count="247"/>
      <line num="18" type="stmt" count="247"/>
      <line num="25" type="method" name="config" visibility="public" complexity="1" crap="1" count="36"/>
      <line num="27" type="stmt" count="36"/>
      <line num="29" type="stmt" count="36"/>
      <line num="36" type="method" name="options" visibility="public" complexity="1" crap="1" count="247"/>
      <line num="38" type="stmt" count="247"/>
      <line num="40" type="stmt" count="247"/>
      <line num="49" type="method" name="setIconStyling" visibility="public" complexity="9" crap="9" count="1"/>
      <line num="52" type="stmt" count="1"/>
      <line num="53" type="stmt" count="1"/>
      <line num="54" type="stmt" count="1"/>
      <line num="55" type="stmt" count="1"/>
      <line num="57" type="stmt" count="1"/>
      <line num="58" type="stmt" count="1"/>
      <line num="61" type="stmt" count="1"/>
      <line num="62" type="stmt" count="1"/>
      <line num="63" type="stmt" count="1"/>
      <line num="64" type="stmt" count="1"/>
      <line num="66" type="stmt" count="1"/>
      <line num="67" type="stmt" count="1"/>
      <line num="71" type="stmt" count="1"/>
      <line num="77" type="method" name="getOptions" visibility="public" complexity="3" crap="3" count="34"/>
      <line num="79" type="stmt" count="34"/>
      <line num="80" type="stmt" count="6"/>
      <line num="82" type="stmt" count="28"/>
      <line num="83" type="stmt" count="28"/>
      <line num="84" type="stmt" count="26"/>
      <line num="87" type="stmt" count="28"/>
      <line num="94" type="method" name="getKeys" visibility="public" complexity="2" crap="2" count="15"/>
      <line num="96" type="stmt" count="15"/>
      <line num="97" type="stmt" count="5"/>
      <line num="99" type="stmt" count="10"/>
      <line num="100" type="stmt" count="10"/>
      <line num="101" type="stmt" count="10"/>
      <line num="102" type="stmt" count="10"/>
      <line num="103" type="stmt" count="10"/>
      <line num="104" type="stmt" count="10"/>
      <line num="112" type="method" name="validate" visibility="public" complexity="8" crap="8.01" count="18"/>
      <line num="114" type="stmt" count="18"/>
      <line num="115" type="stmt" count="6"/>
      <line num="116" type="stmt" count="3"/>
      <line num="118" type="stmt" count="3"/>
      <line num="119" type="stmt" count="3"/>
      <line num="121" type="stmt" count="3"/>
      <line num="122" type="stmt" count="0"/>
      <line num="125" type="stmt" count="3"/>
      <line num="126" type="stmt" count="3"/>
      <line num="129" type="stmt" count="12"/>
      <line num="130" type="stmt" count="3"/>
      <line num="132" type="stmt" count="9"/>
      <line num="133" type="stmt" count="3"/>
      <line num="134" type="stmt" count="3"/>
      <line num="135" type="stmt" count="3"/>
      <line num="137" type="stmt" count="6"/>
      <line num="141" type="stmt" count="6"/>
      <line num="147" type="method" name="getFilterPillValue" visibility="public" complexity="1" crap="1" count="1"/>
      <line num="149" type="stmt" count="1"/>
      <line num="150" type="stmt" count="1"/>
      <line num="152" type="stmt" count="1"/>
      <line num="158" type="method" name="generatePillArray" visibility="public" complexity="8" crap="9.00" count="1"/>
      <line num="160" type="stmt" count="1"/>
      <line num="161" type="stmt" count="1"/>
      <line num="162" type="stmt" count="1"/>
      <line num="163" type="stmt" count="1"/>
      <line num="165" type="stmt" count="1"/>
      <line num="166" type="stmt" count="1"/>
      <line num="167" type="stmt" count="1"/>
      <line num="169" type="stmt" count="1"/>
      <line num="171" type="stmt" count="0"/>
      <line num="174" type="stmt" count="0"/>
      <line num="175" type="stmt" count="0"/>
      <line num="178" type="stmt" count="1"/>
      <line num="196" type="method" name="isEmpty" visibility="public" complexity="1" crap="1" count="247"/>
      <line num="198" type="stmt" count="247"/>
      <line num="204" type="method" name="getDefaultValue" visibility="public" complexity="1" crap="1" count="247"/>
      <line num="206" type="stmt" count="247"/>
      <line num="212" type="method" name="render" visibility="public" complexity="2" crap="2.02" count="15"/>
      <line num="214" type="stmt" count="15"/>
      <line num="215" type="stmt" count="0"/>
      <line num="218" type="stmt" count="15"/>
      <line num="219" type="stmt" count="15"/>
      <line num="220" type="stmt" count="15"/>
      <line num="221" type="stmt" count="15"/>
      <metrics loc="224" ncloc="169" classes="1" methods="12" coveredmethods="9" conditionals="0" coveredconditionals="0" statements="73" coveredstatements="68" elements="85" coveredelements="77"/>
    </file>
    <metrics files="6" loc="875" ncloc="681" classes="6" methods="51" coveredmethods="44" conditionals="0" coveredconditionals="0" statements="275" coveredstatements="266" elements="326" coveredelements="310"/>
  </project>
</coverage>
