<?xml version="1.0" encoding="UTF-8"?>
<coverage generated="1677465302">
  <project timestamp="1677465302">
    <file name="/home/runner/work/LaravelLivewireTablesAdvancedFilters/LaravelLivewireTablesAdvancedFilters/src/DatePickerFilter.php">
      <class name="LowerRockLabs\LaravelLivewireTablesAdvancedFilters\DatePickerFilter" namespace="global">
        <metrics complexity="11" methods="8" coveredmethods="6" conditionals="0" coveredconditionals="0" statements="20" coveredstatements="15" elements="28" coveredelements="21"/>
      </class>
      <line num="16" type="method" name="__construct" visibility="public" complexity="2" crap="2" count="119"/>
      <line num="18" type="stmt" count="119"/>
      <line num="19" type="stmt" count="119"/>
      <line num="21" type="stmt" count="119"/>
      <line num="28" type="method" name="options" visibility="public" complexity="1" crap="1" count="1"/>
      <line num="30" type="stmt" count="1"/>
      <line num="32" type="stmt" count="1"/>
      <line num="38" type="method" name="getOptions" visibility="public" complexity="1" crap="1" count="1"/>
      <line num="40" type="stmt" count="1"/>
      <line num="47" type="method" name="config" visibility="public" complexity="1" crap="1" count="119"/>
      <line num="49" type="stmt" count="119"/>
      <line num="51" type="stmt" count="119"/>
      <line num="58" type="method" name="validate" visibility="public" complexity="3" crap="3.04" count="2"/>
      <line num="60" type="stmt" count="2"/>
      <line num="61" type="stmt" count="0"/>
      <line num="63" type="stmt" count="2"/>
      <line num="65" type="stmt" count="2"/>
      <line num="66" type="stmt" count="1"/>
      <line num="69" type="stmt" count="1"/>
      <line num="75" type="method" name="getDefaultValue" visibility="public" complexity="1" crap="1" count="119"/>
      <line num="77" type="stmt" count="119"/>
      <line num="83" type="method" name="isEmpty" visibility="public" complexity="1" crap="1" count="1"/>
      <line num="85" type="stmt" count="1"/>
      <line num="91" type="method" name="render" visibility="public" complexity="1" crap="2" count="0"/>
      <line num="93" type="stmt" count="0"/>
      <line num="94" type="stmt" count="0"/>
      <line num="95" type="stmt" count="0"/>
      <line num="96" type="stmt" count="0"/>
      <metrics loc="99" ncloc="72" classes="1" methods="8" coveredmethods="6" conditionals="0" coveredconditionals="0" statements="20" coveredstatements="15" elements="28" coveredelements="21"/>
    </file>
    <file name="/home/runner/work/LaravelLivewireTablesAdvancedFilters/LaravelLivewireTablesAdvancedFilters/src/DateRangeFilter.php">
      <class name="LowerRockLabs\LaravelLivewireTablesAdvancedFilters\DateRangeFilter" namespace="global">
        <metrics complexity="23" methods="8" coveredmethods="6" conditionals="0" coveredconditionals="0" statements="28" coveredstatements="23" elements="36" coveredelements="29"/>
      </class>
      <line num="16" type="method" name="__construct" visibility="public" complexity="2" crap="2" count="119"/>
      <line num="18" type="stmt" count="119"/>
      <line num="19" type="stmt" count="119"/>
      <line num="21" type="stmt" count="119"/>
      <line num="28" type="method" name="options" visibility="public" complexity="1" crap="1" count="1"/>
      <line num="30" type="stmt" count="1"/>
      <line num="32" type="stmt" count="1"/>
      <line num="38" type="method" name="getOptions" visibility="public" complexity="1" crap="1" count="1"/>
      <line num="40" type="stmt" count="1"/>
      <line num="47" type="method" name="config" visibility="public" complexity="1" crap="1" count="119"/>
      <line num="49" type="stmt" count="119"/>
      <line num="51" type="stmt" count="119"/>
      <line num="58" type="method" name="validate" visibility="public" complexity="12" crap="12.05" count="119"/>
      <line num="60" type="stmt" count="119"/>
      <line num="61" type="stmt" count="1"/>
      <line num="62" type="stmt" count="1"/>
      <line num="63" type="stmt" count="1"/>
      <line num="65" type="stmt" count="119"/>
      <line num="66" type="stmt" count="119"/>
      <line num="68" type="stmt" count="119"/>
      <line num="70" type="stmt" count="119"/>
      <line num="71" type="stmt" count="119"/>
      <line num="74" type="stmt" count="3"/>
      <line num="75" type="stmt" count="0"/>
      <line num="78" type="stmt" count="3"/>
      <line num="79" type="stmt" count="1"/>
      <line num="82" type="stmt" count="2"/>
      <line num="88" type="method" name="getDefaultValue" visibility="public" complexity="1" crap="1" count="119"/>
      <line num="90" type="stmt" count="119"/>
      <line num="96" type="method" name="isEmpty" visibility="public" complexity="4" crap="4" count="1"/>
      <line num="98" type="stmt" count="1"/>
      <line num="104" type="method" name="render" visibility="public" complexity="1" crap="2" count="0"/>
      <line num="106" type="stmt" count="0"/>
      <line num="107" type="stmt" count="0"/>
      <line num="108" type="stmt" count="0"/>
      <line num="109" type="stmt" count="0"/>
      <metrics loc="112" ncloc="85" classes="1" methods="8" coveredmethods="6" conditionals="0" coveredconditionals="0" statements="28" coveredstatements="23" elements="36" coveredelements="29"/>
    </file>
    <file name="/home/runner/work/LaravelLivewireTablesAdvancedFilters/LaravelLivewireTablesAdvancedFilters/src/LaravelLivewireTablesAdvancedFiltersServiceProvider.php">
      <class name="LowerRockLabs\LaravelLivewireTablesAdvancedFilters\LaravelLivewireTablesAdvancedFiltersServiceProvider" namespace="global">
        <metrics complexity="3" methods="2" coveredmethods="2" conditionals="0" coveredconditionals="0" statements="17" coveredstatements="17" elements="19" coveredelements="19"/>
      </class>
      <line num="12" type="method" name="boot" visibility="public" complexity="2" crap="2" count="274"/>
      <line num="17" type="stmt" count="274"/>
      <line num="18" type="stmt" count="274"/>
      <line num="19" type="stmt" count="274"/>
      <line num="20" type="stmt" count="274"/>
      <line num="22" type="stmt" count="274"/>
      <line num="23" type="stmt" count="274"/>
      <line num="24" type="stmt" count="274"/>
      <line num="26" type="stmt" count="274"/>
      <line num="27" type="stmt" count="274"/>
      <line num="28" type="stmt" count="274"/>
      <line num="30" type="stmt" count="274"/>
      <line num="31" type="stmt" count="274"/>
      <line num="32" type="stmt" count="274"/>
      <line num="34" type="stmt" count="274"/>
      <line num="35" type="stmt" count="274"/>
      <line num="36" type="stmt" count="274"/>
      <line num="43" type="method" name="register" visibility="public" complexity="1" crap="1" count="274"/>
      <line num="45" type="stmt" count="274"/>
      <metrics loc="48" ncloc="39" classes="1" methods="2" coveredmethods="2" conditionals="0" coveredconditionals="0" statements="17" coveredstatements="17" elements="19" coveredelements="19"/>
    </file>
    <file name="/home/runner/work/LaravelLivewireTablesAdvancedFilters/LaravelLivewireTablesAdvancedFilters/src/NumberRangeFilter.php">
      <class name="LowerRockLabs\LaravelLivewireTablesAdvancedFilters\NumberRangeFilter" namespace="global">
        <metrics complexity="28" methods="9" coveredmethods="6" conditionals="0" coveredconditionals="0" statements="26" coveredstatements="19" elements="35" coveredelements="25"/>
      </class>
      <line num="15" type="method" name="__construct" visibility="public" complexity="2" crap="2" count="119"/>
      <line num="17" type="stmt" count="119"/>
      <line num="18" type="stmt" count="119"/>
      <line num="19" type="stmt" count="119"/>
      <line num="26" type="method" name="options" visibility="public" complexity="1" crap="1" count="119"/>
      <line num="28" type="stmt" count="119"/>
      <line num="30" type="stmt" count="119"/>
      <line num="36" type="method" name="getOptions" visibility="public" complexity="1" crap="1" count="1"/>
      <line num="38" type="stmt" count="1"/>
      <line num="45" type="method" name="config" visibility="public" complexity="1" crap="1" count="4"/>
      <line num="47" type="stmt" count="4"/>
      <line num="49" type="stmt" count="4"/>
      <line num="56" type="method" name="validate" visibility="public" complexity="11" crap="11.73" count="119"/>
      <line num="58" type="stmt" count="119"/>
      <line num="59" type="stmt" count="1"/>
      <line num="62" type="stmt" count="119"/>
      <line num="63" type="stmt" count="1"/>
      <line num="66" type="stmt" count="119"/>
      <line num="67" type="stmt" count="119"/>
      <line num="70" type="stmt" count="1"/>
      <line num="71" type="stmt" count="0"/>
      <line num="74" type="stmt" count="1"/>
      <line num="75" type="stmt" count="0"/>
      <line num="78" type="stmt" count="1"/>
      <line num="84" type="method" name="isEmpty" visibility="public" complexity="9" crap="9" count="1"/>
      <line num="86" type="stmt" count="1"/>
      <line num="92" type="method" name="getDefaultValue" visibility="public" complexity="1" crap="1" count="119"/>
      <line num="94" type="stmt" count="119"/>
      <line num="100" type="method" name="getFilterPillValue" visibility="public" complexity="1" crap="2" count="0"/>
      <line num="102" type="stmt" count="0"/>
      <line num="108" type="method" name="render" visibility="public" complexity="1" crap="2" count="0"/>
      <line num="110" type="stmt" count="0"/>
      <line num="111" type="stmt" count="0"/>
      <line num="112" type="stmt" count="0"/>
      <line num="113" type="stmt" count="0"/>
      <metrics loc="116" ncloc="86" classes="1" methods="9" coveredmethods="6" conditionals="0" coveredconditionals="0" statements="26" coveredstatements="19" elements="35" coveredelements="25"/>
    </file>
    <file name="/home/runner/work/LaravelLivewireTablesAdvancedFilters/LaravelLivewireTablesAdvancedFilters/src/SmartSelectFilter.php">
      <class name="LowerRockLabs\LaravelLivewireTablesAdvancedFilters\SmartSelectFilter" namespace="global">
        <metrics complexity="21" methods="10" coveredmethods="7" conditionals="0" coveredconditionals="0" statements="43" coveredstatements="25" elements="53" coveredelements="32"/>
      </class>
      <line num="16" type="method" name="__construct" visibility="public" complexity="2" crap="2" count="119"/>
      <line num="18" type="stmt" count="119"/>
      <line num="19" type="stmt" count="119"/>
      <line num="20" type="stmt" count="119"/>
      <line num="35" type="method" name="config" visibility="public" complexity="1" crap="1" count="5"/>
      <line num="37" type="stmt" count="5"/>
      <line num="39" type="stmt" count="5"/>
      <line num="46" type="method" name="options" visibility="public" complexity="1" crap="1" count="119"/>
      <line num="48" type="stmt" count="119"/>
      <line num="50" type="stmt" count="119"/>
      <line num="56" type="method" name="getOptions" visibility="public" complexity="1" crap="1" count="4"/>
      <line num="58" type="stmt" count="4"/>
      <line num="64" type="method" name="getKeys" visibility="public" complexity="1" crap="1" count="3"/>
      <line num="66" type="stmt" count="3"/>
      <line num="68" type="stmt" count="3"/>
      <line num="69" type="stmt" count="3"/>
      <line num="70" type="stmt" count="3"/>
      <line num="71" type="stmt" count="3"/>
      <line num="72" type="stmt" count="3"/>
      <line num="73" type="stmt" count="3"/>
      <line num="80" type="method" name="validate" visibility="public" complexity="8" crap="13.04" count="2"/>
      <line num="82" type="stmt" count="2"/>
      <line num="83" type="stmt" count="2"/>
      <line num="84" type="stmt" count="0"/>
      <line num="86" type="stmt" count="2"/>
      <line num="88" type="stmt" count="2"/>
      <line num="89" type="stmt" count="1"/>
      <line num="92" type="stmt" count="2"/>
      <line num="93" type="stmt" count="2"/>
      <line num="96" type="stmt" count="0"/>
      <line num="97" type="stmt" count="0"/>
      <line num="99" type="stmt" count="0"/>
      <line num="100" type="stmt" count="0"/>
      <line num="102" type="stmt" count="0"/>
      <line num="106" type="stmt" count="2"/>
      <line num="112" type="method" name="getFilterPillValue" visibility="public" complexity="4" crap="20" count="0"/>
      <line num="114" type="stmt" count="0"/>
      <line num="115" type="stmt" count="0"/>
      <line num="116" type="stmt" count="0"/>
      <line num="117" type="stmt" count="0"/>
      <line num="119" type="stmt" count="0"/>
      <line num="120" type="stmt" count="0"/>
      <line num="125" type="stmt" count="0"/>
      <line num="127" type="stmt" count="0"/>
      <line num="133" type="method" name="isEmpty" visibility="public" complexity="1" crap="1" count="1"/>
      <line num="135" type="stmt" count="1"/>
      <line num="141" type="method" name="getDefaultValue" visibility="public" complexity="1" crap="1" count="119"/>
      <line num="143" type="stmt" count="119"/>
      <line num="149" type="method" name="render" visibility="public" complexity="1" crap="2" count="0"/>
      <line num="154" type="stmt" count="0"/>
      <line num="155" type="stmt" count="0"/>
      <line num="156" type="stmt" count="0"/>
      <line num="157" type="stmt" count="0"/>
      <metrics loc="160" ncloc="117" classes="1" methods="10" coveredmethods="7" conditionals="0" coveredconditionals="0" statements="43" coveredstatements="25" elements="53" coveredelements="32"/>
    </file>
    <metrics files="5" loc="535" ncloc="399" classes="5" methods="37" coveredmethods="27" conditionals="0" coveredconditionals="0" statements="134" coveredstatements="99" elements="171" coveredelements="126"/>
  </project>
</coverage>
