<?xml version="1.0" encoding="UTF-8"?>
<coverage generated="1681009755">
  <project timestamp="1681009755">
    <file name="/home/joe/laravel-packages/LaravelLivewireTablesAdvancedFilters/src/CustomFilter.php">
      <class name="LowerRockLabs\LaravelLivewireTablesAdvancedFilters\CustomFilter" namespace="global">
        <metrics complexity="17" methods="9" coveredmethods="0" conditionals="0" coveredconditionals="0" statements="28" coveredstatements="0" elements="37" coveredelements="0"/>
      </class>
      <line num="18" type="method" name="__construct" visibility="public" complexity="2" crap="6" count="0"/>
      <line num="20" type="stmt" count="0"/>
      <line num="27" type="method" name="options" visibility="public" complexity="1" crap="2" count="0"/>
      <line num="29" type="stmt" count="0"/>
      <line num="31" type="stmt" count="0"/>
      <line num="37" type="method" name="getOptions" visibility="public" complexity="1" crap="2" count="0"/>
      <line num="39" type="stmt" count="0"/>
      <line num="46" type="method" name="config" visibility="public" complexity="7" crap="56" count="0"/>
      <line num="48" type="stmt" count="0"/>
      <line num="49" type="stmt" count="0"/>
      <line num="50" type="stmt" count="0"/>
      <line num="51" type="stmt" count="0"/>
      <line num="52" type="stmt" count="0"/>
      <line num="54" type="stmt" count="0"/>
      <line num="55" type="stmt" count="0"/>
      <line num="56" type="stmt" count="0"/>
      <line num="58" type="stmt" count="0"/>
      <line num="59" type="stmt" count="0"/>
      <line num="66" type="stmt" count="0"/>
      <line num="68" type="stmt" count="0"/>
      <line num="69" type="stmt" count="0"/>
      <line num="71" type="stmt" count="0"/>
      <line num="72" type="stmt" count="0"/>
      <line num="75" type="stmt" count="0"/>
      <line num="82" type="method" name="validate" visibility="public" complexity="1" crap="2" count="0"/>
      <line num="84" type="stmt" count="0"/>
      <line num="90" type="method" name="isEmpty" visibility="public" complexity="1" crap="2" count="0"/>
      <line num="92" type="stmt" count="0"/>
      <line num="98" type="method" name="getFilterPillValue" visibility="public" complexity="1" crap="2" count="0"/>
      <line num="100" type="stmt" count="0"/>
      <line num="106" type="method" name="getDefaultValue" visibility="public" complexity="1" crap="2" count="0"/>
      <line num="108" type="stmt" count="0"/>
      <line num="114" type="method" name="render" visibility="public" complexity="2" crap="6" count="0"/>
      <line num="123" type="stmt" count="0"/>
      <line num="124" type="stmt" count="0"/>
      <line num="125" type="stmt" count="0"/>
      <line num="126" type="stmt" count="0"/>
      <metrics loc="129" ncloc="95" classes="1" methods="9" coveredmethods="0" conditionals="0" coveredconditionals="0" statements="28" coveredstatements="0" elements="37" coveredelements="0"/>
    </file>
    <file name="/home/joe/laravel-packages/LaravelLivewireTablesAdvancedFilters/src/DatePickerFilter.php">
      <class name="LowerRockLabs\LaravelLivewireTablesAdvancedFilters\DatePickerFilter" namespace="global">
        <metrics complexity="33" methods="9" coveredmethods="7" conditionals="0" coveredconditionals="0" statements="80" coveredstatements="69" elements="89" coveredelements="76"/>
      </class>
      <line num="18" type="method" name="__construct" visibility="public" complexity="2" crap="2" count="168"/>
      <line num="20" type="stmt" count="168"/>
      <line num="21" type="stmt" count="168"/>
      <line num="22" type="stmt" count="168"/>
      <line num="24" type="stmt" count="168"/>
      <line num="31" type="method" name="options" visibility="public" complexity="1" crap="1" count="1"/>
      <line num="33" type="stmt" count="1"/>
      <line num="35" type="stmt" count="1"/>
      <line num="41" type="method" name="getOptions" visibility="public" complexity="1" crap="1" count="1"/>
      <line num="43" type="stmt" count="1"/>
      <line num="50" type="method" name="config" visibility="public" complexity="7" crap="13.12" count="168"/>
      <line num="52" type="stmt" count="168"/>
      <line num="53" type="stmt" count="168"/>
      <line num="54" type="stmt" count="0"/>
      <line num="55" type="stmt" count="0"/>
      <line num="56" type="stmt" count="0"/>
      <line num="58" type="stmt" count="0"/>
      <line num="59" type="stmt" count="0"/>
      <line num="60" type="stmt" count="0"/>
      <line num="62" type="stmt" count="0"/>
      <line num="63" type="stmt" count="0"/>
      <line num="70" type="stmt" count="168"/>
      <line num="72" type="stmt" count="168"/>
      <line num="73" type="stmt" count="168"/>
      <line num="75" type="stmt" count="168"/>
      <line num="76" type="stmt" count="168"/>
      <line num="79" type="stmt" count="168"/>
      <line num="86" type="method" name="validate" visibility="public" complexity="13" crap="13.07" count="11"/>
      <line num="88" type="stmt" count="11"/>
      <line num="89" type="stmt" count="3"/>
      <line num="92" type="stmt" count="11"/>
      <line num="93" type="stmt" count="11"/>
      <line num="95" type="stmt" count="11"/>
      <line num="96" type="stmt" count="11"/>
      <line num="97" type="stmt" count="0"/>
      <line num="100" type="stmt" count="11"/>
      <line num="101" type="stmt" count="11"/>
      <line num="102" type="stmt" count="11"/>
      <line num="103" type="stmt" count="11"/>
      <line num="104" type="stmt" count="9"/>
      <line num="106" type="stmt" count="9"/>
      <line num="107" type="stmt" count="9"/>
      <line num="108" type="stmt" count="0"/>
      <line num="111" type="stmt" count="9"/>
      <line num="112" type="stmt" count="9"/>
      <line num="114" type="stmt" count="9"/>
      <line num="115" type="stmt" count="4"/>
      <line num="116" type="stmt" count="4"/>
      <line num="117" type="stmt" count="4"/>
      <line num="118" type="stmt" count="4"/>
      <line num="119" type="stmt" count="4"/>
      <line num="120" type="stmt" count="1"/>
      <line num="123" type="stmt" count="3"/>
      <line num="125" type="stmt" count="3"/>
      <line num="126" type="stmt" count="3"/>
      <line num="127" type="stmt" count="2"/>
      <line num="132" type="stmt" count="8"/>
      <line num="133" type="stmt" count="3"/>
      <line num="134" type="stmt" count="3"/>
      <line num="135" type="stmt" count="3"/>
      <line num="136" type="stmt" count="3"/>
      <line num="137" type="stmt" count="3"/>
      <line num="138" type="stmt" count="0"/>
      <line num="141" type="stmt" count="3"/>
      <line num="143" type="stmt" count="3"/>
      <line num="144" type="stmt" count="3"/>
      <line num="145" type="stmt" count="2"/>
      <line num="150" type="stmt" count="8"/>
      <line num="156" type="method" name="isEmpty" visibility="public" complexity="3" crap="3" count="168"/>
      <line num="158" type="stmt" count="168"/>
      <line num="159" type="stmt" count="168"/>
      <line num="161" type="stmt" count="4"/>
      <line num="168" type="method" name="getFilterPillValue" visibility="public" complexity="3" crap="3" count="2"/>
      <line num="170" type="stmt" count="2"/>
      <line num="172" type="stmt" count="2"/>
      <line num="173" type="stmt" count="2"/>
      <line num="174" type="stmt" count="2"/>
      <line num="176" type="stmt" count="2"/>
      <line num="178" type="stmt" count="2"/>
      <line num="179" type="stmt" count="2"/>
      <line num="183" type="stmt" count="2"/>
      <line num="189" type="method" name="getDefaultValue" visibility="public" complexity="1" crap="1" count="168"/>
      <line num="191" type="stmt" count="168"/>
      <line num="197" type="method" name="render" visibility="public" complexity="2" crap="2" count="12"/>
      <line num="206" type="stmt" count="12"/>
      <line num="207" type="stmt" count="12"/>
      <line num="208" type="stmt" count="12"/>
      <line num="209" type="stmt" count="12"/>
      <line num="210" type="stmt" count="12"/>
      <metrics loc="213" ncloc="179" classes="1" methods="9" coveredmethods="7" conditionals="0" coveredconditionals="0" statements="80" coveredstatements="69" elements="89" coveredelements="76"/>
    </file>
    <file name="/home/joe/laravel-packages/LaravelLivewireTablesAdvancedFilters/src/DateRangeFilter.php">
      <class name="LowerRockLabs\LaravelLivewireTablesAdvancedFilters\DateRangeFilter" namespace="global">
        <metrics complexity="58" methods="10" coveredmethods="8" conditionals="0" coveredconditionals="0" statements="102" coveredstatements="93" elements="112" coveredelements="101"/>
      </class>
      <line num="18" type="method" name="__construct" visibility="public" complexity="2" crap="2" count="168"/>
      <line num="20" type="stmt" count="168"/>
      <line num="21" type="stmt" count="168"/>
      <line num="22" type="stmt" count="168"/>
      <line num="24" type="stmt" count="168"/>
      <line num="30" type="method" name="getKeys" visibility="public" complexity="1" crap="1" count="1"/>
      <line num="32" type="stmt" count="1"/>
      <line num="39" type="method" name="options" visibility="public" complexity="3" crap="3" count="10"/>
      <line num="41" type="stmt" count="10"/>
      <line num="42" type="stmt" count="10"/>
      <line num="43" type="stmt" count="9"/>
      <line num="48" type="stmt" count="10"/>
      <line num="54" type="method" name="getOptions" visibility="public" complexity="1" crap="1" count="14"/>
      <line num="56" type="stmt" count="14"/>
      <line num="63" type="method" name="config" visibility="public" complexity="7" crap="13.12" count="168"/>
      <line num="65" type="stmt" count="168"/>
      <line num="66" type="stmt" count="168"/>
      <line num="67" type="stmt" count="0"/>
      <line num="68" type="stmt" count="0"/>
      <line num="69" type="stmt" count="0"/>
      <line num="71" type="stmt" count="0"/>
      <line num="72" type="stmt" count="0"/>
      <line num="73" type="stmt" count="0"/>
      <line num="75" type="stmt" count="0"/>
      <line num="76" type="stmt" count="0"/>
      <line num="83" type="stmt" count="168"/>
      <line num="85" type="stmt" count="168"/>
      <line num="86" type="stmt" count="168"/>
      <line num="88" type="stmt" count="168"/>
      <line num="89" type="stmt" count="168"/>
      <line num="92" type="stmt" count="168"/>
      <line num="99" type="method" name="validate" visibility="public" complexity="31" crap="31" count="13"/>
      <line num="101" type="stmt" count="13"/>
      <line num="102" type="stmt" count="13"/>
      <line num="103" type="stmt" count="12"/>
      <line num="104" type="stmt" count="1"/>
      <line num="105" type="stmt" count="1"/>
      <line num="106" type="stmt" count="1"/>
      <line num="108" type="stmt" count="1"/>
      <line num="109" type="stmt" count="1"/>
      <line num="113" type="stmt" count="11"/>
      <line num="114" type="stmt" count="12"/>
      <line num="117" type="stmt" count="1"/>
      <line num="118" type="stmt" count="1"/>
      <line num="119" type="stmt" count="1"/>
      <line num="122" type="stmt" count="13"/>
      <line num="123" type="stmt" count="1"/>
      <line num="125" type="stmt" count="13"/>
      <line num="127" type="stmt" count="13"/>
      <line num="128" type="stmt" count="13"/>
      <line num="129" type="stmt" count="13"/>
      <line num="130" type="stmt" count="13"/>
      <line num="131" type="stmt" count="13"/>
      <line num="132" type="stmt" count="7"/>
      <line num="134" type="stmt" count="10"/>
      <line num="135" type="stmt" count="10"/>
      <line num="137" type="stmt" count="10"/>
      <line num="138" type="stmt" count="0"/>
      <line num="140" type="stmt" count="10"/>
      <line num="141" type="stmt" count="3"/>
      <line num="144" type="stmt" count="10"/>
      <line num="145" type="stmt" count="10"/>
      <line num="147" type="stmt" count="10"/>
      <line num="148" type="stmt" count="5"/>
      <line num="149" type="stmt" count="5"/>
      <line num="150" type="stmt" count="5"/>
      <line num="151" type="stmt" count="5"/>
      <line num="152" type="stmt" count="5"/>
      <line num="153" type="stmt" count="5"/>
      <line num="154" type="stmt" count="5"/>
      <line num="155" type="stmt" count="5"/>
      <line num="157" type="stmt" count="5"/>
      <line num="158" type="stmt" count="5"/>
      <line num="159" type="stmt" count="3"/>
      <line num="162" type="stmt" count="5"/>
      <line num="163" type="stmt" count="5"/>
      <line num="164" type="stmt" count="3"/>
      <line num="170" type="stmt" count="10"/>
      <line num="176" type="method" name="getDefaultValue" visibility="public" complexity="1" crap="1" count="168"/>
      <line num="178" type="stmt" count="168"/>
      <line num="184" type="method" name="getFilterPillValue" visibility="public" complexity="4" crap="4" count="4"/>
      <line num="186" type="stmt" count="4"/>
      <line num="187" type="stmt" count="4"/>
      <line num="189" type="stmt" count="4"/>
      <line num="190" type="stmt" count="3"/>
      <line num="191" type="stmt" count="3"/>
      <line num="193" type="stmt" count="3"/>
      <line num="194" type="stmt" count="3"/>
      <line num="196" type="stmt" count="3"/>
      <line num="197" type="stmt" count="3"/>
      <line num="198" type="stmt" count="3"/>
      <line num="200" type="stmt" count="3"/>
      <line num="204" type="stmt" count="3"/>
      <line num="210" type="method" name="isEmpty" visibility="public" complexity="6" crap="6" count="168"/>
      <line num="212" type="stmt" count="168"/>
      <line num="213" type="stmt" count="168"/>
      <line num="214" type="stmt" count="168"/>
      <line num="215" type="stmt" count="168"/>
      <line num="216" type="stmt" count="1"/>
      <line num="218" type="stmt" count="168"/>
      <line num="221" type="stmt" count="1"/>
      <line num="222" type="stmt" count="1"/>
      <line num="224" type="stmt" count="1"/>
      <line num="227" type="stmt" count="1"/>
      <line num="230" type="stmt" count="1"/>
      <line num="233" type="stmt" count="1"/>
      <line num="239" type="method" name="render" visibility="public" complexity="2" crap="2" count="12"/>
      <line num="248" type="stmt" count="12"/>
      <line num="249" type="stmt" count="12"/>
      <line num="250" type="stmt" count="12"/>
      <line num="251" type="stmt" count="12"/>
      <line num="252" type="stmt" count="12"/>
      <metrics loc="255" ncloc="217" classes="1" methods="10" coveredmethods="8" conditionals="0" coveredconditionals="0" statements="102" coveredstatements="93" elements="112" coveredelements="101"/>
    </file>
    <file name="/home/joe/laravel-packages/LaravelLivewireTablesAdvancedFilters/src/LaravelLivewireTablesAdvancedFiltersServiceProvider.php">
      <class name="LowerRockLabs\LaravelLivewireTablesAdvancedFilters\LaravelLivewireTablesAdvancedFiltersServiceProvider" namespace="global">
        <metrics complexity="3" methods="2" coveredmethods="2" conditionals="0" coveredconditionals="0" statements="20" coveredstatements="20" elements="22" coveredelements="22"/>
      </class>
      <line num="12" type="method" name="boot" visibility="public" complexity="2" crap="2" count="323"/>
      <line num="17" type="stmt" count="323"/>
      <line num="18" type="stmt" count="323"/>
      <line num="19" type="stmt" count="323"/>
      <line num="20" type="stmt" count="323"/>
      <line num="21" type="stmt" count="323"/>
      <line num="23" type="stmt" count="323"/>
      <line num="24" type="stmt" count="323"/>
      <line num="26" type="stmt" count="323"/>
      <line num="27" type="stmt" count="323"/>
      <line num="28" type="stmt" count="323"/>
      <line num="30" type="stmt" count="323"/>
      <line num="31" type="stmt" count="323"/>
      <line num="32" type="stmt" count="323"/>
      <line num="34" type="stmt" count="323"/>
      <line num="35" type="stmt" count="323"/>
      <line num="36" type="stmt" count="323"/>
      <line num="38" type="stmt" count="323"/>
      <line num="39" type="stmt" count="323"/>
      <line num="40" type="stmt" count="323"/>
      <line num="47" type="method" name="register" visibility="public" complexity="1" crap="1" count="323"/>
      <line num="49" type="stmt" count="323"/>
      <metrics loc="52" ncloc="43" classes="1" methods="2" coveredmethods="2" conditionals="0" coveredconditionals="0" statements="20" coveredstatements="20" elements="22" coveredelements="22"/>
    </file>
    <file name="/home/joe/laravel-packages/LaravelLivewireTablesAdvancedFilters/src/NumberRangeFilter.php">
      <class name="LowerRockLabs\LaravelLivewireTablesAdvancedFilters\NumberRangeFilter" namespace="global">
        <metrics complexity="51" methods="9" coveredmethods="7" conditionals="0" coveredconditionals="0" statements="70" coveredstatements="61" elements="79" coveredelements="68"/>
      </class>
      <line num="18" type="method" name="__construct" visibility="public" complexity="2" crap="2" count="168"/>
      <line num="20" type="stmt" count="168"/>
      <line num="21" type="stmt" count="168"/>
      <line num="22" type="stmt" count="168"/>
      <line num="24" type="stmt" count="168"/>
      <line num="31" type="method" name="options" visibility="public" complexity="1" crap="1" count="168"/>
      <line num="33" type="stmt" count="168"/>
      <line num="35" type="stmt" count="168"/>
      <line num="41" type="method" name="getOptions" visibility="public" complexity="1" crap="1" count="1"/>
      <line num="43" type="stmt" count="1"/>
      <line num="50" type="method" name="config" visibility="public" complexity="7" crap="13.12" count="12"/>
      <line num="52" type="stmt" count="12"/>
      <line num="53" type="stmt" count="12"/>
      <line num="54" type="stmt" count="0"/>
      <line num="55" type="stmt" count="0"/>
      <line num="56" type="stmt" count="0"/>
      <line num="58" type="stmt" count="0"/>
      <line num="59" type="stmt" count="0"/>
      <line num="60" type="stmt" count="0"/>
      <line num="62" type="stmt" count="0"/>
      <line num="63" type="stmt" count="0"/>
      <line num="70" type="stmt" count="12"/>
      <line num="72" type="stmt" count="12"/>
      <line num="73" type="stmt" count="12"/>
      <line num="75" type="stmt" count="12"/>
      <line num="76" type="stmt" count="12"/>
      <line num="79" type="stmt" count="12"/>
      <line num="86" type="method" name="validate" visibility="public" complexity="27" crap="27" count="12"/>
      <line num="88" type="stmt" count="12"/>
      <line num="89" type="stmt" count="1"/>
      <line num="90" type="stmt" count="1"/>
      <line num="92" type="stmt" count="1"/>
      <line num="93" type="stmt" count="1"/>
      <line num="94" type="stmt" count="1"/>
      <line num="97" type="stmt" count="12"/>
      <line num="98" type="stmt" count="2"/>
      <line num="101" type="stmt" count="12"/>
      <line num="102" type="stmt" count="0"/>
      <line num="105" type="stmt" count="12"/>
      <line num="106" type="stmt" count="2"/>
      <line num="109" type="stmt" count="12"/>
      <line num="110" type="stmt" count="7"/>
      <line num="113" type="stmt" count="12"/>
      <line num="114" type="stmt" count="3"/>
      <line num="117" type="stmt" count="12"/>
      <line num="118" type="stmt" count="12"/>
      <line num="120" type="stmt" count="12"/>
      <line num="121" type="stmt" count="12"/>
      <line num="123" type="stmt" count="12"/>
      <line num="124" type="stmt" count="4"/>
      <line num="125" type="stmt" count="4"/>
      <line num="126" type="stmt" count="4"/>
      <line num="127" type="stmt" count="4"/>
      <line num="128" type="stmt" count="4"/>
      <line num="131" type="stmt" count="12"/>
      <line num="132" type="stmt" count="4"/>
      <line num="135" type="stmt" count="12"/>
      <line num="141" type="method" name="isEmpty" visibility="public" complexity="8" crap="8" count="168"/>
      <line num="143" type="stmt" count="168"/>
      <line num="144" type="stmt" count="1"/>
      <line num="146" type="stmt" count="168"/>
      <line num="147" type="stmt" count="168"/>
      <line num="150" type="stmt" count="3"/>
      <line num="151" type="stmt" count="1"/>
      <line num="153" type="stmt" count="3"/>
      <line num="154" type="stmt" count="1"/>
      <line num="158" type="stmt" count="3"/>
      <line num="164" type="method" name="getDefaultValue" visibility="public" complexity="1" crap="1" count="168"/>
      <line num="166" type="stmt" count="168"/>
      <line num="172" type="method" name="getFilterPillValue" visibility="public" complexity="2" crap="2" count="1"/>
      <line num="174" type="stmt" count="1"/>
      <line num="175" type="stmt" count="1"/>
      <line num="178" type="stmt" count="1"/>
      <line num="184" type="method" name="render" visibility="public" complexity="2" crap="2" count="12"/>
      <line num="199" type="stmt" count="12"/>
      <line num="200" type="stmt" count="12"/>
      <line num="201" type="stmt" count="12"/>
      <line num="202" type="stmt" count="12"/>
      <line num="203" type="stmt" count="12"/>
      <metrics loc="206" ncloc="167" classes="1" methods="9" coveredmethods="7" conditionals="0" coveredconditionals="0" statements="70" coveredstatements="61" elements="79" coveredelements="68"/>
    </file>
    <file name="/home/joe/laravel-packages/LaravelLivewireTablesAdvancedFilters/src/SlimSelectFilter.php">
      <class name="LowerRockLabs\LaravelLivewireTablesAdvancedFilters\SlimSelectFilter" namespace="global">
        <metrics complexity="18" methods="10" coveredmethods="9" conditionals="0" coveredconditionals="0" statements="33" coveredstatements="25" elements="43" coveredelements="34"/>
      </class>
      <line num="23" type="method" name="__construct" visibility="public" complexity="2" crap="2" count="168"/>
      <line num="25" type="stmt" count="168"/>
      <line num="26" type="stmt" count="168"/>
      <line num="27" type="stmt" count="168"/>
      <line num="34" type="method" name="config" visibility="public" complexity="7" crap="13.12" count="4"/>
      <line num="36" type="stmt" count="4"/>
      <line num="37" type="stmt" count="4"/>
      <line num="38" type="stmt" count="0"/>
      <line num="39" type="stmt" count="0"/>
      <line num="40" type="stmt" count="0"/>
      <line num="42" type="stmt" count="0"/>
      <line num="43" type="stmt" count="0"/>
      <line num="44" type="stmt" count="0"/>
      <line num="46" type="stmt" count="0"/>
      <line num="47" type="stmt" count="0"/>
      <line num="54" type="stmt" count="4"/>
      <line num="56" type="stmt" count="4"/>
      <line num="57" type="stmt" count="4"/>
      <line num="59" type="stmt" count="4"/>
      <line num="60" type="stmt" count="4"/>
      <line num="63" type="stmt" count="4"/>
      <line num="70" type="method" name="options" visibility="public" complexity="1" crap="1" count="168"/>
      <line num="72" type="stmt" count="168"/>
      <line num="74" type="stmt" count="168"/>
      <line num="80" type="method" name="getOptions" visibility="public" complexity="1" crap="1" count="15"/>
      <line num="82" type="stmt" count="15"/>
      <line num="88" type="method" name="getKeys" visibility="public" complexity="1" crap="1" count="1"/>
      <line num="90" type="stmt" count="1"/>
      <line num="97" type="method" name="validate" visibility="public" complexity="1" crap="1" count="5"/>
      <line num="103" type="stmt" count="5"/>
      <line num="109" type="method" name="getFilterPillValue" visibility="public" complexity="1" crap="1" count="1"/>
      <line num="111" type="stmt" count="1"/>
      <line num="113" type="stmt" count="1"/>
      <line num="119" type="method" name="isEmpty" visibility="public" complexity="1" crap="1" count="168"/>
      <line num="121" type="stmt" count="168"/>
      <line num="127" type="method" name="getDefaultValue" visibility="public" complexity="1" crap="1" count="168"/>
      <line num="129" type="stmt" count="168"/>
      <line num="135" type="method" name="render" visibility="public" complexity="2" crap="2" count="12"/>
      <line num="143" type="stmt" count="12"/>
      <line num="144" type="stmt" count="12"/>
      <line num="145" type="stmt" count="12"/>
      <line num="146" type="stmt" count="12"/>
      <line num="147" type="stmt" count="12"/>
      <metrics loc="150" ncloc="108" classes="1" methods="10" coveredmethods="9" conditionals="0" coveredconditionals="0" statements="33" coveredstatements="25" elements="43" coveredelements="34"/>
    </file>
    <file name="/home/joe/laravel-packages/LaravelLivewireTablesAdvancedFilters/src/SmartSelectFilter.php">
      <class name="LowerRockLabs\LaravelLivewireTablesAdvancedFilters\SmartSelectFilter" namespace="global">
        <metrics complexity="54" methods="13" coveredmethods="10" conditionals="0" coveredconditionals="0" statements="96" coveredstatements="79" elements="109" coveredelements="89"/>
      </class>
      <line num="23" type="method" name="__construct" visibility="public" complexity="2" crap="2" count="197"/>
      <line num="25" type="stmt" count="197"/>
      <line num="26" type="stmt" count="197"/>
      <line num="27" type="stmt" count="197"/>
      <line num="34" type="method" name="config" visibility="public" complexity="7" crap="13.12" count="26"/>
      <line num="36" type="stmt" count="26"/>
      <line num="37" type="stmt" count="26"/>
      <line num="38" type="stmt" count="0"/>
      <line num="39" type="stmt" count="0"/>
      <line num="40" type="stmt" count="0"/>
      <line num="42" type="stmt" count="0"/>
      <line num="43" type="stmt" count="0"/>
      <line num="44" type="stmt" count="0"/>
      <line num="46" type="stmt" count="0"/>
      <line num="47" type="stmt" count="0"/>
      <line num="54" type="stmt" count="26"/>
      <line num="56" type="stmt" count="26"/>
      <line num="57" type="stmt" count="26"/>
      <line num="59" type="stmt" count="26"/>
      <line num="60" type="stmt" count="26"/>
      <line num="63" type="stmt" count="26"/>
      <line num="70" type="method" name="options" visibility="public" complexity="1" crap="1" count="197"/>
      <line num="72" type="stmt" count="197"/>
      <line num="74" type="stmt" count="197"/>
      <line num="83" type="method" name="setIconStyling" visibility="public" complexity="9" crap="9" count="1"/>
      <line num="86" type="stmt" count="1"/>
      <line num="87" type="stmt" count="1"/>
      <line num="88" type="stmt" count="1"/>
      <line num="89" type="stmt" count="1"/>
      <line num="91" type="stmt" count="1"/>
      <line num="92" type="stmt" count="1"/>
      <line num="95" type="stmt" count="1"/>
      <line num="96" type="stmt" count="1"/>
      <line num="97" type="stmt" count="1"/>
      <line num="98" type="stmt" count="1"/>
      <line num="100" type="stmt" count="1"/>
      <line num="101" type="stmt" count="1"/>
      <line num="105" type="stmt" count="1"/>
      <line num="111" type="method" name="getOptions" visibility="public" complexity="1" crap="1" count="23"/>
      <line num="113" type="stmt" count="23"/>
      <line num="119" type="method" name="getKeys" visibility="public" complexity="1" crap="1" count="7"/>
      <line num="121" type="stmt" count="7"/>
      <line num="128" type="method" name="validate" visibility="public" complexity="8" crap="8" count="8"/>
      <line num="130" type="stmt" count="8"/>
      <line num="131" type="stmt" count="4"/>
      <line num="132" type="stmt" count="1"/>
      <line num="136" type="stmt" count="3"/>
      <line num="138" type="stmt" count="3"/>
      <line num="139" type="stmt" count="3"/>
      <line num="141" type="stmt" count="1"/>
      <line num="143" type="stmt" count="1"/>
      <line num="147" type="stmt" count="3"/>
      <line num="148" type="stmt" count="3"/>
      <line num="151" type="stmt" count="4"/>
      <line num="152" type="stmt" count="1"/>
      <line num="154" type="stmt" count="3"/>
      <line num="155" type="stmt" count="1"/>
      <line num="156" type="stmt" count="1"/>
      <line num="157" type="stmt" count="1"/>
      <line num="159" type="stmt" count="2"/>
      <line num="163" type="stmt" count="4"/>
      <line num="169" type="method" name="getFilterPillValue" visibility="public" complexity="5" crap="5.12" count="3"/>
      <line num="171" type="stmt" count="3"/>
      <line num="172" type="stmt" count="3"/>
      <line num="173" type="stmt" count="3"/>
      <line num="174" type="stmt" count="3"/>
      <line num="177" type="stmt" count="0"/>
      <line num="180" type="stmt" count="3"/>
      <line num="187" type="method" name="generatePillArray" visibility="public" complexity="12" crap="19.96" count="3"/>
      <line num="189" type="stmt" count="3"/>
      <line num="190" type="stmt" count="3"/>
      <line num="191" type="stmt" count="3"/>
      <line num="192" type="stmt" count="3"/>
      <line num="193" type="stmt" count="3"/>
      <line num="194" type="stmt" count="3"/>
      <line num="195" type="stmt" count="0"/>
      <line num="196" type="stmt" count="0"/>
      <line num="197" type="stmt" count="0"/>
      <line num="198" type="stmt" count="0"/>
      <line num="201" type="stmt" count="3"/>
      <line num="203" type="stmt" count="3"/>
      <line num="204" type="stmt" count="0"/>
      <line num="205" type="stmt" count="0"/>
      <line num="207" type="stmt" count="0"/>
      <line num="208" type="stmt" count="0"/>
      <line num="211" type="stmt" count="3"/>
      <line num="212" type="stmt" count="3"/>
      <line num="216" type="stmt" count="1"/>
      <line num="217" type="stmt" count="1"/>
      <line num="220" type="stmt" count="3"/>
      <line num="238" type="method" name="isEmpty" visibility="public" complexity="1" crap="1" count="197"/>
      <line num="240" type="stmt" count="197"/>
      <line num="246" type="method" name="getDefaultValue" visibility="public" complexity="1" crap="1" count="197"/>
      <line num="248" type="stmt" count="197"/>
      <line num="255" type="method" name="getFullSelectedList" visibility="public" complexity="3" crap="3" count="13"/>
      <line num="257" type="stmt" count="13"/>
      <line num="258" type="stmt" count="13"/>
      <line num="259" type="stmt" count="1"/>
      <line num="261" type="stmt" count="13"/>
      <line num="262" type="stmt" count="1"/>
      <line num="264" type="stmt" count="12"/>
      <line num="271" type="method" name="render" visibility="public" complexity="3" crap="3" count="12"/>
      <line num="286" type="stmt" count="12"/>
      <line num="287" type="stmt" count="12"/>
      <line num="290" type="stmt" count="12"/>
      <line num="291" type="stmt" count="12"/>
      <line num="292" type="stmt" count="12"/>
      <line num="293" type="stmt" count="12"/>
      <line num="294" type="stmt" count="12"/>
      <metrics loc="297" ncloc="223" classes="1" methods="13" coveredmethods="10" conditionals="0" coveredconditionals="0" statements="96" coveredstatements="79" elements="109" coveredelements="89"/>
    </file>
    <metrics files="7" loc="1302" ncloc="1032" classes="7" methods="62" coveredmethods="43" conditionals="0" coveredconditionals="0" statements="429" coveredstatements="347" elements="491" coveredelements="390"/>
  </project>
</coverage>
