<?xml version="1.0" encoding="UTF-8"?>
<testsuites>
  <testsuite name="" tests="274" assertions="654" errors="0" warnings="0" failures="0" skipped="0" time="15.267358">
    <testsuite name="LaravelLivewireTablesAdvancedFilters Test Suite" tests="274" assertions="654" errors="0" warnings="0" failures="0" skipped="0" time="15.267358">
      <testsuite name="LowerRockLabs\LaravelLivewireTablesAdvancedFilters\Tests\Views\ComponentColumnTest" file="/home/joe/awscandc/laraveladvancedtest/LaravelLivewireTablesAdvancedFilters/tests/Views/ComponentColumnTest.php" tests="3" assertions="3" errors="0" warnings="0" failures="0" skipped="0" time="0.222435">
        <testcase name="component_column_component_view_has_to_be_set" class="LowerRockLabs\LaravelLivewireTablesAdvancedFilters\Tests\Views\ComponentColumnTest" classname="LowerRockLabs.LaravelLivewireTablesAdvancedFilters.Tests.Views.ComponentColumnTest" file="/home/joe/awscandc/laraveladvancedtest/LaravelLivewireTablesAdvancedFilters/tests/Views/ComponentColumnTest.php" line="30" assertions="1" time="0.167793"/>
        <testcase name="component_column_component_has_to_be_an_string" class="LowerRockLabs\LaravelLivewireTablesAdvancedFilters\Tests\Views\ComponentColumnTest" classname="LowerRockLabs.LaravelLivewireTablesAdvancedFilters.Tests.Views.ComponentColumnTest" file="/home/joe/awscandc/laraveladvancedtest/LaravelLivewireTablesAdvancedFilters/tests/Views/ComponentColumnTest.php" line="22" assertions="1" time="0.026771"/>
        <testcase name="component_column_attributes_callback_return_can_not_be_an_string" class="LowerRockLabs\LaravelLivewireTablesAdvancedFilters\Tests\Views\ComponentColumnTest" classname="LowerRockLabs.LaravelLivewireTablesAdvancedFilters.Tests.Views.ComponentColumnTest" file="/home/joe/awscandc/laraveladvancedtest/LaravelLivewireTablesAdvancedFilters/tests/Views/ComponentColumnTest.php" line="13" assertions="1" time="0.027872"/>
      </testsuite>
      <testsuite name="LowerRockLabs\LaravelLivewireTablesAdvancedFilters\Tests\Views\Traits\Configuration\DateRangeFilterConfigurationTest" file="/home/joe/awscandc/laraveladvancedtest/LaravelLivewireTablesAdvancedFilters/tests/Views/Traits/Configuration/DateRangeFilterConfigurationTest.php" tests="7" assertions="21" errors="0" warnings="0" failures="0" skipped="0" time="0.242051">
        <testcase name="filter_is_not_reset_by_clear_button" class="LowerRockLabs\LaravelLivewireTablesAdvancedFilters\Tests\Views\Traits\Configuration\DateRangeFilterConfigurationTest" classname="LowerRockLabs.LaravelLivewireTablesAdvancedFilters.Tests.Views.Traits.Configuration.DateRangeFilterConfigurationTest" file="/home/joe/awscandc/laraveladvancedtest/LaravelLivewireTablesAdvancedFilters/tests/Views/Traits/Configuration/DateRangeFilterConfigurationTest.php" line="107" assertions="2" time="0.030280"/>
        <testcase name="can_be_hidden_from_all" class="LowerRockLabs\LaravelLivewireTablesAdvancedFilters\Tests\Views\Traits\Configuration\DateRangeFilterConfigurationTest" classname="LowerRockLabs.LaravelLivewireTablesAdvancedFilters.Tests.Views.Traits.Configuration.DateRangeFilterConfigurationTest" file="/home/joe/awscandc/laraveladvancedtest/LaravelLivewireTablesAdvancedFilters/tests/Views/Traits/Configuration/DateRangeFilterConfigurationTest.php" line="119" assertions="8" time="0.030889"/>
        <testcase name="can_hide_filter_from_pills" class="LowerRockLabs\LaravelLivewireTablesAdvancedFilters\Tests\Views\Traits\Configuration\DateRangeFilterConfigurationTest" classname="LowerRockLabs.LaravelLivewireTablesAdvancedFilters.Tests.Views.Traits.Configuration.DateRangeFilterConfigurationTest" file="/home/joe/awscandc/laraveladvancedtest/LaravelLivewireTablesAdvancedFilters/tests/Views/Traits/Configuration/DateRangeFilterConfigurationTest.php" line="83" assertions="2" time="0.036846"/>
        <testcase name="filter_config_can_be_set" class="LowerRockLabs\LaravelLivewireTablesAdvancedFilters\Tests\Views\Traits\Configuration\DateRangeFilterConfigurationTest" classname="LowerRockLabs.LaravelLivewireTablesAdvancedFilters.Tests.Views.Traits.Configuration.DateRangeFilterConfigurationTest" file="/home/joe/awscandc/laraveladvancedtest/LaravelLivewireTablesAdvancedFilters/tests/Views/Traits/Configuration/DateRangeFilterConfigurationTest.php" line="11" assertions="3" time="0.035444"/>
        <testcase name="can_hide_filter_from_filter_count" class="LowerRockLabs\LaravelLivewireTablesAdvancedFilters\Tests\Views\Traits\Configuration\DateRangeFilterConfigurationTest" classname="LowerRockLabs.LaravelLivewireTablesAdvancedFilters.Tests.Views.Traits.Configuration.DateRangeFilterConfigurationTest" file="/home/joe/awscandc/laraveladvancedtest/LaravelLivewireTablesAdvancedFilters/tests/Views/Traits/Configuration/DateRangeFilterConfigurationTest.php" line="95" assertions="2" time="0.036243"/>
        <testcase name="filter_pill_title_can_be_set" class="LowerRockLabs\LaravelLivewireTablesAdvancedFilters\Tests\Views\Traits\Configuration\DateRangeFilterConfigurationTest" classname="LowerRockLabs.LaravelLivewireTablesAdvancedFilters.Tests.Views.Traits.Configuration.DateRangeFilterConfigurationTest" file="/home/joe/awscandc/laraveladvancedtest/LaravelLivewireTablesAdvancedFilters/tests/Views/Traits/Configuration/DateRangeFilterConfigurationTest.php" line="28" assertions="2" time="0.036694"/>
        <testcase name="can_hide_filter_from_menus" class="LowerRockLabs\LaravelLivewireTablesAdvancedFilters\Tests\Views\Traits\Configuration\DateRangeFilterConfigurationTest" classname="LowerRockLabs.LaravelLivewireTablesAdvancedFilters.Tests.Views.Traits.Configuration.DateRangeFilterConfigurationTest" file="/home/joe/awscandc/laraveladvancedtest/LaravelLivewireTablesAdvancedFilters/tests/Views/Traits/Configuration/DateRangeFilterConfigurationTest.php" line="71" assertions="2" time="0.035655"/>
      </testsuite>
      <testsuite name="LowerRockLabs\LaravelLivewireTablesAdvancedFilters\Tests\Traits\Helpers\FilterHelpersTest" file="/home/joe/awscandc/laraveladvancedtest/LaravelLivewireTablesAdvancedFilters/tests/Traits/Helpers/FilterHelpersTest.php" tests="16" assertions="35" errors="0" warnings="0" failures="0" skipped="0" time="0.648756">
        <testcase name="can_set_filter_value" class="LowerRockLabs\LaravelLivewireTablesAdvancedFilters\Tests\Traits\Helpers\FilterHelpersTest" classname="LowerRockLabs.LaravelLivewireTablesAdvancedFilters.Tests.Traits.Helpers.FilterHelpersTest" file="/home/joe/awscandc/laraveladvancedtest/LaravelLivewireTablesAdvancedFilters/tests/Traits/Helpers/FilterHelpersTest.php" line="85" assertions="2" time="0.041297"/>
        <testcase name="can_get_filters_status" class="LowerRockLabs\LaravelLivewireTablesAdvancedFilters\Tests\Traits\Helpers\FilterHelpersTest" classname="LowerRockLabs.LaravelLivewireTablesAdvancedFilters.Tests.Traits.Helpers.FilterHelpersTest" file="/home/joe/awscandc/laraveladvancedtest/LaravelLivewireTablesAdvancedFilters/tests/Traits/Helpers/FilterHelpersTest.php" line="12" assertions="3" time="0.033498"/>
        <testcase name="can_get_filter_pills_status" class="LowerRockLabs\LaravelLivewireTablesAdvancedFilters\Tests\Traits\Helpers\FilterHelpersTest" classname="LowerRockLabs.LaravelLivewireTablesAdvancedFilters.Tests.Traits.Helpers.FilterHelpersTest" file="/home/joe/awscandc/laraveladvancedtest/LaravelLivewireTablesAdvancedFilters/tests/Traits/Helpers/FilterHelpersTest.php" line="40" assertions="3" time="0.034887"/>
        <testcase name="can_check_if_component_has_filters" class="LowerRockLabs\LaravelLivewireTablesAdvancedFilters\Tests\Traits\Helpers\FilterHelpersTest" classname="LowerRockLabs.LaravelLivewireTablesAdvancedFilters.Tests.Traits.Helpers.FilterHelpersTest" file="/home/joe/awscandc/laraveladvancedtest/LaravelLivewireTablesAdvancedFilters/tests/Traits/Helpers/FilterHelpersTest.php" line="54" assertions="1" time="0.038968"/>
        <testcase name="can_select_all_filter_options" class="LowerRockLabs\LaravelLivewireTablesAdvancedFilters\Tests\Traits\Helpers\FilterHelpersTest" classname="LowerRockLabs.LaravelLivewireTablesAdvancedFilters.Tests.Traits.Helpers.FilterHelpersTest" file="/home/joe/awscandc/laraveladvancedtest/LaravelLivewireTablesAdvancedFilters/tests/Traits/Helpers/FilterHelpersTest.php" line="99" assertions="1" time="0.043224"/>
        <testcase name="can_check_if_filter_layout_is_slidedown" class="LowerRockLabs\LaravelLivewireTablesAdvancedFilters\Tests\Traits\Helpers\FilterHelpersTest" classname="LowerRockLabs.LaravelLivewireTablesAdvancedFilters.Tests.Traits.Helpers.FilterHelpersTest" file="/home/joe/awscandc/laraveladvancedtest/LaravelLivewireTablesAdvancedFilters/tests/Traits/Helpers/FilterHelpersTest.php" line="188" assertions="2" time="0.035364"/>
        <testcase name="can_get_component_filters" class="LowerRockLabs\LaravelLivewireTablesAdvancedFilters\Tests\Traits\Helpers\FilterHelpersTest" classname="LowerRockLabs.LaravelLivewireTablesAdvancedFilters.Tests.Traits.Helpers.FilterHelpersTest" file="/home/joe/awscandc/laraveladvancedtest/LaravelLivewireTablesAdvancedFilters/tests/Traits/Helpers/FilterHelpersTest.php" line="60" assertions="2" time="0.041453"/>
        <testcase name="can_get_component_filter_count" class="LowerRockLabs\LaravelLivewireTablesAdvancedFilters\Tests\Traits\Helpers\FilterHelpersTest" classname="LowerRockLabs.LaravelLivewireTablesAdvancedFilters.Tests.Traits.Helpers.FilterHelpersTest" file="/home/joe/awscandc/laraveladvancedtest/LaravelLivewireTablesAdvancedFilters/tests/Traits/Helpers/FilterHelpersTest.php" line="67" assertions="1" time="0.038430"/>
        <testcase name="can_get_component_filter_by_key" class="LowerRockLabs\LaravelLivewireTablesAdvancedFilters\Tests\Traits\Helpers\FilterHelpersTest" classname="LowerRockLabs.LaravelLivewireTablesAdvancedFilters.Tests.Traits.Helpers.FilterHelpersTest" file="/home/joe/awscandc/laraveladvancedtest/LaravelLivewireTablesAdvancedFilters/tests/Traits/Helpers/FilterHelpersTest.php" line="73" assertions="4" time="0.050923"/>
        <testcase name="can_get_all_applied_filters_with_values" class="LowerRockLabs\LaravelLivewireTablesAdvancedFilters\Tests\Traits\Helpers\FilterHelpersTest" classname="LowerRockLabs.LaravelLivewireTablesAdvancedFilters.Tests.Traits.Helpers.FilterHelpersTest" file="/home/joe/awscandc/laraveladvancedtest/LaravelLivewireTablesAdvancedFilters/tests/Traits/Helpers/FilterHelpersTest.php" line="158" assertions="1" time="0.041505"/>
        <testcase name="can_get_all_applied_filters_with_values_count" class="LowerRockLabs\LaravelLivewireTablesAdvancedFilters\Tests\Traits\Helpers\FilterHelpersTest" classname="LowerRockLabs.LaravelLivewireTablesAdvancedFilters.Tests.Traits.Helpers.FilterHelpersTest" file="/home/joe/awscandc/laraveladvancedtest/LaravelLivewireTablesAdvancedFilters/tests/Traits/Helpers/FilterHelpersTest.php" line="168" assertions="3" time="0.045685"/>
        <testcase name="can_get_filters_visibility_status" class="LowerRockLabs\LaravelLivewireTablesAdvancedFilters\Tests\Traits\Helpers\FilterHelpersTest" classname="LowerRockLabs.LaravelLivewireTablesAdvancedFilters.Tests.Traits.Helpers.FilterHelpersTest" file="/home/joe/awscandc/laraveladvancedtest/LaravelLivewireTablesAdvancedFilters/tests/Traits/Helpers/FilterHelpersTest.php" line="26" assertions="3" time="0.033990"/>
        <testcase name="can_not_set_invalid_filter" class="LowerRockLabs\LaravelLivewireTablesAdvancedFilters\Tests\Traits\Helpers\FilterHelpersTest" classname="LowerRockLabs.LaravelLivewireTablesAdvancedFilters.Tests.Traits.Helpers.FilterHelpersTest" file="/home/joe/awscandc/laraveladvancedtest/LaravelLivewireTablesAdvancedFilters/tests/Traits/Helpers/FilterHelpersTest.php" line="130" assertions="2" time="0.041635"/>
        <testcase name="can_check_if_filter_layout_is_popover" class="LowerRockLabs\LaravelLivewireTablesAdvancedFilters\Tests\Traits\Helpers\FilterHelpersTest" classname="LowerRockLabs.LaravelLivewireTablesAdvancedFilters.Tests.Traits.Helpers.FilterHelpersTest" file="/home/joe/awscandc/laraveladvancedtest/LaravelLivewireTablesAdvancedFilters/tests/Traits/Helpers/FilterHelpersTest.php" line="182" assertions="1" time="0.034460"/>
        <testcase name="can_see_if_filters_set_with_values" class="LowerRockLabs\LaravelLivewireTablesAdvancedFilters\Tests\Traits\Helpers\FilterHelpersTest" classname="LowerRockLabs.LaravelLivewireTablesAdvancedFilters.Tests.Traits.Helpers.FilterHelpersTest" file="/home/joe/awscandc/laraveladvancedtest/LaravelLivewireTablesAdvancedFilters/tests/Traits/Helpers/FilterHelpersTest.php" line="140" assertions="4" time="0.048836"/>
        <testcase name="can_set_filter_defaults" class="LowerRockLabs\LaravelLivewireTablesAdvancedFilters\Tests\Traits\Helpers\FilterHelpersTest" classname="LowerRockLabs.LaravelLivewireTablesAdvancedFilters.Tests.Traits.Helpers.FilterHelpersTest" file="/home/joe/awscandc/laraveladvancedtest/LaravelLivewireTablesAdvancedFilters/tests/Traits/Helpers/FilterHelpersTest.php" line="118" assertions="2" time="0.044603"/>
      </testsuite>
      <testsuite name="LowerRockLabs\LaravelLivewireTablesAdvancedFilters\Tests\Traits\Visuals\FilterVisualsTest" file="/home/joe/awscandc/laraveladvancedtest/LaravelLivewireTablesAdvancedFilters/tests/Traits/Visuals/FilterVisualsTest.php" tests="11" assertions="12" errors="0" warnings="0" failures="0" skipped="0" time="4.046333">
        <testcase name="filter_pills_dont_show_when_hidden" class="LowerRockLabs\LaravelLivewireTablesAdvancedFilters\Tests\Traits\Visuals\FilterVisualsTest" classname="LowerRockLabs.LaravelLivewireTablesAdvancedFilters.Tests.Traits.Visuals.FilterVisualsTest" file="/home/joe/awscandc/laraveladvancedtest/LaravelLivewireTablesAdvancedFilters/tests/Traits/Visuals/FilterVisualsTest.php" line="77" assertions="1" time="0.578636"/>
        <testcase name="filter_pills_dont_show_when_no_filters_are_applied" class="LowerRockLabs\LaravelLivewireTablesAdvancedFilters\Tests\Traits\Visuals\FilterVisualsTest" classname="LowerRockLabs.LaravelLivewireTablesAdvancedFilters.Tests.Traits.Visuals.FilterVisualsTest" file="/home/joe/awscandc/laraveladvancedtest/LaravelLivewireTablesAdvancedFilters/tests/Traits/Visuals/FilterVisualsTest.php" line="86" assertions="1" time="0.210621"/>
        <testcase name="filters_button_doesnt_show_when_hidden" class="LowerRockLabs\LaravelLivewireTablesAdvancedFilters\Tests\Traits\Visuals\FilterVisualsTest" classname="LowerRockLabs.LaravelLivewireTablesAdvancedFilters.Tests.Traits.Visuals.FilterVisualsTest" file="/home/joe/awscandc/laraveladvancedtest/LaravelLivewireTablesAdvancedFilters/tests/Traits/Visuals/FilterVisualsTest.php" line="36" assertions="1" time="0.293428"/>
        <testcase name="filters_button_dont_show_when_there_are_no_filters_defined" class="LowerRockLabs\LaravelLivewireTablesAdvancedFilters\Tests\Traits\Visuals\FilterVisualsTest" classname="LowerRockLabs.LaravelLivewireTablesAdvancedFilters.Tests.Traits.Visuals.FilterVisualsTest" file="/home/joe/awscandc/laraveladvancedtest/LaravelLivewireTablesAdvancedFilters/tests/Traits/Visuals/FilterVisualsTest.php" line="44" assertions="1" time="0.101921"/>
        <testcase name="filters_button_shows_when_enabled" class="LowerRockLabs\LaravelLivewireTablesAdvancedFilters\Tests\Traits\Visuals\FilterVisualsTest" classname="LowerRockLabs.LaravelLivewireTablesAdvancedFilters.Tests.Traits.Visuals.FilterVisualsTest" file="/home/joe/awscandc/laraveladvancedtest/LaravelLivewireTablesAdvancedFilters/tests/Traits/Visuals/FilterVisualsTest.php" line="13" assertions="1" time="0.209790"/>
        <testcase name="filters_with_invalid_key_dont_error" class="LowerRockLabs\LaravelLivewireTablesAdvancedFilters\Tests\Traits\Visuals\FilterVisualsTest" classname="LowerRockLabs.LaravelLivewireTablesAdvancedFilters.Tests.Traits.Visuals.FilterVisualsTest" file="/home/joe/awscandc/laraveladvancedtest/LaravelLivewireTablesAdvancedFilters/tests/Traits/Visuals/FilterVisualsTest.php" line="93" assertions="2" time="0.388066"/>
        <testcase name="filter_pills_show_when_visible" class="LowerRockLabs\LaravelLivewireTablesAdvancedFilters\Tests\Traits\Visuals\FilterVisualsTest" classname="LowerRockLabs.LaravelLivewireTablesAdvancedFilters.Tests.Traits.Visuals.FilterVisualsTest" file="/home/joe/awscandc/laraveladvancedtest/LaravelLivewireTablesAdvancedFilters/tests/Traits/Visuals/FilterVisualsTest.php" line="59" assertions="1" time="0.592350"/>
        <testcase name="filter_pills_dont_show_when_disabled" class="LowerRockLabs\LaravelLivewireTablesAdvancedFilters\Tests\Traits\Visuals\FilterVisualsTest" classname="LowerRockLabs.LaravelLivewireTablesAdvancedFilters.Tests.Traits.Visuals.FilterVisualsTest" file="/home/joe/awscandc/laraveladvancedtest/LaravelLivewireTablesAdvancedFilters/tests/Traits/Visuals/FilterVisualsTest.php" line="68" assertions="1" time="0.578380"/>
        <testcase name="filters_button_doesnt_show_when_disabled" class="LowerRockLabs\LaravelLivewireTablesAdvancedFilters\Tests\Traits\Visuals\FilterVisualsTest" classname="LowerRockLabs.LaravelLivewireTablesAdvancedFilters.Tests.Traits.Visuals.FilterVisualsTest" file="/home/joe/awscandc/laraveladvancedtest/LaravelLivewireTablesAdvancedFilters/tests/Traits/Visuals/FilterVisualsTest.php" line="28" assertions="1" time="0.286057"/>
        <testcase name="filter_pills_show_when_enabled" class="LowerRockLabs\LaravelLivewireTablesAdvancedFilters\Tests\Traits\Visuals\FilterVisualsTest" classname="LowerRockLabs.LaravelLivewireTablesAdvancedFilters.Tests.Traits.Visuals.FilterVisualsTest" file="/home/joe/awscandc/laraveladvancedtest/LaravelLivewireTablesAdvancedFilters/tests/Traits/Visuals/FilterVisualsTest.php" line="51" assertions="1" time="0.390607"/>
        <testcase name="filters_button_shows_when_visible" class="LowerRockLabs\LaravelLivewireTablesAdvancedFilters\Tests\Traits\Visuals\FilterVisualsTest" classname="LowerRockLabs.LaravelLivewireTablesAdvancedFilters.Tests.Traits.Visuals.FilterVisualsTest" file="/home/joe/awscandc/laraveladvancedtest/LaravelLivewireTablesAdvancedFilters/tests/Traits/Visuals/FilterVisualsTest.php" line="20" assertions="1" time="0.416476"/>
      </testsuite>
      <testsuite name="LowerRockLabs\LaravelLivewireTablesAdvancedFilters\Tests\Views\Traits\Configuration\FilterConfigurationTest" file="/home/joe/awscandc/laraveladvancedtest/LaravelLivewireTablesAdvancedFilters/tests/Views/Traits/Configuration/FilterConfigurationTest.php" tests="8" assertions="27" errors="0" warnings="0" failures="0" skipped="0" time="0.274085">
        <testcase name="can_hide_filter_from_menus" class="LowerRockLabs\LaravelLivewireTablesAdvancedFilters\Tests\Views\Traits\Configuration\FilterConfigurationTest" classname="LowerRockLabs.LaravelLivewireTablesAdvancedFilters.Tests.Views.Traits.Configuration.FilterConfigurationTest" file="/home/joe/awscandc/laraveladvancedtest/LaravelLivewireTablesAdvancedFilters/tests/Views/Traits/Configuration/FilterConfigurationTest.php" line="68" assertions="2" time="0.034164"/>
        <testcase name="filter_pill_title_can_be_set" class="LowerRockLabs\LaravelLivewireTablesAdvancedFilters\Tests\Views\Traits\Configuration\FilterConfigurationTest" classname="LowerRockLabs.LaravelLivewireTablesAdvancedFilters.Tests.Views.Traits.Configuration.FilterConfigurationTest" file="/home/joe/awscandc/laraveladvancedtest/LaravelLivewireTablesAdvancedFilters/tests/Views/Traits/Configuration/FilterConfigurationTest.php" line="27" assertions="2" time="0.034343"/>
        <testcase name="can_hide_filter_from_filter_count" class="LowerRockLabs\LaravelLivewireTablesAdvancedFilters\Tests\Views\Traits\Configuration\FilterConfigurationTest" classname="LowerRockLabs.LaravelLivewireTablesAdvancedFilters.Tests.Views.Traits.Configuration.FilterConfigurationTest" file="/home/joe/awscandc/laraveladvancedtest/LaravelLivewireTablesAdvancedFilters/tests/Views/Traits/Configuration/FilterConfigurationTest.php" line="92" assertions="2" time="0.034613"/>
        <testcase name="can_be_hidden_from_all" class="LowerRockLabs\LaravelLivewireTablesAdvancedFilters\Tests\Views\Traits\Configuration\FilterConfigurationTest" classname="LowerRockLabs.LaravelLivewireTablesAdvancedFilters.Tests.Views.Traits.Configuration.FilterConfigurationTest" file="/home/joe/awscandc/laraveladvancedtest/LaravelLivewireTablesAdvancedFilters/tests/Views/Traits/Configuration/FilterConfigurationTest.php" line="116" assertions="8" time="0.034615"/>
        <testcase name="can_hide_filter_from_pills" class="LowerRockLabs\LaravelLivewireTablesAdvancedFilters\Tests\Views\Traits\Configuration\FilterConfigurationTest" classname="LowerRockLabs.LaravelLivewireTablesAdvancedFilters.Tests.Views.Traits.Configuration.FilterConfigurationTest" file="/home/joe/awscandc/laraveladvancedtest/LaravelLivewireTablesAdvancedFilters/tests/Views/Traits/Configuration/FilterConfigurationTest.php" line="80" assertions="2" time="0.033922"/>
        <testcase name="filter_config_can_be_set" class="LowerRockLabs\LaravelLivewireTablesAdvancedFilters\Tests\Views\Traits\Configuration\FilterConfigurationTest" classname="LowerRockLabs.LaravelLivewireTablesAdvancedFilters.Tests.Views.Traits.Configuration.FilterConfigurationTest" file="/home/joe/awscandc/laraveladvancedtest/LaravelLivewireTablesAdvancedFilters/tests/Views/Traits/Configuration/FilterConfigurationTest.php" line="11" assertions="3" time="0.034881"/>
        <testcase name="filter_pill_values_can_be_set_for_select" class="LowerRockLabs\LaravelLivewireTablesAdvancedFilters\Tests\Views\Traits\Configuration\FilterConfigurationTest" classname="LowerRockLabs.LaravelLivewireTablesAdvancedFilters.Tests.Views.Traits.Configuration.FilterConfigurationTest" file="/home/joe/awscandc/laraveladvancedtest/LaravelLivewireTablesAdvancedFilters/tests/Views/Traits/Configuration/FilterConfigurationTest.php" line="39" assertions="6" time="0.033883"/>
        <testcase name="filter_is_not_reset_by_clear_button" class="LowerRockLabs\LaravelLivewireTablesAdvancedFilters\Tests\Views\Traits\Configuration\FilterConfigurationTest" classname="LowerRockLabs.LaravelLivewireTablesAdvancedFilters.Tests.Views.Traits.Configuration.FilterConfigurationTest" file="/home/joe/awscandc/laraveladvancedtest/LaravelLivewireTablesAdvancedFilters/tests/Views/Traits/Configuration/FilterConfigurationTest.php" line="104" assertions="2" time="0.033664"/>
      </testsuite>
      <testsuite name="LowerRockLabs\LaravelLivewireTablesAdvancedFilters\Tests\Views\NumberRangeFilterTest" file="/home/joe/awscandc/laraveladvancedtest/LaravelLivewireTablesAdvancedFilters/tests/Views/NumberRangeFilterTest.php" tests="19" assertions="41" errors="0" warnings="0" failures="0" skipped="0" time="0.688201">
        <testcase name="can_check_if_filter_is_hidden_from_count" class="LowerRockLabs\LaravelLivewireTablesAdvancedFilters\Tests\Views\NumberRangeFilterTest" classname="LowerRockLabs.LaravelLivewireTablesAdvancedFilters.Tests.Views.NumberRangeFilterTest" file="/home/joe/awscandc/laraveladvancedtest/LaravelLivewireTablesAdvancedFilters/tests/Views/NumberRangeFilterTest.php" line="219" assertions="4" time="0.030173"/>
        <testcase name="can_get_if_empty" class="LowerRockLabs\LaravelLivewireTablesAdvancedFilters\Tests\Views\NumberRangeFilterTest" classname="LowerRockLabs.LaravelLivewireTablesAdvancedFilters.Tests.Views.NumberRangeFilterTest" file="/home/joe/awscandc/laraveladvancedtest/LaravelLivewireTablesAdvancedFilters/tests/Views/NumberRangeFilterTest.php" line="49" assertions="5" time="0.030626"/>
        <testcase name="can_check_validation_accepts_valid_values" class="LowerRockLabs\LaravelLivewireTablesAdvancedFilters\Tests\Views\NumberRangeFilterTest" classname="LowerRockLabs.LaravelLivewireTablesAdvancedFilters.Tests.Views.NumberRangeFilterTest" file="/home/joe/awscandc/laraveladvancedtest/LaravelLivewireTablesAdvancedFilters/tests/Views/NumberRangeFilterTest.php" line="60" assertions="1" time="0.030793"/>
        <testcase name="can_check_if_filter_is_hidden_from_pills" class="LowerRockLabs\LaravelLivewireTablesAdvancedFilters\Tests\Views\NumberRangeFilterTest" classname="LowerRockLabs.LaravelLivewireTablesAdvancedFilters.Tests.Views.NumberRangeFilterTest" file="/home/joe/awscandc/laraveladvancedtest/LaravelLivewireTablesAdvancedFilters/tests/Views/NumberRangeFilterTest.php" line="205" assertions="4" time="0.031092"/>
        <testcase name="can_check_validation_rejects_missing_values" class="LowerRockLabs\LaravelLivewireTablesAdvancedFilters\Tests\Views\NumberRangeFilterTest" classname="LowerRockLabs.LaravelLivewireTablesAdvancedFilters.Tests.Views.NumberRangeFilterTest" file="/home/joe/awscandc/laraveladvancedtest/LaravelLivewireTablesAdvancedFilters/tests/Views/NumberRangeFilterTest.php" line="74" assertions="3" time="0.033602"/>
        <testcase name="can_check_if_filter_is_hidden_from_menus" class="LowerRockLabs\LaravelLivewireTablesAdvancedFilters\Tests\Views\NumberRangeFilterTest" classname="LowerRockLabs.LaravelLivewireTablesAdvancedFilters.Tests.Views.NumberRangeFilterTest" file="/home/joe/awscandc/laraveladvancedtest/LaravelLivewireTablesAdvancedFilters/tests/Views/NumberRangeFilterTest.php" line="191" assertions="4" time="0.037192"/>
        <testcase name="can_get_filter_name" class="LowerRockLabs\LaravelLivewireTablesAdvancedFilters\Tests\Views\NumberRangeFilterTest" classname="LowerRockLabs.LaravelLivewireTablesAdvancedFilters.Tests.Views.NumberRangeFilterTest" file="/home/joe/awscandc/laraveladvancedtest/LaravelLivewireTablesAdvancedFilters/tests/Views/NumberRangeFilterTest.php" line="12" assertions="1" time="0.036865"/>
        <testcase name="can_get_filter_key" class="LowerRockLabs\LaravelLivewireTablesAdvancedFilters\Tests\Views\NumberRangeFilterTest" classname="LowerRockLabs.LaravelLivewireTablesAdvancedFilters.Tests.Views.NumberRangeFilterTest" file="/home/joe/awscandc/laraveladvancedtest/LaravelLivewireTablesAdvancedFilters/tests/Views/NumberRangeFilterTest.php" line="20" assertions="1" time="0.036616"/>
        <testcase name="can_get_filter_keys" class="LowerRockLabs\LaravelLivewireTablesAdvancedFilters\Tests\Views\NumberRangeFilterTest" classname="LowerRockLabs.LaravelLivewireTablesAdvancedFilters.Tests.Views.NumberRangeFilterTest" file="/home/joe/awscandc/laraveladvancedtest/LaravelLivewireTablesAdvancedFilters/tests/Views/NumberRangeFilterTest.php" line="95" assertions="1" time="0.038276"/>
        <testcase name="get_a_single_filter_config" class="LowerRockLabs\LaravelLivewireTablesAdvancedFilters\Tests\Views\NumberRangeFilterTest" classname="LowerRockLabs.LaravelLivewireTablesAdvancedFilters.Tests.Views.NumberRangeFilterTest" file="/home/joe/awscandc/laraveladvancedtest/LaravelLivewireTablesAdvancedFilters/tests/Views/NumberRangeFilterTest.php" line="40" assertions="1" time="0.040223"/>
        <testcase name="can_get_filter_configs" class="LowerRockLabs\LaravelLivewireTablesAdvancedFilters\Tests\Views\NumberRangeFilterTest" classname="LowerRockLabs.LaravelLivewireTablesAdvancedFilters.Tests.Views.NumberRangeFilterTest" file="/home/joe/awscandc/laraveladvancedtest/LaravelLivewireTablesAdvancedFilters/tests/Views/NumberRangeFilterTest.php" line="28" assertions="2" time="0.037695"/>
        <testcase name="can_get_filter_default_value" class="LowerRockLabs\LaravelLivewireTablesAdvancedFilters\Tests\Views\NumberRangeFilterTest" classname="LowerRockLabs.LaravelLivewireTablesAdvancedFilters.Tests.Views.NumberRangeFilterTest" file="/home/joe/awscandc/laraveladvancedtest/LaravelLivewireTablesAdvancedFilters/tests/Views/NumberRangeFilterTest.php" line="103" assertions="1" time="0.036759"/>
        <testcase name="can_check_if_filter_is_reset_by_clear_button" class="LowerRockLabs\LaravelLivewireTablesAdvancedFilters\Tests\Views\NumberRangeFilterTest" classname="LowerRockLabs.LaravelLivewireTablesAdvancedFilters.Tests.Views.NumberRangeFilterTest" file="/home/joe/awscandc/laraveladvancedtest/LaravelLivewireTablesAdvancedFilters/tests/Views/NumberRangeFilterTest.php" line="233" assertions="2" time="0.038122"/>
        <testcase name="can_check_validation_rejects_invalid_values" class="LowerRockLabs\LaravelLivewireTablesAdvancedFilters\Tests\Views\NumberRangeFilterTest" classname="LowerRockLabs.LaravelLivewireTablesAdvancedFilters.Tests.Views.NumberRangeFilterTest" file="/home/joe/awscandc/laraveladvancedtest/LaravelLivewireTablesAdvancedFilters/tests/Views/NumberRangeFilterTest.php" line="67" assertions="1" time="0.040142"/>
        <testcase name="can_check_filter_config_by_name" class="LowerRockLabs\LaravelLivewireTablesAdvancedFilters\Tests\Views\NumberRangeFilterTest" classname="LowerRockLabs.LaravelLivewireTablesAdvancedFilters.Tests.Views.NumberRangeFilterTest" file="/home/joe/awscandc/laraveladvancedtest/LaravelLivewireTablesAdvancedFilters/tests/Views/NumberRangeFilterTest.php" line="181" assertions="2" time="0.040295"/>
        <testcase name="can_get_filter_callback" class="LowerRockLabs\LaravelLivewireTablesAdvancedFilters\Tests\Views\NumberRangeFilterTest" classname="LowerRockLabs.LaravelLivewireTablesAdvancedFilters.Tests.Views.NumberRangeFilterTest" file="/home/joe/awscandc/laraveladvancedtest/LaravelLivewireTablesAdvancedFilters/tests/Views/NumberRangeFilterTest.php" line="111" assertions="3" time="0.038123"/>
        <testcase name="can_check_if_filter_has_configs" class="LowerRockLabs\LaravelLivewireTablesAdvancedFilters\Tests\Views\NumberRangeFilterTest" classname="LowerRockLabs.LaravelLivewireTablesAdvancedFilters.Tests.Views.NumberRangeFilterTest" file="/home/joe/awscandc/laraveladvancedtest/LaravelLivewireTablesAdvancedFilters/tests/Views/NumberRangeFilterTest.php" line="173" assertions="1" time="0.036682"/>
        <testcase name="can_get_filter_options" class="LowerRockLabs\LaravelLivewireTablesAdvancedFilters\Tests\Views\NumberRangeFilterTest" classname="LowerRockLabs.LaravelLivewireTablesAdvancedFilters.Tests.Views.NumberRangeFilterTest" file="/home/joe/awscandc/laraveladvancedtest/LaravelLivewireTablesAdvancedFilters/tests/Views/NumberRangeFilterTest.php" line="83" assertions="2" time="0.037712"/>
        <testcase name="can_get_filter_pill_title" class="LowerRockLabs\LaravelLivewireTablesAdvancedFilters\Tests\Views\NumberRangeFilterTest" classname="LowerRockLabs.LaravelLivewireTablesAdvancedFilters.Tests.Views.NumberRangeFilterTest" file="/home/joe/awscandc/laraveladvancedtest/LaravelLivewireTablesAdvancedFilters/tests/Views/NumberRangeFilterTest.php" line="128" assertions="2" time="0.037216"/>
      </testsuite>
      <testsuite name="LowerRockLabs\LaravelLivewireTablesAdvancedFilters\Tests\Views\DateRangeFilterTest" file="/home/joe/awscandc/laraveladvancedtest/LaravelLivewireTablesAdvancedFilters/tests/Views/DateRangeFilterTest.php" tests="19" assertions="36" errors="0" warnings="0" failures="0" skipped="0" time="0.701262">
        <testcase name="can_check_validation_rejects_invalid_values" class="LowerRockLabs\LaravelLivewireTablesAdvancedFilters\Tests\Views\DateRangeFilterTest" classname="LowerRockLabs.LaravelLivewireTablesAdvancedFilters.Tests.Views.DateRangeFilterTest" file="/home/joe/awscandc/laraveladvancedtest/LaravelLivewireTablesAdvancedFilters/tests/Views/DateRangeFilterTest.php" line="83" assertions="1" time="0.038110"/>
        <testcase name="can_get_filter_options" class="LowerRockLabs\LaravelLivewireTablesAdvancedFilters\Tests\Views\DateRangeFilterTest" classname="LowerRockLabs.LaravelLivewireTablesAdvancedFilters.Tests.Views.DateRangeFilterTest" file="/home/joe/awscandc/laraveladvancedtest/LaravelLivewireTablesAdvancedFilters/tests/Views/DateRangeFilterTest.php" line="49" assertions="2" time="0.037512"/>
        <testcase name="get_a_single_filter_config" class="LowerRockLabs\LaravelLivewireTablesAdvancedFilters\Tests\Views\DateRangeFilterTest" classname="LowerRockLabs.LaravelLivewireTablesAdvancedFilters.Tests.Views.DateRangeFilterTest" file="/home/joe/awscandc/laraveladvancedtest/LaravelLivewireTablesAdvancedFilters/tests/Views/DateRangeFilterTest.php" line="40" assertions="1" time="0.037809"/>
        <testcase name="can_check_validation_accepts_valid_values_string" class="LowerRockLabs\LaravelLivewireTablesAdvancedFilters\Tests\Views\DateRangeFilterTest" classname="LowerRockLabs.LaravelLivewireTablesAdvancedFilters.Tests.Views.DateRangeFilterTest" file="/home/joe/awscandc/laraveladvancedtest/LaravelLivewireTablesAdvancedFilters/tests/Views/DateRangeFilterTest.php" line="76" assertions="1" time="0.037118"/>
        <testcase name="can_get_filter_key" class="LowerRockLabs\LaravelLivewireTablesAdvancedFilters\Tests\Views\DateRangeFilterTest" classname="LowerRockLabs.LaravelLivewireTablesAdvancedFilters.Tests.Views.DateRangeFilterTest" file="/home/joe/awscandc/laraveladvancedtest/LaravelLivewireTablesAdvancedFilters/tests/Views/DateRangeFilterTest.php" line="20" assertions="1" time="0.036640"/>
        <testcase name="can_check_if_filter_is_hidden_from_menus" class="LowerRockLabs\LaravelLivewireTablesAdvancedFilters\Tests\Views\DateRangeFilterTest" classname="LowerRockLabs.LaravelLivewireTablesAdvancedFilters.Tests.Views.DateRangeFilterTest" file="/home/joe/awscandc/laraveladvancedtest/LaravelLivewireTablesAdvancedFilters/tests/Views/DateRangeFilterTest.php" line="186" assertions="4" time="0.036828"/>
        <testcase name="can_check_if_filter_is_hidden_from_pills" class="LowerRockLabs\LaravelLivewireTablesAdvancedFilters\Tests\Views\DateRangeFilterTest" classname="LowerRockLabs.LaravelLivewireTablesAdvancedFilters.Tests.Views.DateRangeFilterTest" file="/home/joe/awscandc/laraveladvancedtest/LaravelLivewireTablesAdvancedFilters/tests/Views/DateRangeFilterTest.php" line="200" assertions="4" time="0.036079"/>
        <testcase name="can_get_filter_keys" class="LowerRockLabs\LaravelLivewireTablesAdvancedFilters\Tests\Views\DateRangeFilterTest" classname="LowerRockLabs.LaravelLivewireTablesAdvancedFilters.Tests.Views.DateRangeFilterTest" file="/home/joe/awscandc/laraveladvancedtest/LaravelLivewireTablesAdvancedFilters/tests/Views/DateRangeFilterTest.php" line="90" assertions="1" time="0.036898"/>
        <testcase name="can_check_filter_config_by_name" class="LowerRockLabs\LaravelLivewireTablesAdvancedFilters\Tests\Views\DateRangeFilterTest" classname="LowerRockLabs.LaravelLivewireTablesAdvancedFilters.Tests.Views.DateRangeFilterTest" file="/home/joe/awscandc/laraveladvancedtest/LaravelLivewireTablesAdvancedFilters/tests/Views/DateRangeFilterTest.php" line="176" assertions="2" time="0.036319"/>
        <testcase name="can_get_filter_callback" class="LowerRockLabs\LaravelLivewireTablesAdvancedFilters\Tests\Views\DateRangeFilterTest" classname="LowerRockLabs.LaravelLivewireTablesAdvancedFilters.Tests.Views.DateRangeFilterTest" file="/home/joe/awscandc/laraveladvancedtest/LaravelLivewireTablesAdvancedFilters/tests/Views/DateRangeFilterTest.php" line="106" assertions="3" time="0.036264"/>
        <testcase name="can_check_validation_accepts_valid_values_array" class="LowerRockLabs\LaravelLivewireTablesAdvancedFilters\Tests\Views\DateRangeFilterTest" classname="LowerRockLabs.LaravelLivewireTablesAdvancedFilters.Tests.Views.DateRangeFilterTest" file="/home/joe/awscandc/laraveladvancedtest/LaravelLivewireTablesAdvancedFilters/tests/Views/DateRangeFilterTest.php" line="69" assertions="1" time="0.036604"/>
        <testcase name="can_check_if_filter_has_configs" class="LowerRockLabs\LaravelLivewireTablesAdvancedFilters\Tests\Views\DateRangeFilterTest" classname="LowerRockLabs.LaravelLivewireTablesAdvancedFilters.Tests.Views.DateRangeFilterTest" file="/home/joe/awscandc/laraveladvancedtest/LaravelLivewireTablesAdvancedFilters/tests/Views/DateRangeFilterTest.php" line="168" assertions="1" time="0.037548"/>
        <testcase name="can_get_filter_default_value" class="LowerRockLabs\LaravelLivewireTablesAdvancedFilters\Tests\Views\DateRangeFilterTest" classname="LowerRockLabs.LaravelLivewireTablesAdvancedFilters.Tests.Views.DateRangeFilterTest" file="/home/joe/awscandc/laraveladvancedtest/LaravelLivewireTablesAdvancedFilters/tests/Views/DateRangeFilterTest.php" line="98" assertions="1" time="0.037572"/>
        <testcase name="can_get_if_empty" class="LowerRockLabs\LaravelLivewireTablesAdvancedFilters\Tests\Views\DateRangeFilterTest" classname="LowerRockLabs.LaravelLivewireTablesAdvancedFilters.Tests.Views.DateRangeFilterTest" file="/home/joe/awscandc/laraveladvancedtest/LaravelLivewireTablesAdvancedFilters/tests/Views/DateRangeFilterTest.php" line="61" assertions="2" time="0.036382"/>
        <testcase name="can_check_if_filter_is_reset_by_clear_button" class="LowerRockLabs\LaravelLivewireTablesAdvancedFilters\Tests\Views\DateRangeFilterTest" classname="LowerRockLabs.LaravelLivewireTablesAdvancedFilters.Tests.Views.DateRangeFilterTest" file="/home/joe/awscandc/laraveladvancedtest/LaravelLivewireTablesAdvancedFilters/tests/Views/DateRangeFilterTest.php" line="228" assertions="2" time="0.036645"/>
        <testcase name="can_get_filter_name" class="LowerRockLabs\LaravelLivewireTablesAdvancedFilters\Tests\Views\DateRangeFilterTest" classname="LowerRockLabs.LaravelLivewireTablesAdvancedFilters.Tests.Views.DateRangeFilterTest" file="/home/joe/awscandc/laraveladvancedtest/LaravelLivewireTablesAdvancedFilters/tests/Views/DateRangeFilterTest.php" line="12" assertions="1" time="0.036950"/>
        <testcase name="can_get_filter_configs" class="LowerRockLabs\LaravelLivewireTablesAdvancedFilters\Tests\Views\DateRangeFilterTest" classname="LowerRockLabs.LaravelLivewireTablesAdvancedFilters.Tests.Views.DateRangeFilterTest" file="/home/joe/awscandc/laraveladvancedtest/LaravelLivewireTablesAdvancedFilters/tests/Views/DateRangeFilterTest.php" line="28" assertions="2" time="0.036639"/>
        <testcase name="can_check_if_filter_is_hidden_from_count" class="LowerRockLabs\LaravelLivewireTablesAdvancedFilters\Tests\Views\DateRangeFilterTest" classname="LowerRockLabs.LaravelLivewireTablesAdvancedFilters.Tests.Views.DateRangeFilterTest" file="/home/joe/awscandc/laraveladvancedtest/LaravelLivewireTablesAdvancedFilters/tests/Views/DateRangeFilterTest.php" line="214" assertions="4" time="0.036633"/>
        <testcase name="can_get_filter_pill_title" class="LowerRockLabs\LaravelLivewireTablesAdvancedFilters\Tests\Views\DateRangeFilterTest" classname="LowerRockLabs.LaravelLivewireTablesAdvancedFilters.Tests.Views.DateRangeFilterTest" file="/home/joe/awscandc/laraveladvancedtest/LaravelLivewireTablesAdvancedFilters/tests/Views/DateRangeFilterTest.php" line="123" assertions="2" time="0.036712"/>
      </testsuite>
      <testsuite name="LowerRockLabs\LaravelLivewireTablesAdvancedFilters\Tests\Traits\Helpers\ComponentHelpersTest" file="/home/joe/awscandc/laraveladvancedtest/LaravelLivewireTablesAdvancedFilters/tests/Traits/Helpers/ComponentHelpersTest.php" tests="20" assertions="50" errors="0" warnings="0" failures="0" skipped="0" time="0.699832">
        <testcase name="can_get_configurable_areas" class="LowerRockLabs\LaravelLivewireTablesAdvancedFilters\Tests\Traits\Helpers\ComponentHelpersTest" classname="LowerRockLabs.LaravelLivewireTablesAdvancedFilters.Tests.Traits.Helpers.ComponentHelpersTest" file="/home/joe/awscandc/laraveladvancedtest/LaravelLivewireTablesAdvancedFilters/tests/Traits/Helpers/ComponentHelpersTest.php" line="167" assertions="3" time="0.034591"/>
        <testcase name="can_get_additional_selects" class="LowerRockLabs\LaravelLivewireTablesAdvancedFilters\Tests\Traits\Helpers\ComponentHelpersTest" classname="LowerRockLabs.LaravelLivewireTablesAdvancedFilters.Tests.Traits.Helpers.ComponentHelpersTest" file="/home/joe/awscandc/laraveladvancedtest/LaravelLivewireTablesAdvancedFilters/tests/Traits/Helpers/ComponentHelpersTest.php" line="157" assertions="2" time="0.035326"/>
        <testcase name="can_get_hide_configurable_areas_when_reordering_status" class="LowerRockLabs\LaravelLivewireTablesAdvancedFilters\Tests\Traits\Helpers\ComponentHelpersTest" classname="LowerRockLabs.LaravelLivewireTablesAdvancedFilters.Tests.Traits.Helpers.ComponentHelpersTest" file="/home/joe/awscandc/laraveladvancedtest/LaravelLivewireTablesAdvancedFilters/tests/Traits/Helpers/ComponentHelpersTest.php" line="211" assertions="6" time="0.035426"/>
        <testcase name="can_get_offline_status" class="LowerRockLabs\LaravelLivewireTablesAdvancedFilters\Tests\Traits\Helpers\ComponentHelpersTest" classname="LowerRockLabs.LaravelLivewireTablesAdvancedFilters.Tests.Traits.Helpers.ComponentHelpersTest" file="/home/joe/awscandc/laraveladvancedtest/LaravelLivewireTablesAdvancedFilters/tests/Traits/Helpers/ComponentHelpersTest.php" line="35" assertions="4" time="0.035483"/>
        <testcase name="can_get_component_model" class="LowerRockLabs\LaravelLivewireTablesAdvancedFilters\Tests\Traits\Helpers\ComponentHelpersTest" classname="LowerRockLabs.LaravelLivewireTablesAdvancedFilters.Tests.Traits.Helpers.ComponentHelpersTest" file="/home/joe/awscandc/laraveladvancedtest/LaravelLivewireTablesAdvancedFilters/tests/Traits/Helpers/ComponentHelpersTest.php" line="17" assertions="1" time="0.035312"/>
        <testcase name="can_get_empty_message" class="LowerRockLabs\LaravelLivewireTablesAdvancedFilters\Tests\Traits\Helpers\ComponentHelpersTest" classname="LowerRockLabs.LaravelLivewireTablesAdvancedFilters.Tests.Traits.Helpers.ComponentHelpersTest" file="/home/joe/awscandc/laraveladvancedtest/LaravelLivewireTablesAdvancedFilters/tests/Traits/Helpers/ComponentHelpersTest.php" line="29" assertions="1" time="0.034579"/>
        <testcase name="can_check_for_tr_url" class="LowerRockLabs\LaravelLivewireTablesAdvancedFilters\Tests\Traits\Helpers\ComponentHelpersTest" classname="LowerRockLabs.LaravelLivewireTablesAdvancedFilters.Tests.Traits.Helpers.ComponentHelpersTest" file="/home/joe/awscandc/laraveladvancedtest/LaravelLivewireTablesAdvancedFilters/tests/Traits/Helpers/ComponentHelpersTest.php" line="145" assertions="2" time="0.035371"/>
        <testcase name="can_get_page_name" class="LowerRockLabs\LaravelLivewireTablesAdvancedFilters\Tests\Traits\Helpers\ComponentHelpersTest" classname="LowerRockLabs.LaravelLivewireTablesAdvancedFilters.Tests.Traits.Helpers.ComponentHelpersTest" file="/home/joe/awscandc/laraveladvancedtest/LaravelLivewireTablesAdvancedFilters/tests/Traits/Helpers/ComponentHelpersTest.php" line="80" assertions="2" time="0.035825"/>
        <testcase name="can_check_if_table_has_page_name" class="LowerRockLabs\LaravelLivewireTablesAdvancedFilters\Tests\Traits\Helpers\ComponentHelpersTest" classname="LowerRockLabs.LaravelLivewireTablesAdvancedFilters.Tests.Traits.Helpers.ComponentHelpersTest" file="/home/joe/awscandc/laraveladvancedtest/LaravelLivewireTablesAdvancedFilters/tests/Traits/Helpers/ComponentHelpersTest.php" line="101" assertions="2" time="0.036486"/>
        <testcase name="can_get_default_sorting_labels" class="LowerRockLabs\LaravelLivewireTablesAdvancedFilters\Tests\Traits\Helpers\ComponentHelpersTest" classname="LowerRockLabs.LaravelLivewireTablesAdvancedFilters.Tests.Traits.Helpers.ComponentHelpersTest" file="/home/joe/awscandc/laraveladvancedtest/LaravelLivewireTablesAdvancedFilters/tests/Traits/Helpers/ComponentHelpersTest.php" line="49" assertions="2" time="0.035585"/>
        <testcase name="can_see_if_component_has_model" class="LowerRockLabs\LaravelLivewireTablesAdvancedFilters\Tests\Traits\Helpers\ComponentHelpersTest" classname="LowerRockLabs.LaravelLivewireTablesAdvancedFilters.Tests.Traits.Helpers.ComponentHelpersTest" file="/home/joe/awscandc/laraveladvancedtest/LaravelLivewireTablesAdvancedFilters/tests/Traits/Helpers/ComponentHelpersTest.php" line="11" assertions="1" time="0.036016"/>
        <testcase name="can_get_dataTable_fingerprint" class="LowerRockLabs\LaravelLivewireTablesAdvancedFilters\Tests\Traits\Helpers\ComponentHelpersTest" classname="LowerRockLabs.LaravelLivewireTablesAdvancedFilters.Tests.Traits.Helpers.ComponentHelpersTest" file="/home/joe/awscandc/laraveladvancedtest/LaravelLivewireTablesAdvancedFilters/tests/Traits/Helpers/ComponentHelpersTest.php" line="231" assertions="1" time="0.034667"/>
        <testcase name="can_check_if_table_equals_name" class="LowerRockLabs\LaravelLivewireTablesAdvancedFilters\Tests\Traits\Helpers\ComponentHelpersTest" classname="LowerRockLabs.LaravelLivewireTablesAdvancedFilters.Tests.Traits.Helpers.ComponentHelpersTest" file="/home/joe/awscandc/laraveladvancedtest/LaravelLivewireTablesAdvancedFilters/tests/Traits/Helpers/ComponentHelpersTest.php" line="90" assertions="3" time="0.034312"/>
        <testcase name="can_get_configurable_area_parameters" class="LowerRockLabs\LaravelLivewireTablesAdvancedFilters\Tests\Traits\Helpers\ComponentHelpersTest" classname="LowerRockLabs.LaravelLivewireTablesAdvancedFilters.Tests.Traits.Helpers.ComponentHelpersTest" file="/home/joe/awscandc/laraveladvancedtest/LaravelLivewireTablesAdvancedFilters/tests/Traits/Helpers/ComponentHelpersTest.php" line="195" assertions="2" time="0.034681"/>
        <testcase name="can_get_table_name" class="LowerRockLabs\LaravelLivewireTablesAdvancedFilters\Tests\Traits\Helpers\ComponentHelpersTest" classname="LowerRockLabs.LaravelLivewireTablesAdvancedFilters.Tests.Traits.Helpers.ComponentHelpersTest" file="/home/joe/awscandc/laraveladvancedtest/LaravelLivewireTablesAdvancedFilters/tests/Traits/Helpers/ComponentHelpersTest.php" line="70" assertions="2" time="0.034401"/>
        <testcase name="can_get_current_theme" class="LowerRockLabs\LaravelLivewireTablesAdvancedFilters\Tests\Traits\Helpers\ComponentHelpersTest" classname="LowerRockLabs.LaravelLivewireTablesAdvancedFilters.Tests.Traits.Helpers.ComponentHelpersTest" file="/home/joe/awscandc/laraveladvancedtest/LaravelLivewireTablesAdvancedFilters/tests/Traits/Helpers/ComponentHelpersTest.php" line="23" assertions="1" time="0.035962"/>
        <testcase name="can_get_collapsing_columns_status" class="LowerRockLabs\LaravelLivewireTablesAdvancedFilters\Tests\Traits\Helpers\ComponentHelpersTest" classname="LowerRockLabs.LaravelLivewireTablesAdvancedFilters.Tests.Traits.Helpers.ComponentHelpersTest" file="/home/joe/awscandc/laraveladvancedtest/LaravelLivewireTablesAdvancedFilters/tests/Traits/Helpers/ComponentHelpersTest.php" line="131" assertions="4" time="0.033641"/>
        <testcase name="can_get_query_string_status" class="LowerRockLabs\LaravelLivewireTablesAdvancedFilters\Tests\Traits\Helpers\ComponentHelpersTest" classname="LowerRockLabs.LaravelLivewireTablesAdvancedFilters.Tests.Traits.Helpers.ComponentHelpersTest" file="/home/joe/awscandc/laraveladvancedtest/LaravelLivewireTablesAdvancedFilters/tests/Traits/Helpers/ComponentHelpersTest.php" line="56" assertions="4" time="0.034047"/>
        <testcase name="can_get_eager_load_relations_status" class="LowerRockLabs\LaravelLivewireTablesAdvancedFilters\Tests\Traits\Helpers\ComponentHelpersTest" classname="LowerRockLabs.LaravelLivewireTablesAdvancedFilters.Tests.Traits.Helpers.ComponentHelpersTest" file="/home/joe/awscandc/laraveladvancedtest/LaravelLivewireTablesAdvancedFilters/tests/Traits/Helpers/ComponentHelpersTest.php" line="111" assertions="6" time="0.033916"/>
        <testcase name="can_get_query_string_alias_and_it_will_be_the_same_as_table_name_by_default" class="LowerRockLabs\LaravelLivewireTablesAdvancedFilters\Tests\Traits\Helpers\ComponentHelpersTest" classname="LowerRockLabs.LaravelLivewireTablesAdvancedFilters.Tests.Traits.Helpers.ComponentHelpersTest" file="/home/joe/awscandc/laraveladvancedtest/LaravelLivewireTablesAdvancedFilters/tests/Traits/Helpers/ComponentHelpersTest.php" line="237" assertions="1" time="0.034206"/>
      </testsuite>
      <testsuite name="LowerRockLabs\LaravelLivewireTablesAdvancedFilters\Tests\Views\Traits\Configuration\DatePickerFilterConfigurationTest" file="/home/joe/awscandc/laraveladvancedtest/LaravelLivewireTablesAdvancedFilters/tests/Views/Traits/Configuration/DatePickerFilterConfigurationTest.php" tests="7" assertions="21" errors="0" warnings="0" failures="0" skipped="0" time="0.261547">
        <testcase name="can_be_hidden_from_all" class="LowerRockLabs\LaravelLivewireTablesAdvancedFilters\Tests\Views\Traits\Configuration\DatePickerFilterConfigurationTest" classname="LowerRockLabs.LaravelLivewireTablesAdvancedFilters.Tests.Views.Traits.Configuration.DatePickerFilterConfigurationTest" file="/home/joe/awscandc/laraveladvancedtest/LaravelLivewireTablesAdvancedFilters/tests/Views/Traits/Configuration/DatePickerFilterConfigurationTest.php" line="118" assertions="8" time="0.040854"/>
        <testcase name="filter_pill_title_can_be_set" class="LowerRockLabs\LaravelLivewireTablesAdvancedFilters\Tests\Views\Traits\Configuration\DatePickerFilterConfigurationTest" classname="LowerRockLabs.LaravelLivewireTablesAdvancedFilters.Tests.Views.Traits.Configuration.DatePickerFilterConfigurationTest" file="/home/joe/awscandc/laraveladvancedtest/LaravelLivewireTablesAdvancedFilters/tests/Views/Traits/Configuration/DatePickerFilterConfigurationTest.php" line="27" assertions="2" time="0.036303"/>
        <testcase name="can_hide_filter_from_pills" class="LowerRockLabs\LaravelLivewireTablesAdvancedFilters\Tests\Views\Traits\Configuration\DatePickerFilterConfigurationTest" classname="LowerRockLabs.LaravelLivewireTablesAdvancedFilters.Tests.Views.Traits.Configuration.DatePickerFilterConfigurationTest" file="/home/joe/awscandc/laraveladvancedtest/LaravelLivewireTablesAdvancedFilters/tests/Views/Traits/Configuration/DatePickerFilterConfigurationTest.php" line="82" assertions="2" time="0.036451"/>
        <testcase name="filter_config_can_be_set" class="LowerRockLabs\LaravelLivewireTablesAdvancedFilters\Tests\Views\Traits\Configuration\DatePickerFilterConfigurationTest" classname="LowerRockLabs.LaravelLivewireTablesAdvancedFilters.Tests.Views.Traits.Configuration.DatePickerFilterConfigurationTest" file="/home/joe/awscandc/laraveladvancedtest/LaravelLivewireTablesAdvancedFilters/tests/Views/Traits/Configuration/DatePickerFilterConfigurationTest.php" line="11" assertions="3" time="0.037064"/>
        <testcase name="filter_is_not_reset_by_clear_button" class="LowerRockLabs\LaravelLivewireTablesAdvancedFilters\Tests\Views\Traits\Configuration\DatePickerFilterConfigurationTest" classname="LowerRockLabs.LaravelLivewireTablesAdvancedFilters.Tests.Views.Traits.Configuration.DatePickerFilterConfigurationTest" file="/home/joe/awscandc/laraveladvancedtest/LaravelLivewireTablesAdvancedFilters/tests/Views/Traits/Configuration/DatePickerFilterConfigurationTest.php" line="106" assertions="2" time="0.036760"/>
        <testcase name="can_hide_filter_from_menus" class="LowerRockLabs\LaravelLivewireTablesAdvancedFilters\Tests\Views\Traits\Configuration\DatePickerFilterConfigurationTest" classname="LowerRockLabs.LaravelLivewireTablesAdvancedFilters.Tests.Views.Traits.Configuration.DatePickerFilterConfigurationTest" file="/home/joe/awscandc/laraveladvancedtest/LaravelLivewireTablesAdvancedFilters/tests/Views/Traits/Configuration/DatePickerFilterConfigurationTest.php" line="70" assertions="2" time="0.037207"/>
        <testcase name="can_hide_filter_from_filter_count" class="LowerRockLabs\LaravelLivewireTablesAdvancedFilters\Tests\Views\Traits\Configuration\DatePickerFilterConfigurationTest" classname="LowerRockLabs.LaravelLivewireTablesAdvancedFilters.Tests.Views.Traits.Configuration.DatePickerFilterConfigurationTest" file="/home/joe/awscandc/laraveladvancedtest/LaravelLivewireTablesAdvancedFilters/tests/Views/Traits/Configuration/DatePickerFilterConfigurationTest.php" line="94" assertions="2" time="0.036909"/>
      </testsuite>
      <testsuite name="LowerRockLabs\LaravelLivewireTablesAdvancedFilters\Tests\Traits\Configuration\ComponentConfigurationTest" file="/home/joe/awscandc/laraveladvancedtest/LaravelLivewireTablesAdvancedFilters/tests/Traits/Configuration/ComponentConfigurationTest.php" tests="18" assertions="50" errors="0" warnings="0" failures="0" skipped="0" time="0.660538">
        <testcase name="can_set_th_sort_button_attributes" class="LowerRockLabs\LaravelLivewireTablesAdvancedFilters\Tests\Traits\Configuration\ComponentConfigurationTest" classname="LowerRockLabs.LaravelLivewireTablesAdvancedFilters.Tests.Traits.Configuration.ComponentConfigurationTest" file="/home/joe/awscandc/laraveladvancedtest/LaravelLivewireTablesAdvancedFilters/tests/Traits/Configuration/ComponentConfigurationTest.php" line="78" assertions="2" time="0.034236"/>
        <testcase name="can_set_offline_indicator_status" class="LowerRockLabs\LaravelLivewireTablesAdvancedFilters\Tests\Traits\Configuration\ComponentConfigurationTest" classname="LowerRockLabs.LaravelLivewireTablesAdvancedFilters.Tests.Traits.Configuration.ComponentConfigurationTest" file="/home/joe/awscandc/laraveladvancedtest/LaravelLivewireTablesAdvancedFilters/tests/Traits/Configuration/ComponentConfigurationTest.php" line="131" assertions="4" time="0.034320"/>
        <testcase name="can_set_query_string_status" class="LowerRockLabs\LaravelLivewireTablesAdvancedFilters\Tests\Traits\Configuration\ComponentConfigurationTest" classname="LowerRockLabs.LaravelLivewireTablesAdvancedFilters.Tests.Traits.Configuration.ComponentConfigurationTest" file="/home/joe/awscandc/laraveladvancedtest/LaravelLivewireTablesAdvancedFilters/tests/Traits/Configuration/ComponentConfigurationTest.php" line="165" assertions="5" time="0.034192"/>
        <testcase name="can_set_empty_message" class="LowerRockLabs\LaravelLivewireTablesAdvancedFilters\Tests\Traits\Configuration\ComponentConfigurationTest" classname="LowerRockLabs.LaravelLivewireTablesAdvancedFilters.Tests.Traits.Configuration.ComponentConfigurationTest" file="/home/joe/awscandc/laraveladvancedtest/LaravelLivewireTablesAdvancedFilters/tests/Traits/Configuration/ComponentConfigurationTest.php" line="123" assertions="1" time="0.034763"/>
        <testcase name="can_set_table_wrapper_attributes" class="LowerRockLabs\LaravelLivewireTablesAdvancedFilters\Tests\Traits\Configuration\ComponentConfigurationTest" classname="LowerRockLabs.LaravelLivewireTablesAdvancedFilters.Tests.Traits.Configuration.ComponentConfigurationTest" file="/home/joe/awscandc/laraveladvancedtest/LaravelLivewireTablesAdvancedFilters/tests/Traits/Configuration/ComponentConfigurationTest.php" line="23" assertions="2" time="0.034471"/>
        <testcase name="can_set_tr_attributes" class="LowerRockLabs\LaravelLivewireTablesAdvancedFilters\Tests\Traits\Configuration\ComponentConfigurationTest" classname="LowerRockLabs.LaravelLivewireTablesAdvancedFilters.Tests.Traits.Configuration.ComponentConfigurationTest" file="/home/joe/awscandc/laraveladvancedtest/LaravelLivewireTablesAdvancedFilters/tests/Traits/Configuration/ComponentConfigurationTest.php" line="93" assertions="2" time="0.035612"/>
        <testcase name="can_set_td_attributes" class="LowerRockLabs\LaravelLivewireTablesAdvancedFilters\Tests\Traits\Configuration\ComponentConfigurationTest" classname="LowerRockLabs.LaravelLivewireTablesAdvancedFilters.Tests.Traits.Configuration.ComponentConfigurationTest" file="/home/joe/awscandc/laraveladvancedtest/LaravelLivewireTablesAdvancedFilters/tests/Traits/Configuration/ComponentConfigurationTest.php" line="108" assertions="2" time="0.037000"/>
        <testcase name="can_set_th_attributes" class="LowerRockLabs\LaravelLivewireTablesAdvancedFilters\Tests\Traits\Configuration\ComponentConfigurationTest" classname="LowerRockLabs.LaravelLivewireTablesAdvancedFilters.Tests.Traits.Configuration.ComponentConfigurationTest" file="/home/joe/awscandc/laraveladvancedtest/LaravelLivewireTablesAdvancedFilters/tests/Traits/Configuration/ComponentConfigurationTest.php" line="63" assertions="2" time="0.035297"/>
        <testcase name="can_set_table_attributes" class="LowerRockLabs\LaravelLivewireTablesAdvancedFilters\Tests\Traits\Configuration\ComponentConfigurationTest" classname="LowerRockLabs.LaravelLivewireTablesAdvancedFilters.Tests.Traits.Configuration.ComponentConfigurationTest" file="/home/joe/awscandc/laraveladvancedtest/LaravelLivewireTablesAdvancedFilters/tests/Traits/Configuration/ComponentConfigurationTest.php" line="33" assertions="2" time="0.036339"/>
        <testcase name="can_set_thead_attributes" class="LowerRockLabs\LaravelLivewireTablesAdvancedFilters\Tests\Traits\Configuration\ComponentConfigurationTest" classname="LowerRockLabs.LaravelLivewireTablesAdvancedFilters.Tests.Traits.Configuration.ComponentConfigurationTest" file="/home/joe/awscandc/laraveladvancedtest/LaravelLivewireTablesAdvancedFilters/tests/Traits/Configuration/ComponentConfigurationTest.php" line="43" assertions="2" time="0.039473"/>
        <testcase name="can_set_default_sorting_labels" class="LowerRockLabs\LaravelLivewireTablesAdvancedFilters\Tests\Traits\Configuration\ComponentConfigurationTest" classname="LowerRockLabs.LaravelLivewireTablesAdvancedFilters.Tests.Traits.Configuration.ComponentConfigurationTest" file="/home/joe/awscandc/laraveladvancedtest/LaravelLivewireTablesAdvancedFilters/tests/Traits/Configuration/ComponentConfigurationTest.php" line="153" assertions="4" time="0.037929"/>
        <testcase name="can_set_tbody_attributes" class="LowerRockLabs\LaravelLivewireTablesAdvancedFilters\Tests\Traits\Configuration\ComponentConfigurationTest" classname="LowerRockLabs.LaravelLivewireTablesAdvancedFilters.Tests.Traits.Configuration.ComponentConfigurationTest" file="/home/joe/awscandc/laraveladvancedtest/LaravelLivewireTablesAdvancedFilters/tests/Traits/Configuration/ComponentConfigurationTest.php" line="53" assertions="2" time="0.037445"/>
        <testcase name="can_set_eager_load_relations_status" class="LowerRockLabs\LaravelLivewireTablesAdvancedFilters\Tests\Traits\Configuration\ComponentConfigurationTest" classname="LowerRockLabs.LaravelLivewireTablesAdvancedFilters.Tests.Traits.Configuration.ComponentConfigurationTest" file="/home/joe/awscandc/laraveladvancedtest/LaravelLivewireTablesAdvancedFilters/tests/Traits/Configuration/ComponentConfigurationTest.php" line="187" assertions="5" time="0.037540"/>
        <testcase name="can_set_hide_configurable_areas_when_reordering_status" class="LowerRockLabs\LaravelLivewireTablesAdvancedFilters\Tests\Traits\Configuration\ComponentConfigurationTest" classname="LowerRockLabs.LaravelLivewireTablesAdvancedFilters.Tests.Traits.Configuration.ComponentConfigurationTest" file="/home/joe/awscandc/laraveladvancedtest/LaravelLivewireTablesAdvancedFilters/tests/Traits/Configuration/ComponentConfigurationTest.php" line="255" assertions="4" time="0.037758"/>
        <testcase name="initial_wrapper_attributes_get_set" class="LowerRockLabs\LaravelLivewireTablesAdvancedFilters\Tests\Traits\Configuration\ComponentConfigurationTest" classname="LowerRockLabs.LaravelLivewireTablesAdvancedFilters.Tests.Traits.Configuration.ComponentConfigurationTest" file="/home/joe/awscandc/laraveladvancedtest/LaravelLivewireTablesAdvancedFilters/tests/Traits/Configuration/ComponentConfigurationTest.php" line="13" assertions="2" time="0.039206"/>
        <testcase name="can_set_tr_url" class="LowerRockLabs\LaravelLivewireTablesAdvancedFilters\Tests\Traits\Configuration\ComponentConfigurationTest" classname="LowerRockLabs.LaravelLivewireTablesAdvancedFilters.Tests.Traits.Configuration.ComponentConfigurationTest" file="/home/joe/awscandc/laraveladvancedtest/LaravelLivewireTablesAdvancedFilters/tests/Traits/Configuration/ComponentConfigurationTest.php" line="231" assertions="2" time="0.036845"/>
        <testcase name="can_set_tr_url_target" class="LowerRockLabs\LaravelLivewireTablesAdvancedFilters\Tests\Traits\Configuration\ComponentConfigurationTest" classname="LowerRockLabs.LaravelLivewireTablesAdvancedFilters.Tests.Traits.Configuration.ComponentConfigurationTest" file="/home/joe/awscandc/laraveladvancedtest/LaravelLivewireTablesAdvancedFilters/tests/Traits/Configuration/ComponentConfigurationTest.php" line="243" assertions="2" time="0.037041"/>
        <testcase name="can_set_collapsing_columns_status" class="LowerRockLabs\LaravelLivewireTablesAdvancedFilters\Tests\Traits\Configuration\ComponentConfigurationTest" classname="LowerRockLabs.LaravelLivewireTablesAdvancedFilters.Tests.Traits.Configuration.ComponentConfigurationTest" file="/home/joe/awscandc/laraveladvancedtest/LaravelLivewireTablesAdvancedFilters/tests/Traits/Configuration/ComponentConfigurationTest.php" line="209" assertions="5" time="0.041071"/>
      </testsuite>
      <testsuite name="LowerRockLabs\LaravelLivewireTablesAdvancedFilters\Tests\Views\ColumnTest" file="/home/joe/awscandc/laraveladvancedtest/LaravelLivewireTablesAdvancedFilters/tests/Views/ColumnTest.php" tests="7" assertions="10" errors="0" warnings="0" failures="0" skipped="0" time="0.267052">
        <testcase name="can_set_base_field_from_from" class="LowerRockLabs\LaravelLivewireTablesAdvancedFilters\Tests\Views\ColumnTest" classname="LowerRockLabs.LaravelLivewireTablesAdvancedFilters.Tests.Views.ColumnTest" file="/home/joe/awscandc/laraveladvancedtest/LaravelLivewireTablesAdvancedFilters/tests/Views/ColumnTest.php" line="27" assertions="1" time="0.037388"/>
        <testcase name="can_set_relation_field_from_from" class="LowerRockLabs\LaravelLivewireTablesAdvancedFilters\Tests\Views\ColumnTest" classname="LowerRockLabs.LaravelLivewireTablesAdvancedFilters.Tests.Views.ColumnTest" file="/home/joe/awscandc/laraveladvancedtest/LaravelLivewireTablesAdvancedFilters/tests/Views/ColumnTest.php" line="35" assertions="1" time="0.038062"/>
        <testcase name="can_set_the_column_title" class="LowerRockLabs\LaravelLivewireTablesAdvancedFilters\Tests\Views\ColumnTest" classname="LowerRockLabs.LaravelLivewireTablesAdvancedFilters.Tests.Views.ColumnTest" file="/home/joe/awscandc/laraveladvancedtest/LaravelLivewireTablesAdvancedFilters/tests/Views/ColumnTest.php" line="11" assertions="1" time="0.038039"/>
        <testcase name="can_set_relations_from_from" class="LowerRockLabs\LaravelLivewireTablesAdvancedFilters\Tests\Views\ColumnTest" classname="LowerRockLabs.LaravelLivewireTablesAdvancedFilters.Tests.Views.ColumnTest" file="/home/joe/awscandc/laraveladvancedtest/LaravelLivewireTablesAdvancedFilters/tests/Views/ColumnTest.php" line="43" assertions="2" time="0.035731"/>
        <testcase name="can_get_contents_of_column" class="LowerRockLabs\LaravelLivewireTablesAdvancedFilters\Tests\Views\ColumnTest" classname="LowerRockLabs.LaravelLivewireTablesAdvancedFilters.Tests.Views.ColumnTest" file="/home/joe/awscandc/laraveladvancedtest/LaravelLivewireTablesAdvancedFilters/tests/Views/ColumnTest.php" line="52" assertions="2" time="0.048447"/>
        <testcase name="column_table_gets_set_for_base_and_relationship_columns" class="LowerRockLabs\LaravelLivewireTablesAdvancedFilters\Tests\Views\ColumnTest" classname="LowerRockLabs.LaravelLivewireTablesAdvancedFilters.Tests.Views.ColumnTest" file="/home/joe/awscandc/laraveladvancedtest/LaravelLivewireTablesAdvancedFilters/tests/Views/ColumnTest.php" line="61" assertions="2" time="0.034107"/>
        <testcase name="can_infer_field_name_from_title_if_no_from" class="LowerRockLabs\LaravelLivewireTablesAdvancedFilters\Tests\Views\ColumnTest" classname="LowerRockLabs.LaravelLivewireTablesAdvancedFilters.Tests.Views.ColumnTest" file="/home/joe/awscandc/laraveladvancedtest/LaravelLivewireTablesAdvancedFilters/tests/Views/ColumnTest.php" line="19" assertions="1" time="0.035278"/>
      </testsuite>
      <testsuite name="LowerRockLabs\LaravelLivewireTablesAdvancedFilters\Tests\Traits\Configuration\FilterConfigurationTest" file="/home/joe/awscandc/laraveladvancedtest/LaravelLivewireTablesAdvancedFilters/tests/Traits/Configuration/FilterConfigurationTest.php" tests="4" assertions="19" errors="0" warnings="0" failures="0" skipped="0" time="0.137678">
        <testcase name="filters_status_can_be_set" class="LowerRockLabs\LaravelLivewireTablesAdvancedFilters\Tests\Traits\Configuration\FilterConfigurationTest" classname="LowerRockLabs.LaravelLivewireTablesAdvancedFilters.Tests.Traits.Configuration.FilterConfigurationTest" file="/home/joe/awscandc/laraveladvancedtest/LaravelLivewireTablesAdvancedFilters/tests/Traits/Configuration/FilterConfigurationTest.php" line="11" assertions="5" time="0.035414"/>
        <testcase name="filters_pills_status_can_be_set" class="LowerRockLabs\LaravelLivewireTablesAdvancedFilters\Tests\Traits\Configuration\FilterConfigurationTest" classname="LowerRockLabs.LaravelLivewireTablesAdvancedFilters.Tests.Traits.Configuration.FilterConfigurationTest" file="/home/joe/awscandc/laraveladvancedtest/LaravelLivewireTablesAdvancedFilters/tests/Traits/Configuration/FilterConfigurationTest.php" line="55" assertions="5" time="0.034454"/>
        <testcase name="filters_layout_can_be_set" class="LowerRockLabs\LaravelLivewireTablesAdvancedFilters\Tests\Traits\Configuration\FilterConfigurationTest" classname="LowerRockLabs.LaravelLivewireTablesAdvancedFilters.Tests.Traits.Configuration.FilterConfigurationTest" file="/home/joe/awscandc/laraveladvancedtest/LaravelLivewireTablesAdvancedFilters/tests/Traits/Configuration/FilterConfigurationTest.php" line="77" assertions="4" time="0.034114"/>
        <testcase name="filters_visibility_status_can_be_set" class="LowerRockLabs\LaravelLivewireTablesAdvancedFilters\Tests\Traits\Configuration\FilterConfigurationTest" classname="LowerRockLabs.LaravelLivewireTablesAdvancedFilters.Tests.Traits.Configuration.FilterConfigurationTest" file="/home/joe/awscandc/laraveladvancedtest/LaravelLivewireTablesAdvancedFilters/tests/Traits/Configuration/FilterConfigurationTest.php" line="33" assertions="5" time="0.033696"/>
      </testsuite>
      <testsuite name="LowerRockLabs\LaravelLivewireTablesAdvancedFilters\Tests\Views\Traits\Configuration\BooleanColumnConfigurationTest" file="/home/joe/awscandc/laraveladvancedtest/LaravelLivewireTablesAdvancedFilters/tests/Views/Traits/Configuration/BooleanColumnConfigurationTest.php" tests="3" assertions="7" errors="0" warnings="0" failures="0" skipped="0" time="0.102828">
        <testcase name="boolean_column_can_set_view" class="LowerRockLabs\LaravelLivewireTablesAdvancedFilters\Tests\Views\Traits\Configuration\BooleanColumnConfigurationTest" classname="LowerRockLabs.LaravelLivewireTablesAdvancedFilters.Tests.Views.Traits.Configuration.BooleanColumnConfigurationTest" file="/home/joe/awscandc/laraveladvancedtest/LaravelLivewireTablesAdvancedFilters/tests/Views/Traits/Configuration/BooleanColumnConfigurationTest.php" line="38" assertions="2" time="0.034740"/>
        <testcase name="boolean_column_can_set_callback" class="LowerRockLabs\LaravelLivewireTablesAdvancedFilters\Tests\Views\Traits\Configuration\BooleanColumnConfigurationTest" classname="LowerRockLabs.LaravelLivewireTablesAdvancedFilters.Tests.Views.Traits.Configuration.BooleanColumnConfigurationTest" file="/home/joe/awscandc/laraveladvancedtest/LaravelLivewireTablesAdvancedFilters/tests/Views/Traits/Configuration/BooleanColumnConfigurationTest.php" line="12" assertions="3" time="0.034060"/>
        <testcase name="boolean_column_can_set_success_value" class="LowerRockLabs\LaravelLivewireTablesAdvancedFilters\Tests\Views\Traits\Configuration\BooleanColumnConfigurationTest" classname="LowerRockLabs.LaravelLivewireTablesAdvancedFilters.Tests.Views.Traits.Configuration.BooleanColumnConfigurationTest" file="/home/joe/awscandc/laraveladvancedtest/LaravelLivewireTablesAdvancedFilters/tests/Views/Traits/Configuration/BooleanColumnConfigurationTest.php" line="26" assertions="2" time="0.034028"/>
      </testsuite>
      <testsuite name="LowerRockLabs\LaravelLivewireTablesAdvancedFilters\Tests\DataTableComponentTest" file="/home/joe/awscandc/laraveladvancedtest/LaravelLivewireTablesAdvancedFilters/tests/DataTableComponentTest.php" tests="6" assertions="18" errors="0" warnings="0" failures="0" skipped="0" time="0.211686">
        <testcase name="default_datatable_fingerprints_will_be_different_for_each_table" class="LowerRockLabs\LaravelLivewireTablesAdvancedFilters\Tests\DataTableComponentTest" classname="LowerRockLabs.LaravelLivewireTablesAdvancedFilters.Tests.DataTableComponentTest" file="/home/joe/awscandc/laraveladvancedtest/LaravelLivewireTablesAdvancedFilters/tests/DataTableComponentTest.php" line="63" assertions="1" time="0.034490"/>
        <testcase name="primary_key_can_be_checked_for_existence" class="LowerRockLabs\LaravelLivewireTablesAdvancedFilters\Tests\DataTableComponentTest" classname="LowerRockLabs.LaravelLivewireTablesAdvancedFilters.Tests.DataTableComponentTest" file="/home/joe/awscandc/laraveladvancedtest/LaravelLivewireTablesAdvancedFilters/tests/DataTableComponentTest.php" line="22" assertions="2" time="0.034550"/>
        <testcase name="default_fingerprint_will_be_url_friendy" class="LowerRockLabs\LaravelLivewireTablesAdvancedFilters\Tests\DataTableComponentTest" classname="LowerRockLabs.LaravelLivewireTablesAdvancedFilters.Tests.DataTableComponentTest" file="/home/joe/awscandc/laraveladvancedtest/LaravelLivewireTablesAdvancedFilters/tests/DataTableComponentTest.php" line="72" assertions="10" time="0.039886"/>
        <testcase name="default_fingerprint_will_always_be_the_same_for_same_datatable" class="LowerRockLabs\LaravelLivewireTablesAdvancedFilters\Tests\DataTableComponentTest" classname="LowerRockLabs.LaravelLivewireTablesAdvancedFilters.Tests.DataTableComponentTest" file="/home/joe/awscandc/laraveladvancedtest/LaravelLivewireTablesAdvancedFilters/tests/DataTableComponentTest.php" line="45" assertions="2" time="0.034601"/>
        <testcase name="primary_key_has_to_be_set" class="LowerRockLabs\LaravelLivewireTablesAdvancedFilters\Tests\DataTableComponentTest" classname="LowerRockLabs.LaravelLivewireTablesAdvancedFilters.Tests.DataTableComponentTest" file="/home/joe/awscandc/laraveladvancedtest/LaravelLivewireTablesAdvancedFilters/tests/DataTableComponentTest.php" line="32" assertions="1" time="0.034023"/>
        <testcase name="primary_key_can_be_set" class="LowerRockLabs\LaravelLivewireTablesAdvancedFilters\Tests\DataTableComponentTest" classname="LowerRockLabs.LaravelLivewireTablesAdvancedFilters.Tests.DataTableComponentTest" file="/home/joe/awscandc/laraveladvancedtest/LaravelLivewireTablesAdvancedFilters/tests/DataTableComponentTest.php" line="12" assertions="2" time="0.034135"/>
      </testsuite>
      <testsuite name="LowerRockLabs\LaravelLivewireTablesAdvancedFilters\Tests\Traits\Visuals\ComponentVisualsTest" file="/home/joe/awscandc/laraveladvancedtest/LaravelLivewireTablesAdvancedFilters/tests/Traits/Visuals/ComponentVisualsTest.php" tests="4" assertions="5" errors="0" warnings="0" failures="0" skipped="0" time="1.237458">
        <testcase name="empty_message_shows_with_no_results" class="LowerRockLabs\LaravelLivewireTablesAdvancedFilters\Tests\Traits\Visuals\ComponentVisualsTest" classname="LowerRockLabs.LaravelLivewireTablesAdvancedFilters.Tests.Traits.Visuals.ComponentVisualsTest" file="/home/joe/awscandc/laraveladvancedtest/LaravelLivewireTablesAdvancedFilters/tests/Traits/Visuals/ComponentVisualsTest.php" line="19" assertions="1" time="0.365372"/>
        <testcase name="offline_message_is_available_when_needed" class="LowerRockLabs\LaravelLivewireTablesAdvancedFilters\Tests\Traits\Visuals\ComponentVisualsTest" classname="LowerRockLabs.LaravelLivewireTablesAdvancedFilters.Tests.Traits.Visuals.ComponentVisualsTest" file="/home/joe/awscandc/laraveladvancedtest/LaravelLivewireTablesAdvancedFilters/tests/Traits/Visuals/ComponentVisualsTest.php" line="36" assertions="1" time="0.234055"/>
        <testcase name="empty_message_does_not_show_with_results" class="LowerRockLabs\LaravelLivewireTablesAdvancedFilters\Tests\Traits\Visuals\ComponentVisualsTest" classname="LowerRockLabs.LaravelLivewireTablesAdvancedFilters.Tests.Traits.Visuals.ComponentVisualsTest" file="/home/joe/awscandc/laraveladvancedtest/LaravelLivewireTablesAdvancedFilters/tests/Traits/Visuals/ComponentVisualsTest.php" line="12" assertions="1" time="0.239473"/>
        <testcase name="debugging_shows_when_enabled" class="LowerRockLabs\LaravelLivewireTablesAdvancedFilters\Tests\Traits\Visuals\ComponentVisualsTest" classname="LowerRockLabs.LaravelLivewireTablesAdvancedFilters.Tests.Traits.Visuals.ComponentVisualsTest" file="/home/joe/awscandc/laraveladvancedtest/LaravelLivewireTablesAdvancedFilters/tests/Traits/Visuals/ComponentVisualsTest.php" line="27" assertions="2" time="0.398558"/>
      </testsuite>
      <testsuite name="LowerRockLabs\LaravelLivewireTablesAdvancedFilters\Tests\Views\DatePickerFilterTest" file="/home/joe/awscandc/laraveladvancedtest/LaravelLivewireTablesAdvancedFilters/tests/Views/DatePickerFilterTest.php" tests="18" assertions="35" errors="0" warnings="0" failures="0" skipped="0" time="0.668055">
        <testcase name="can_check_if_filter_is_reset_by_clear_button" class="LowerRockLabs\LaravelLivewireTablesAdvancedFilters\Tests\Views\DatePickerFilterTest" classname="LowerRockLabs.LaravelLivewireTablesAdvancedFilters.Tests.Views.DatePickerFilterTest" file="/home/joe/awscandc/laraveladvancedtest/LaravelLivewireTablesAdvancedFilters/tests/Views/DatePickerFilterTest.php" line="220" assertions="2" time="0.036682"/>
        <testcase name="can_get_filter_key" class="LowerRockLabs\LaravelLivewireTablesAdvancedFilters\Tests\Views\DatePickerFilterTest" classname="LowerRockLabs.LaravelLivewireTablesAdvancedFilters.Tests.Views.DatePickerFilterTest" file="/home/joe/awscandc/laraveladvancedtest/LaravelLivewireTablesAdvancedFilters/tests/Views/DatePickerFilterTest.php" line="20" assertions="1" time="0.036878"/>
        <testcase name="can_get_filter_configs" class="LowerRockLabs\LaravelLivewireTablesAdvancedFilters\Tests\Views\DatePickerFilterTest" classname="LowerRockLabs.LaravelLivewireTablesAdvancedFilters.Tests.Views.DatePickerFilterTest" file="/home/joe/awscandc/laraveladvancedtest/LaravelLivewireTablesAdvancedFilters/tests/Views/DatePickerFilterTest.php" line="28" assertions="2" time="0.036797"/>
        <testcase name="can_check_validation_rejects_invalid_values" class="LowerRockLabs\LaravelLivewireTablesAdvancedFilters\Tests\Views\DatePickerFilterTest" classname="LowerRockLabs.LaravelLivewireTablesAdvancedFilters.Tests.Views.DatePickerFilterTest" file="/home/joe/awscandc/laraveladvancedtest/LaravelLivewireTablesAdvancedFilters/tests/Views/DatePickerFilterTest.php" line="67" assertions="1" time="0.037148"/>
        <testcase name="can_get_filter_keys" class="LowerRockLabs\LaravelLivewireTablesAdvancedFilters\Tests\Views\DatePickerFilterTest" classname="LowerRockLabs.LaravelLivewireTablesAdvancedFilters.Tests.Views.DatePickerFilterTest" file="/home/joe/awscandc/laraveladvancedtest/LaravelLivewireTablesAdvancedFilters/tests/Views/DatePickerFilterTest.php" line="83" assertions="1" time="0.037283"/>
        <testcase name="can_get_if_empty" class="LowerRockLabs\LaravelLivewireTablesAdvancedFilters\Tests\Views\DatePickerFilterTest" classname="LowerRockLabs.LaravelLivewireTablesAdvancedFilters.Tests.Views.DatePickerFilterTest" file="/home/joe/awscandc/laraveladvancedtest/LaravelLivewireTablesAdvancedFilters/tests/Views/DatePickerFilterTest.php" line="52" assertions="2" time="0.037257"/>
        <testcase name="can_get_filter_default_value" class="LowerRockLabs\LaravelLivewireTablesAdvancedFilters\Tests\Views\DatePickerFilterTest" classname="LowerRockLabs.LaravelLivewireTablesAdvancedFilters.Tests.Views.DatePickerFilterTest" file="/home/joe/awscandc/laraveladvancedtest/LaravelLivewireTablesAdvancedFilters/tests/Views/DatePickerFilterTest.php" line="91" assertions="1" time="0.036705"/>
        <testcase name="can_check_if_filter_is_hidden_from_count" class="LowerRockLabs\LaravelLivewireTablesAdvancedFilters\Tests\Views\DatePickerFilterTest" classname="LowerRockLabs.LaravelLivewireTablesAdvancedFilters.Tests.Views.DatePickerFilterTest" file="/home/joe/awscandc/laraveladvancedtest/LaravelLivewireTablesAdvancedFilters/tests/Views/DatePickerFilterTest.php" line="206" assertions="4" time="0.037065"/>
        <testcase name="can_get_filter_name" class="LowerRockLabs\LaravelLivewireTablesAdvancedFilters\Tests\Views\DatePickerFilterTest" classname="LowerRockLabs.LaravelLivewireTablesAdvancedFilters.Tests.Views.DatePickerFilterTest" file="/home/joe/awscandc/laraveladvancedtest/LaravelLivewireTablesAdvancedFilters/tests/Views/DatePickerFilterTest.php" line="12" assertions="1" time="0.036795"/>
        <testcase name="can_check_if_filter_is_hidden_from_menus" class="LowerRockLabs\LaravelLivewireTablesAdvancedFilters\Tests\Views\DatePickerFilterTest" classname="LowerRockLabs.LaravelLivewireTablesAdvancedFilters.Tests.Views.DatePickerFilterTest" file="/home/joe/awscandc/laraveladvancedtest/LaravelLivewireTablesAdvancedFilters/tests/Views/DatePickerFilterTest.php" line="178" assertions="4" time="0.036429"/>
        <testcase name="can_get_filter_pill_title" class="LowerRockLabs\LaravelLivewireTablesAdvancedFilters\Tests\Views\DatePickerFilterTest" classname="LowerRockLabs.LaravelLivewireTablesAdvancedFilters.Tests.Views.DatePickerFilterTest" file="/home/joe/awscandc/laraveladvancedtest/LaravelLivewireTablesAdvancedFilters/tests/Views/DatePickerFilterTest.php" line="115" assertions="2" time="0.037121"/>
        <testcase name="can_check_if_filter_has_configs" class="LowerRockLabs\LaravelLivewireTablesAdvancedFilters\Tests\Views\DatePickerFilterTest" classname="LowerRockLabs.LaravelLivewireTablesAdvancedFilters.Tests.Views.DatePickerFilterTest" file="/home/joe/awscandc/laraveladvancedtest/LaravelLivewireTablesAdvancedFilters/tests/Views/DatePickerFilterTest.php" line="160" assertions="1" time="0.036483"/>
        <testcase name="can_check_filter_config_by_name" class="LowerRockLabs\LaravelLivewireTablesAdvancedFilters\Tests\Views\DatePickerFilterTest" classname="LowerRockLabs.LaravelLivewireTablesAdvancedFilters.Tests.Views.DatePickerFilterTest" file="/home/joe/awscandc/laraveladvancedtest/LaravelLivewireTablesAdvancedFilters/tests/Views/DatePickerFilterTest.php" line="168" assertions="2" time="0.036935"/>
        <testcase name="can_get_filter_callback" class="LowerRockLabs\LaravelLivewireTablesAdvancedFilters\Tests\Views\DatePickerFilterTest" classname="LowerRockLabs.LaravelLivewireTablesAdvancedFilters.Tests.Views.DatePickerFilterTest" file="/home/joe/awscandc/laraveladvancedtest/LaravelLivewireTablesAdvancedFilters/tests/Views/DatePickerFilterTest.php" line="99" assertions="3" time="0.038375"/>
        <testcase name="can_check_if_filter_is_hidden_from_pills" class="LowerRockLabs\LaravelLivewireTablesAdvancedFilters\Tests\Views\DatePickerFilterTest" classname="LowerRockLabs.LaravelLivewireTablesAdvancedFilters.Tests.Views.DatePickerFilterTest" file="/home/joe/awscandc/laraveladvancedtest/LaravelLivewireTablesAdvancedFilters/tests/Views/DatePickerFilterTest.php" line="192" assertions="4" time="0.038288"/>
        <testcase name="can_check_validation_accepts_valid_values" class="LowerRockLabs\LaravelLivewireTablesAdvancedFilters\Tests\Views\DatePickerFilterTest" classname="LowerRockLabs.LaravelLivewireTablesAdvancedFilters.Tests.Views.DatePickerFilterTest" file="/home/joe/awscandc/laraveladvancedtest/LaravelLivewireTablesAdvancedFilters/tests/Views/DatePickerFilterTest.php" line="60" assertions="1" time="0.037855"/>
        <testcase name="get_a_single_filter_config" class="LowerRockLabs\LaravelLivewireTablesAdvancedFilters\Tests\Views\DatePickerFilterTest" classname="LowerRockLabs.LaravelLivewireTablesAdvancedFilters.Tests.Views.DatePickerFilterTest" file="/home/joe/awscandc/laraveladvancedtest/LaravelLivewireTablesAdvancedFilters/tests/Views/DatePickerFilterTest.php" line="74" assertions="1" time="0.037055"/>
[...]
        <testcase name="can_get_filter_name" class="LowerRockLabs\LaravelLivewireTablesAdvancedFilters\Tests\Views\SmartSelectFilterTest" classname="LowerRockLabs.LaravelLivewireTablesAdvancedFilters.Tests.Views.SmartSelectFilterTest" file="/home/joe/awscandc/laraveladvancedtest/LaravelLivewireTablesAdvancedFilters/tests/Views/SmartSelectFilterTest.php" line="13" assertions="1" time="0.036883"/>
        <testcase name="can_get_filter_pill_title" class="LowerRockLabs\LaravelLivewireTablesAdvancedFilters\Tests\Views\SmartSelectFilterTest" classname="LowerRockLabs.LaravelLivewireTablesAdvancedFilters.Tests.Views.SmartSelectFilterTest" file="/home/joe/awscandc/laraveladvancedtest/LaravelLivewireTablesAdvancedFilters/tests/Views/SmartSelectFilterTest.php" line="120" assertions="2" time="0.040968"/>
        <testcase name="can_check_if_filter_is_hidden_from_count" class="LowerRockLabs\LaravelLivewireTablesAdvancedFilters\Tests\Views\SmartSelectFilterTest" classname="LowerRockLabs.LaravelLivewireTablesAdvancedFilters.Tests.Views.SmartSelectFilterTest" file="/home/joe/awscandc/laraveladvancedtest/LaravelLivewireTablesAdvancedFilters/tests/Views/SmartSelectFilterTest.php" line="210" assertions="4" time="0.037288"/>
        <testcase name="can_check_if_filter_has_configs" class="LowerRockLabs\LaravelLivewireTablesAdvancedFilters\Tests\Views\SmartSelectFilterTest" classname="LowerRockLabs.LaravelLivewireTablesAdvancedFilters.Tests.Views.SmartSelectFilterTest" file="/home/joe/awscandc/laraveladvancedtest/LaravelLivewireTablesAdvancedFilters/tests/Views/SmartSelectFilterTest.php" line="165" assertions="1" time="0.036798"/>
        <testcase name="can_check_validation_accepts_valid_values" class="LowerRockLabs\LaravelLivewireTablesAdvancedFilters\Tests\Views\SmartSelectFilterTest" classname="LowerRockLabs.LaravelLivewireTablesAdvancedFilters.Tests.Views.SmartSelectFilterTest" file="/home/joe/awscandc/laraveladvancedtest/LaravelLivewireTablesAdvancedFilters/tests/Views/SmartSelectFilterTest.php" line="58" assertions="1" time="0.040278"/>
        <testcase name="can_get_filter_options" class="LowerRockLabs\LaravelLivewireTablesAdvancedFilters\Tests\Views\SmartSelectFilterTest" classname="LowerRockLabs.LaravelLivewireTablesAdvancedFilters.Tests.Views.SmartSelectFilterTest" file="/home/joe/awscandc/laraveladvancedtest/LaravelLivewireTablesAdvancedFilters/tests/Views/SmartSelectFilterTest.php" line="76" assertions="1" time="0.044775"/>
        <testcase name="can_check_if_filter_is_hidden_from_menus" class="LowerRockLabs\LaravelLivewireTablesAdvancedFilters\Tests\Views\SmartSelectFilterTest" classname="LowerRockLabs.LaravelLivewireTablesAdvancedFilters.Tests.Views.SmartSelectFilterTest" file="/home/joe/awscandc/laraveladvancedtest/LaravelLivewireTablesAdvancedFilters/tests/Views/SmartSelectFilterTest.php" line="182" assertions="4" time="0.037962"/>
        <testcase name="can_check_if_filter_is_hidden_from_pills" class="LowerRockLabs\LaravelLivewireTablesAdvancedFilters\Tests\Views\SmartSelectFilterTest" classname="LowerRockLabs.LaravelLivewireTablesAdvancedFilters.Tests.Views.SmartSelectFilterTest" file="/home/joe/awscandc/laraveladvancedtest/LaravelLivewireTablesAdvancedFilters/tests/Views/SmartSelectFilterTest.php" line="196" assertions="4" time="0.044413"/>
        <testcase name="can_get_filter_callback" class="LowerRockLabs\LaravelLivewireTablesAdvancedFilters\Tests\Views\SmartSelectFilterTest" classname="LowerRockLabs.LaravelLivewireTablesAdvancedFilters.Tests.Views.SmartSelectFilterTest" file="/home/joe/awscandc/laraveladvancedtest/LaravelLivewireTablesAdvancedFilters/tests/Views/SmartSelectFilterTest.php" line="101" assertions="3" time="0.047968"/>
        <testcase name="can_check_if_filter_is_reset_by_clear_button" class="LowerRockLabs\LaravelLivewireTablesAdvancedFilters\Tests\Views\SmartSelectFilterTest" classname="LowerRockLabs.LaravelLivewireTablesAdvancedFilters.Tests.Views.SmartSelectFilterTest" file="/home/joe/awscandc/laraveladvancedtest/LaravelLivewireTablesAdvancedFilters/tests/Views/SmartSelectFilterTest.php" line="224" assertions="2" time="0.043292"/>
        <testcase name="can_get_filter_keys" class="LowerRockLabs\LaravelLivewireTablesAdvancedFilters\Tests\Views\SmartSelectFilterTest" classname="LowerRockLabs.LaravelLivewireTablesAdvancedFilters.Tests.Views.SmartSelectFilterTest" file="/home/joe/awscandc/laraveladvancedtest/LaravelLivewireTablesAdvancedFilters/tests/Views/SmartSelectFilterTest.php" line="85" assertions="1" time="0.041617"/>
        <testcase name="can_get_filter_default_value" class="LowerRockLabs\LaravelLivewireTablesAdvancedFilters\Tests\Views\SmartSelectFilterTest" classname="LowerRockLabs.LaravelLivewireTablesAdvancedFilters.Tests.Views.SmartSelectFilterTest" file="/home/joe/awscandc/laraveladvancedtest/LaravelLivewireTablesAdvancedFilters/tests/Views/SmartSelectFilterTest.php" line="93" assertions="1" time="0.037011"/>
        <testcase name="can_get_filter_configs" class="LowerRockLabs\LaravelLivewireTablesAdvancedFilters\Tests\Views\SmartSelectFilterTest" classname="LowerRockLabs.LaravelLivewireTablesAdvancedFilters.Tests.Views.SmartSelectFilterTest" file="/home/joe/awscandc/laraveladvancedtest/LaravelLivewireTablesAdvancedFilters/tests/Views/SmartSelectFilterTest.php" line="29" assertions="2" time="0.036841"/>
        <testcase name="can_check_validation_rejects_invalid_values" class="LowerRockLabs\LaravelLivewireTablesAdvancedFilters\Tests\Views\SmartSelectFilterTest" classname="LowerRockLabs.LaravelLivewireTablesAdvancedFilters.Tests.Views.SmartSelectFilterTest" file="/home/joe/awscandc/laraveladvancedtest/LaravelLivewireTablesAdvancedFilters/tests/Views/SmartSelectFilterTest.php" line="67" assertions="1" time="0.040491"/>
      </testsuite>
      <testsuite name="LowerRockLabs\LaravelLivewireTablesAdvancedFilters\Tests\Views\Traits\Helpers\FilterHelpersTest" file="/home/joe/awscandc/laraveladvancedtest/LaravelLivewireTablesAdvancedFilters/tests/Views/Traits/Helpers/FilterHelpersTest.php" tests="17" assertions="40" errors="0" warnings="0" failures="0" skipped="0" time="0.637447">
        <testcase name="can_check_if_filter_is_hidden_from_pills" class="LowerRockLabs\LaravelLivewireTablesAdvancedFilters\Tests\Views\Traits\Helpers\FilterHelpersTest" classname="LowerRockLabs.LaravelLivewireTablesAdvancedFilters.Tests.Views.Traits.Helpers.FilterHelpersTest" file="/home/joe/awscandc/laraveladvancedtest/LaravelLivewireTablesAdvancedFilters/tests/Views/Traits/Helpers/FilterHelpersTest.php" line="191" assertions="4" time="0.035332"/>
        <testcase name="can_check_if_filter_is_hidden_from_count" class="LowerRockLabs\LaravelLivewireTablesAdvancedFilters\Tests\Views\Traits\Helpers\FilterHelpersTest" classname="LowerRockLabs.LaravelLivewireTablesAdvancedFilters.Tests.Views.Traits.Helpers.FilterHelpersTest" file="/home/joe/awscandc/laraveladvancedtest/LaravelLivewireTablesAdvancedFilters/tests/Views/Traits/Helpers/FilterHelpersTest.php" line="205" assertions="4" time="0.035252"/>
        <testcase name="get_a_single_filter_config" class="LowerRockLabs\LaravelLivewireTablesAdvancedFilters\Tests\Views\Traits\Helpers\FilterHelpersTest" classname="LowerRockLabs.LaravelLivewireTablesAdvancedFilters.Tests.Views.Traits.Helpers.FilterHelpersTest" file="/home/joe/awscandc/laraveladvancedtest/LaravelLivewireTablesAdvancedFilters/tests/Views/Traits/Helpers/FilterHelpersTest.php" line="42" assertions="1" time="0.034140"/>
        <testcase name="can_get_nested_filter_keys" class="LowerRockLabs\LaravelLivewireTablesAdvancedFilters\Tests\Views\Traits\Helpers\FilterHelpersTest" classname="LowerRockLabs.LaravelLivewireTablesAdvancedFilters.Tests.Views.Traits.Helpers.FilterHelpersTest" file="/home/joe/awscandc/laraveladvancedtest/LaravelLivewireTablesAdvancedFilters/tests/Views/Traits/Helpers/FilterHelpersTest.php" line="63" assertions="3" time="0.035029"/>
        <testcase name="can_check_if_filter_has_configs" class="LowerRockLabs\LaravelLivewireTablesAdvancedFilters\Tests\Views\Traits\Helpers\FilterHelpersTest" classname="LowerRockLabs.LaravelLivewireTablesAdvancedFilters.Tests.Views.Traits.Helpers.FilterHelpersTest" file="/home/joe/awscandc/laraveladvancedtest/LaravelLivewireTablesAdvancedFilters/tests/Views/Traits/Helpers/FilterHelpersTest.php" line="154" assertions="2" time="0.034769"/>
        <testcase name="can_check_filter_config_by_name" class="LowerRockLabs\LaravelLivewireTablesAdvancedFilters\Tests\Views\Traits\Helpers\FilterHelpersTest" classname="LowerRockLabs.LaravelLivewireTablesAdvancedFilters.Tests.Views.Traits.Helpers.FilterHelpersTest" file="/home/joe/awscandc/laraveladvancedtest/LaravelLivewireTablesAdvancedFilters/tests/Views/Traits/Helpers/FilterHelpersTest.php" line="167" assertions="2" time="0.035077"/>
        <testcase name="can_check_if_filter_is_reset_by_clear_button" class="LowerRockLabs\LaravelLivewireTablesAdvancedFilters\Tests\Views\Traits\Helpers\FilterHelpersTest" classname="LowerRockLabs.LaravelLivewireTablesAdvancedFilters.Tests.Views.Traits.Helpers.FilterHelpersTest" file="/home/joe/awscandc/laraveladvancedtest/LaravelLivewireTablesAdvancedFilters/tests/Views/Traits/Helpers/FilterHelpersTest.php" line="219" assertions="2" time="0.037181"/>
        <testcase name="can_get_filter_key" class="LowerRockLabs\LaravelLivewireTablesAdvancedFilters\Tests\Views\Traits\Helpers\FilterHelpersTest" classname="LowerRockLabs.LaravelLivewireTablesAdvancedFilters.Tests.Views.Traits.Helpers.FilterHelpersTest" file="/home/joe/awscandc/laraveladvancedtest/LaravelLivewireTablesAdvancedFilters/tests/Views/Traits/Helpers/FilterHelpersTest.php" line="22" assertions="1" time="0.036488"/>
        <testcase name="can_get_filter_keys" class="LowerRockLabs\LaravelLivewireTablesAdvancedFilters\Tests\Views\Traits\Helpers\FilterHelpersTest" classname="LowerRockLabs.LaravelLivewireTablesAdvancedFilters.Tests.Views.Traits.Helpers.FilterHelpersTest" file="/home/joe/awscandc/laraveladvancedtest/LaravelLivewireTablesAdvancedFilters/tests/Views/Traits/Helpers/FilterHelpersTest.php" line="51" assertions="2" time="0.038962"/>
        <testcase name="can_get_nested_filter_pill_value" class="LowerRockLabs\LaravelLivewireTablesAdvancedFilters\Tests\Views\Traits\Helpers\FilterHelpersTest" classname="LowerRockLabs.LaravelLivewireTablesAdvancedFilters.Tests.Views.Traits.Helpers.FilterHelpersTest" file="/home/joe/awscandc/laraveladvancedtest/LaravelLivewireTablesAdvancedFilters/tests/Views/Traits/Helpers/FilterHelpersTest.php" line="139" assertions="2" time="0.045101"/>
        <testcase name="can_get_filter_name" class="LowerRockLabs\LaravelLivewireTablesAdvancedFilters\Tests\Views\Traits\Helpers\FilterHelpersTest" classname="LowerRockLabs.LaravelLivewireTablesAdvancedFilters.Tests.Views.Traits.Helpers.FilterHelpersTest" file="/home/joe/awscandc/laraveladvancedtest/LaravelLivewireTablesAdvancedFilters/tests/Views/Traits/Helpers/FilterHelpersTest.php" line="14" assertions="1" time="0.038616"/>
        <testcase name="can_get_filter_pill_value" class="LowerRockLabs\LaravelLivewireTablesAdvancedFilters\Tests\Views\Traits\Helpers\FilterHelpersTest" classname="LowerRockLabs.LaravelLivewireTablesAdvancedFilters.Tests.Views.Traits.Helpers.FilterHelpersTest" file="/home/joe/awscandc/laraveladvancedtest/LaravelLivewireTablesAdvancedFilters/tests/Views/Traits/Helpers/FilterHelpersTest.php" line="124" assertions="2" time="0.039424"/>
        <testcase name="can_get_filter_callback" class="LowerRockLabs\LaravelLivewireTablesAdvancedFilters\Tests\Views\Traits\Helpers\FilterHelpersTest" classname="LowerRockLabs.LaravelLivewireTablesAdvancedFilters.Tests.Views.Traits.Helpers.FilterHelpersTest" file="/home/joe/awscandc/laraveladvancedtest/LaravelLivewireTablesAdvancedFilters/tests/Views/Traits/Helpers/FilterHelpersTest.php" line="95" assertions="3" time="0.051359"/>
        <testcase name="can_get_filter_pill_title" class="LowerRockLabs\LaravelLivewireTablesAdvancedFilters\Tests\Views\Traits\Helpers\FilterHelpersTest" classname="LowerRockLabs.LaravelLivewireTablesAdvancedFilters.Tests.Views.Traits.Helpers.FilterHelpersTest" file="/home/joe/awscandc/laraveladvancedtest/LaravelLivewireTablesAdvancedFilters/tests/Views/Traits/Helpers/FilterHelpersTest.php" line="111" assertions="2" time="0.035668"/>
        <testcase name="can_get_filter_configs" class="LowerRockLabs\LaravelLivewireTablesAdvancedFilters\Tests\Views\Traits\Helpers\FilterHelpersTest" classname="LowerRockLabs.LaravelLivewireTablesAdvancedFilters.Tests.Views.Traits.Helpers.FilterHelpersTest" file="/home/joe/awscandc/laraveladvancedtest/LaravelLivewireTablesAdvancedFilters/tests/Views/Traits/Helpers/FilterHelpersTest.php" line="30" assertions="2" time="0.034943"/>
        <testcase name="can_check_if_filter_is_hidden_from_menus" class="LowerRockLabs\LaravelLivewireTablesAdvancedFilters\Tests\Views\Traits\Helpers\FilterHelpersTest" classname="LowerRockLabs.LaravelLivewireTablesAdvancedFilters.Tests.Views.Traits.Helpers.FilterHelpersTest" file="/home/joe/awscandc/laraveladvancedtest/LaravelLivewireTablesAdvancedFilters/tests/Views/Traits/Helpers/FilterHelpersTest.php" line="177" assertions="4" time="0.034249"/>
        <testcase name="can_get_filter_default_value" class="LowerRockLabs\LaravelLivewireTablesAdvancedFilters\Tests\Views\Traits\Helpers\FilterHelpersTest" classname="LowerRockLabs.LaravelLivewireTablesAdvancedFilters.Tests.Views.Traits.Helpers.FilterHelpersTest" file="/home/joe/awscandc/laraveladvancedtest/LaravelLivewireTablesAdvancedFilters/tests/Views/Traits/Helpers/FilterHelpersTest.php" line="79" assertions="3" time="0.035857"/>
      </testsuite>
      <testsuite name="LowerRockLabs\LaravelLivewireTablesAdvancedFilters\Tests\Views\BooleanColumnTest" file="/home/joe/awscandc/laraveladvancedtest/LaravelLivewireTablesAdvancedFilters/tests/Views/BooleanColumnTest.php" tests="2" assertions="3" errors="0" warnings="0" failures="0" skipped="0" time="0.069813">
        <testcase name="boolean_column_can_not_be_a_label" class="LowerRockLabs\LaravelLivewireTablesAdvancedFilters\Tests\Views\BooleanColumnTest" classname="LowerRockLabs.LaravelLivewireTablesAdvancedFilters.Tests.Views.BooleanColumnTest" file="/home/joe/awscandc/laraveladvancedtest/LaravelLivewireTablesAdvancedFilters/tests/Views/BooleanColumnTest.php" line="13" assertions="1" time="0.034919"/>
        <testcase name="boolean_column_can_be_yes_no" class="LowerRockLabs\LaravelLivewireTablesAdvancedFilters\Tests\Views\BooleanColumnTest" classname="LowerRockLabs.LaravelLivewireTablesAdvancedFilters.Tests.Views.BooleanColumnTest" file="/home/joe/awscandc/laraveladvancedtest/LaravelLivewireTablesAdvancedFilters/tests/Views/BooleanColumnTest.php" line="21" assertions="2" time="0.034894"/>
      </testsuite>
      <testsuite name="LowerRockLabs\LaravelLivewireTablesAdvancedFilters\Tests\Views\Traits\Configuration\ColumnConfigurationTest" file="/home/joe/awscandc/laraveladvancedtest/LaravelLivewireTablesAdvancedFilters/tests/Views/Traits/Configuration/ColumnConfigurationTest.php" tests="10" assertions="24" errors="0" warnings="0" failures="0" skipped="0" time="0.371693">
        <testcase name="can_set_secondary_header_as_filter" class="LowerRockLabs\LaravelLivewireTablesAdvancedFilters\Tests\Views\Traits\Configuration\ColumnConfigurationTest" classname="LowerRockLabs.LaravelLivewireTablesAdvancedFilters.Tests.Views.Traits.Configuration.ColumnConfigurationTest" file="/home/joe/awscandc/laraveladvancedtest/LaravelLivewireTablesAdvancedFilters/tests/Views/Traits/Configuration/ColumnConfigurationTest.php" line="114" assertions="3" time="0.037418"/>
        <testcase name="can_set_footer_as_filter" class="LowerRockLabs\LaravelLivewireTablesAdvancedFilters\Tests\Views\Traits\Configuration\ColumnConfigurationTest" classname="LowerRockLabs.LaravelLivewireTablesAdvancedFilters.Tests.Views.Traits.Configuration.ColumnConfigurationTest" file="/home/joe/awscandc/laraveladvancedtest/LaravelLivewireTablesAdvancedFilters/tests/Views/Traits/Configuration/ColumnConfigurationTest.php" line="127" assertions="3" time="0.042572"/>
        <testcase name="can_make_column_unclickable" class="LowerRockLabs\LaravelLivewireTablesAdvancedFilters\Tests\Views\Traits\Configuration\ColumnConfigurationTest" classname="LowerRockLabs.LaravelLivewireTablesAdvancedFilters.Tests.Views.Traits.Configuration.ColumnConfigurationTest" file="/home/joe/awscandc/laraveladvancedtest/LaravelLivewireTablesAdvancedFilters/tests/Views/Traits/Configuration/ColumnConfigurationTest.php" line="86" assertions="2" time="0.037153"/>
        <testcase name="can_hide_column" class="LowerRockLabs\LaravelLivewireTablesAdvancedFilters\Tests\Views\Traits\Configuration\ColumnConfigurationTest" classname="LowerRockLabs.LaravelLivewireTablesAdvancedFilters.Tests.Views.Traits.Configuration.ColumnConfigurationTest" file="/home/joe/awscandc/laraveladvancedtest/LaravelLivewireTablesAdvancedFilters/tests/Views/Traits/Configuration/ColumnConfigurationTest.php" line="60" assertions="4" time="0.038186"/>
        <testcase name="can_set_column_wants_html" class="LowerRockLabs\LaravelLivewireTablesAdvancedFilters\Tests\Views\Traits\Configuration\ColumnConfigurationTest" classname="LowerRockLabs.LaravelLivewireTablesAdvancedFilters.Tests.Views.Traits.Configuration.ColumnConfigurationTest" file="/home/joe/awscandc/laraveladvancedtest/LaravelLivewireTablesAdvancedFilters/tests/Views/Traits/Configuration/ColumnConfigurationTest.php" line="48" assertions="2" time="0.036437"/>
        <testcase name="can_set_column_to_eager_load_relations" class="LowerRockLabs\LaravelLivewireTablesAdvancedFilters\Tests\Views\Traits\Configuration\ColumnConfigurationTest" classname="LowerRockLabs.LaravelLivewireTablesAdvancedFilters.Tests.Views.Traits.Configuration.ColumnConfigurationTest" file="/home/joe/awscandc/laraveladvancedtest/LaravelLivewireTablesAdvancedFilters/tests/Views/Traits/Configuration/ColumnConfigurationTest.php" line="12" assertions="2" time="0.035070"/>
        <testcase name="can_set_column_format" class="LowerRockLabs\LaravelLivewireTablesAdvancedFilters\Tests\Views\Traits\Configuration\ColumnConfigurationTest" classname="LowerRockLabs.LaravelLivewireTablesAdvancedFilters.Tests.Views.Traits.Configuration.ColumnConfigurationTest" file="/home/joe/awscandc/laraveladvancedtest/LaravelLivewireTablesAdvancedFilters/tests/Views/Traits/Configuration/ColumnConfigurationTest.php" line="36" assertions="2" time="0.035255"/>
        <testcase name="can_deselect_column" class="LowerRockLabs\LaravelLivewireTablesAdvancedFilters\Tests\Views\Traits\Configuration\ColumnConfigurationTest" classname="LowerRockLabs.LaravelLivewireTablesAdvancedFilters.Tests.Views.Traits.Configuration.ColumnConfigurationTest" file="/home/joe/awscandc/laraveladvancedtest/LaravelLivewireTablesAdvancedFilters/tests/Views/Traits/Configuration/ColumnConfigurationTest.php" line="102" assertions="2" time="0.036687"/>
        <testcase name="can_exclude_from_column_select" class="LowerRockLabs\LaravelLivewireTablesAdvancedFilters\Tests\Views\Traits\Configuration\ColumnConfigurationTest" classname="LowerRockLabs.LaravelLivewireTablesAdvancedFilters.Tests.Views.Traits.Configuration.ColumnConfigurationTest" file="/home/joe/awscandc/laraveladvancedtest/LaravelLivewireTablesAdvancedFilters/tests/Views/Traits/Configuration/ColumnConfigurationTest.php" line="74" assertions="2" time="0.038443"/>
        <testcase name="can_set_component_on_column" class="LowerRockLabs\LaravelLivewireTablesAdvancedFilters\Tests\Views\Traits\Configuration\ColumnConfigurationTest" classname="LowerRockLabs.LaravelLivewireTablesAdvancedFilters.Tests.Views.Traits.Configuration.ColumnConfigurationTest" file="/home/joe/awscandc/laraveladvancedtest/LaravelLivewireTablesAdvancedFilters/tests/Views/Traits/Configuration/ColumnConfigurationTest.php" line="24" assertions="2" time="0.034472"/>
      </testsuite>
    </testsuite>
  </testsuite>
</testsuites>
