<?xml version="1.0" encoding="UTF-8"?>
<testsuites>
  <testsuite name="" tests="252" assertions="565" errors="0" warnings="0" failures="0" skipped="0" time="16.200021">
    <testsuite name="LaravelLivewireTablesAdvancedFilters Test Suite" tests="252" assertions="565" errors="0" warnings="0" failures="0" skipped="0" time="16.200021">
      <testsuite name="LowerRockLabs\LaravelLivewireTablesAdvancedFilters\Tests\Views\NumberRangeFilterTest" file="/home/joe/awscandc/laraveladvancedtest/LaravelLivewireTablesAdvancedFilters/tests/Views/NumberRangeFilterTest.php" tests="19" assertions="37" errors="0" warnings="0" failures="0" skipped="0" time="0.763534">
        <testcase name="can_get_filter_keys" class="LowerRockLabs\LaravelLivewireTablesAdvancedFilters\Tests\Views\NumberRangeFilterTest" classname="LowerRockLabs.LaravelLivewireTablesAdvancedFilters.Tests.Views.NumberRangeFilterTest" file="/home/joe/awscandc/laraveladvancedtest/LaravelLivewireTablesAdvancedFilters/tests/Views/NumberRangeFilterTest.php" line="91" assertions="1" time="0.157720"/>
        <testcase name="can_check_if_filter_is_hidden_from_pills" class="LowerRockLabs\LaravelLivewireTablesAdvancedFilters\Tests\Views\NumberRangeFilterTest" classname="LowerRockLabs.LaravelLivewireTablesAdvancedFilters.Tests.Views.NumberRangeFilterTest" file="/home/joe/awscandc/laraveladvancedtest/LaravelLivewireTablesAdvancedFilters/tests/Views/NumberRangeFilterTest.php" line="201" assertions="4" time="0.027965"/>
        <testcase name="get_a_single_filter_config" class="LowerRockLabs\LaravelLivewireTablesAdvancedFilters\Tests\Views\NumberRangeFilterTest" classname="LowerRockLabs.LaravelLivewireTablesAdvancedFilters.Tests.Views.NumberRangeFilterTest" file="/home/joe/awscandc/laraveladvancedtest/LaravelLivewireTablesAdvancedFilters/tests/Views/NumberRangeFilterTest.php" line="40" assertions="1" time="0.028651"/>
        <testcase name="can_check_validation_rejects_invalid_values" class="LowerRockLabs\LaravelLivewireTablesAdvancedFilters\Tests\Views\NumberRangeFilterTest" classname="LowerRockLabs.LaravelLivewireTablesAdvancedFilters.Tests.Views.NumberRangeFilterTest" file="/home/joe/awscandc/laraveladvancedtest/LaravelLivewireTablesAdvancedFilters/tests/Views/NumberRangeFilterTest.php" line="64" assertions="1" time="0.028118"/>
        <testcase name="can_get_if_empty" class="LowerRockLabs\LaravelLivewireTablesAdvancedFilters\Tests\Views\NumberRangeFilterTest" classname="LowerRockLabs.LaravelLivewireTablesAdvancedFilters.Tests.Views.NumberRangeFilterTest" file="/home/joe/awscandc/laraveladvancedtest/LaravelLivewireTablesAdvancedFilters/tests/Views/NumberRangeFilterTest.php" line="49" assertions="2" time="0.030630"/>
        <testcase name="can_check_validation_accepts_valid_values" class="LowerRockLabs\LaravelLivewireTablesAdvancedFilters\Tests\Views\NumberRangeFilterTest" classname="LowerRockLabs.LaravelLivewireTablesAdvancedFilters.Tests.Views.NumberRangeFilterTest" file="/home/joe/awscandc/laraveladvancedtest/LaravelLivewireTablesAdvancedFilters/tests/Views/NumberRangeFilterTest.php" line="57" assertions="1" time="0.034893"/>
        <testcase name="can_check_if_filter_is_hidden_from_menus" class="LowerRockLabs\LaravelLivewireTablesAdvancedFilters\Tests\Views\NumberRangeFilterTest" classname="LowerRockLabs.LaravelLivewireTablesAdvancedFilters.Tests.Views.NumberRangeFilterTest" file="/home/joe/awscandc/laraveladvancedtest/LaravelLivewireTablesAdvancedFilters/tests/Views/NumberRangeFilterTest.php" line="187" assertions="4" time="0.034680"/>
        <testcase name="can_get_filter_configs" class="LowerRockLabs\LaravelLivewireTablesAdvancedFilters\Tests\Views\NumberRangeFilterTest" classname="LowerRockLabs.LaravelLivewireTablesAdvancedFilters.Tests.Views.NumberRangeFilterTest" file="/home/joe/awscandc/laraveladvancedtest/LaravelLivewireTablesAdvancedFilters/tests/Views/NumberRangeFilterTest.php" line="28" assertions="2" time="0.034929"/>
        <testcase name="can_check_if_filter_is_hidden_from_count" class="LowerRockLabs\LaravelLivewireTablesAdvancedFilters\Tests\Views\NumberRangeFilterTest" classname="LowerRockLabs.LaravelLivewireTablesAdvancedFilters.Tests.Views.NumberRangeFilterTest" file="/home/joe/awscandc/laraveladvancedtest/LaravelLivewireTablesAdvancedFilters/tests/Views/NumberRangeFilterTest.php" line="215" assertions="4" time="0.035752"/>
        <testcase name="can_check_if_filter_is_reset_by_clear_button" class="LowerRockLabs\LaravelLivewireTablesAdvancedFilters\Tests\Views\NumberRangeFilterTest" classname="LowerRockLabs.LaravelLivewireTablesAdvancedFilters.Tests.Views.NumberRangeFilterTest" file="/home/joe/awscandc/laraveladvancedtest/LaravelLivewireTablesAdvancedFilters/tests/Views/NumberRangeFilterTest.php" line="229" assertions="2" time="0.035408"/>
        <testcase name="can_check_filter_config_by_name" class="LowerRockLabs\LaravelLivewireTablesAdvancedFilters\Tests\Views\NumberRangeFilterTest" classname="LowerRockLabs.LaravelLivewireTablesAdvancedFilters.Tests.Views.NumberRangeFilterTest" file="/home/joe/awscandc/laraveladvancedtest/LaravelLivewireTablesAdvancedFilters/tests/Views/NumberRangeFilterTest.php" line="177" assertions="2" time="0.034870"/>
        <testcase name="can_get_filter_callback" class="LowerRockLabs\LaravelLivewireTablesAdvancedFilters\Tests\Views\NumberRangeFilterTest" classname="LowerRockLabs.LaravelLivewireTablesAdvancedFilters.Tests.Views.NumberRangeFilterTest" file="/home/joe/awscandc/laraveladvancedtest/LaravelLivewireTablesAdvancedFilters/tests/Views/NumberRangeFilterTest.php" line="107" assertions="3" time="0.034954"/>
        <testcase name="can_get_filter_key" class="LowerRockLabs\LaravelLivewireTablesAdvancedFilters\Tests\Views\NumberRangeFilterTest" classname="LowerRockLabs.LaravelLivewireTablesAdvancedFilters.Tests.Views.NumberRangeFilterTest" file="/home/joe/awscandc/laraveladvancedtest/LaravelLivewireTablesAdvancedFilters/tests/Views/NumberRangeFilterTest.php" line="20" assertions="1" time="0.034482"/>
        <testcase name="can_check_if_filter_has_configs" class="LowerRockLabs\LaravelLivewireTablesAdvancedFilters\Tests\Views\NumberRangeFilterTest" classname="LowerRockLabs.LaravelLivewireTablesAdvancedFilters.Tests.Views.NumberRangeFilterTest" file="/home/joe/awscandc/laraveladvancedtest/LaravelLivewireTablesAdvancedFilters/tests/Views/NumberRangeFilterTest.php" line="169" assertions="1" time="0.034198"/>
        <testcase name="can_get_filter_pill_title" class="LowerRockLabs\LaravelLivewireTablesAdvancedFilters\Tests\Views\NumberRangeFilterTest" classname="LowerRockLabs.LaravelLivewireTablesAdvancedFilters.Tests.Views.NumberRangeFilterTest" file="/home/joe/awscandc/laraveladvancedtest/LaravelLivewireTablesAdvancedFilters/tests/Views/NumberRangeFilterTest.php" line="124" assertions="2" time="0.034993"/>
        <testcase name="can_get_filter_default_value" class="LowerRockLabs\LaravelLivewireTablesAdvancedFilters\Tests\Views\NumberRangeFilterTest" classname="LowerRockLabs.LaravelLivewireTablesAdvancedFilters.Tests.Views.NumberRangeFilterTest" file="/home/joe/awscandc/laraveladvancedtest/LaravelLivewireTablesAdvancedFilters/tests/Views/NumberRangeFilterTest.php" line="99" assertions="1" time="0.035415"/>
        <testcase name="can_get_filter_options" class="LowerRockLabs\LaravelLivewireTablesAdvancedFilters\Tests\Views\NumberRangeFilterTest" classname="LowerRockLabs.LaravelLivewireTablesAdvancedFilters.Tests.Views.NumberRangeFilterTest" file="/home/joe/awscandc/laraveladvancedtest/LaravelLivewireTablesAdvancedFilters/tests/Views/NumberRangeFilterTest.php" line="79" assertions="2" time="0.036728"/>
        <testcase name="can_check_validation_populates_missing_values" class="LowerRockLabs\LaravelLivewireTablesAdvancedFilters\Tests\Views\NumberRangeFilterTest" classname="LowerRockLabs.LaravelLivewireTablesAdvancedFilters.Tests.Views.NumberRangeFilterTest" file="/home/joe/awscandc/laraveladvancedtest/LaravelLivewireTablesAdvancedFilters/tests/Views/NumberRangeFilterTest.php" line="71" assertions="2" time="0.034367"/>
        <testcase name="can_get_filter_name" class="LowerRockLabs\LaravelLivewireTablesAdvancedFilters\Tests\Views\NumberRangeFilterTest" classname="LowerRockLabs.LaravelLivewireTablesAdvancedFilters.Tests.Views.NumberRangeFilterTest" file="/home/joe/awscandc/laraveladvancedtest/LaravelLivewireTablesAdvancedFilters/tests/Views/NumberRangeFilterTest.php" line="12" assertions="1" time="0.034781"/>
      </testsuite>
      <testsuite name="LowerRockLabs\LaravelLivewireTablesAdvancedFilters\Tests\Traits\Visuals\AdvancedFiltersVisualsTest" file="/home/joe/awscandc/laraveladvancedtest/LaravelLivewireTablesAdvancedFilters/tests/Traits/Visuals/AdvancedFiltersVisualsTest.php" tests="7" assertions="8" errors="0" warnings="0" failures="0" skipped="0" time="2.504137">
        <testcase name="can_see_html_for_date_picker_filter" class="LowerRockLabs\LaravelLivewireTablesAdvancedFilters\Tests\Traits\Visuals\AdvancedFiltersVisualsTest" classname="LowerRockLabs.LaravelLivewireTablesAdvancedFilters.Tests.Traits.Visuals.AdvancedFiltersVisualsTest" file="/home/joe/awscandc/laraveladvancedtest/LaravelLivewireTablesAdvancedFilters/tests/Traits/Visuals/AdvancedFiltersVisualsTest.php" line="33" assertions="1" time="0.321547"/>
        <testcase name="can_see_html_for_date_range_filter" class="LowerRockLabs\LaravelLivewireTablesAdvancedFilters\Tests\Traits\Visuals\AdvancedFiltersVisualsTest" classname="LowerRockLabs.LaravelLivewireTablesAdvancedFilters.Tests.Traits.Visuals.AdvancedFiltersVisualsTest" file="/home/joe/awscandc/laraveladvancedtest/LaravelLivewireTablesAdvancedFilters/tests/Traits/Visuals/AdvancedFiltersVisualsTest.php" line="26" assertions="1" time="0.246264"/>
        <testcase name="can_see_html_for_number_range_filter" class="LowerRockLabs\LaravelLivewireTablesAdvancedFilters\Tests\Traits\Visuals\AdvancedFiltersVisualsTest" classname="LowerRockLabs.LaravelLivewireTablesAdvancedFilters.Tests.Traits.Visuals.AdvancedFiltersVisualsTest" file="/home/joe/awscandc/laraveladvancedtest/LaravelLivewireTablesAdvancedFilters/tests/Traits/Visuals/AdvancedFiltersVisualsTest.php" line="19" assertions="1" time="0.265624"/>
        <testcase name="offline_message_is_available_when_needed" class="LowerRockLabs\LaravelLivewireTablesAdvancedFilters\Tests\Traits\Visuals\AdvancedFiltersVisualsTest" classname="LowerRockLabs.LaravelLivewireTablesAdvancedFilters.Tests.Traits.Visuals.AdvancedFiltersVisualsTest" file="/home/joe/awscandc/laraveladvancedtest/LaravelLivewireTablesAdvancedFilters/tests/Traits/Visuals/AdvancedFiltersVisualsTest.php" line="63" assertions="1" time="0.279720"/>
        <testcase name="empty_message_does_not_show_with_results" class="LowerRockLabs\LaravelLivewireTablesAdvancedFilters\Tests\Traits\Visuals\AdvancedFiltersVisualsTest" classname="LowerRockLabs.LaravelLivewireTablesAdvancedFilters.Tests.Traits.Visuals.AdvancedFiltersVisualsTest" file="/home/joe/awscandc/laraveladvancedtest/LaravelLivewireTablesAdvancedFilters/tests/Traits/Visuals/AdvancedFiltersVisualsTest.php" line="12" assertions="1" time="0.291015"/>
        <testcase name="empty_message_shows_with_no_results" class="LowerRockLabs\LaravelLivewireTablesAdvancedFilters\Tests\Traits\Visuals\AdvancedFiltersVisualsTest" classname="LowerRockLabs.LaravelLivewireTablesAdvancedFilters.Tests.Traits.Visuals.AdvancedFiltersVisualsTest" file="/home/joe/awscandc/laraveladvancedtest/LaravelLivewireTablesAdvancedFilters/tests/Traits/Visuals/AdvancedFiltersVisualsTest.php" line="46" assertions="1" time="0.526118"/>
        <testcase name="debugging_shows_when_enabled" class="LowerRockLabs\LaravelLivewireTablesAdvancedFilters\Tests\Traits\Visuals\AdvancedFiltersVisualsTest" classname="LowerRockLabs.LaravelLivewireTablesAdvancedFilters.Tests.Traits.Visuals.AdvancedFiltersVisualsTest" file="/home/joe/awscandc/laraveladvancedtest/LaravelLivewireTablesAdvancedFilters/tests/Traits/Visuals/AdvancedFiltersVisualsTest.php" line="54" assertions="2" time="0.573849"/>
      </testsuite>
      <testsuite name="LowerRockLabs\LaravelLivewireTablesAdvancedFilters\Tests\Traits\Visuals\FilterVisualsTest" file="/home/joe/awscandc/laraveladvancedtest/LaravelLivewireTablesAdvancedFilters/tests/Traits/Visuals/FilterVisualsTest.php" tests="11" assertions="12" errors="0" warnings="0" failures="0" skipped="0" time="3.873692">
        <testcase name="filter_pills_show_when_visible" class="LowerRockLabs\LaravelLivewireTablesAdvancedFilters\Tests\Traits\Visuals\FilterVisualsTest" classname="LowerRockLabs.LaravelLivewireTablesAdvancedFilters.Tests.Traits.Visuals.FilterVisualsTest" file="/home/joe/awscandc/laraveladvancedtest/LaravelLivewireTablesAdvancedFilters/tests/Traits/Visuals/FilterVisualsTest.php" line="59" assertions="1" time="0.551441"/>
        <testcase name="filter_pills_dont_show_when_no_filters_are_applied" class="LowerRockLabs\LaravelLivewireTablesAdvancedFilters\Tests\Traits\Visuals\FilterVisualsTest" classname="LowerRockLabs.LaravelLivewireTablesAdvancedFilters.Tests.Traits.Visuals.FilterVisualsTest" file="/home/joe/awscandc/laraveladvancedtest/LaravelLivewireTablesAdvancedFilters/tests/Traits/Visuals/FilterVisualsTest.php" line="86" assertions="1" time="0.228102"/>
        <testcase name="filters_button_shows_when_visible" class="LowerRockLabs\LaravelLivewireTablesAdvancedFilters\Tests\Traits\Visuals\FilterVisualsTest" classname="LowerRockLabs.LaravelLivewireTablesAdvancedFilters.Tests.Traits.Visuals.FilterVisualsTest" file="/home/joe/awscandc/laraveladvancedtest/LaravelLivewireTablesAdvancedFilters/tests/Traits/Visuals/FilterVisualsTest.php" line="20" assertions="1" time="0.387554"/>
        <testcase name="filters_button_doesnt_show_when_disabled" class="LowerRockLabs\LaravelLivewireTablesAdvancedFilters\Tests\Traits\Visuals\FilterVisualsTest" classname="LowerRockLabs.LaravelLivewireTablesAdvancedFilters.Tests.Traits.Visuals.FilterVisualsTest" file="/home/joe/awscandc/laraveladvancedtest/LaravelLivewireTablesAdvancedFilters/tests/Traits/Visuals/FilterVisualsTest.php" line="28" assertions="1" time="0.277586"/>
        <testcase name="filter_pills_show_when_enabled" class="LowerRockLabs\LaravelLivewireTablesAdvancedFilters\Tests\Traits\Visuals\FilterVisualsTest" classname="LowerRockLabs.LaravelLivewireTablesAdvancedFilters.Tests.Traits.Visuals.FilterVisualsTest" file="/home/joe/awscandc/laraveladvancedtest/LaravelLivewireTablesAdvancedFilters/tests/Traits/Visuals/FilterVisualsTest.php" line="51" assertions="1" time="0.368854"/>
        <testcase name="filters_button_dont_show_when_there_are_no_filters_defined" class="LowerRockLabs\LaravelLivewireTablesAdvancedFilters\Tests\Traits\Visuals\FilterVisualsTest" classname="LowerRockLabs.LaravelLivewireTablesAdvancedFilters.Tests.Traits.Visuals.FilterVisualsTest" file="/home/joe/awscandc/laraveladvancedtest/LaravelLivewireTablesAdvancedFilters/tests/Traits/Visuals/FilterVisualsTest.php" line="44" assertions="1" time="0.095880"/>
        <testcase name="filters_button_doesnt_show_when_hidden" class="LowerRockLabs\LaravelLivewireTablesAdvancedFilters\Tests\Traits\Visuals\FilterVisualsTest" classname="LowerRockLabs.LaravelLivewireTablesAdvancedFilters.Tests.Traits.Visuals.FilterVisualsTest" file="/home/joe/awscandc/laraveladvancedtest/LaravelLivewireTablesAdvancedFilters/tests/Traits/Visuals/FilterVisualsTest.php" line="36" assertions="1" time="0.295827"/>
        <testcase name="filters_with_invalid_key_dont_error" class="LowerRockLabs\LaravelLivewireTablesAdvancedFilters\Tests\Traits\Visuals\FilterVisualsTest" classname="LowerRockLabs.LaravelLivewireTablesAdvancedFilters.Tests.Traits.Visuals.FilterVisualsTest" file="/home/joe/awscandc/laraveladvancedtest/LaravelLivewireTablesAdvancedFilters/tests/Traits/Visuals/FilterVisualsTest.php" line="93" assertions="2" time="0.387157"/>
        <testcase name="filter_pills_dont_show_when_hidden" class="LowerRockLabs\LaravelLivewireTablesAdvancedFilters\Tests\Traits\Visuals\FilterVisualsTest" classname="LowerRockLabs.LaravelLivewireTablesAdvancedFilters.Tests.Traits.Visuals.FilterVisualsTest" file="/home/joe/awscandc/laraveladvancedtest/LaravelLivewireTablesAdvancedFilters/tests/Traits/Visuals/FilterVisualsTest.php" line="77" assertions="1" time="0.535715"/>
        <testcase name="filters_button_shows_when_enabled" class="LowerRockLabs\LaravelLivewireTablesAdvancedFilters\Tests\Traits\Visuals\FilterVisualsTest" classname="LowerRockLabs.LaravelLivewireTablesAdvancedFilters.Tests.Traits.Visuals.FilterVisualsTest" file="/home/joe/awscandc/laraveladvancedtest/LaravelLivewireTablesAdvancedFilters/tests/Traits/Visuals/FilterVisualsTest.php" line="13" assertions="1" time="0.203671"/>
        <testcase name="filter_pills_dont_show_when_disabled" class="LowerRockLabs\LaravelLivewireTablesAdvancedFilters\Tests\Traits\Visuals\FilterVisualsTest" classname="LowerRockLabs.LaravelLivewireTablesAdvancedFilters.Tests.Traits.Visuals.FilterVisualsTest" file="/home/joe/awscandc/laraveladvancedtest/LaravelLivewireTablesAdvancedFilters/tests/Traits/Visuals/FilterVisualsTest.php" line="68" assertions="1" time="0.541905"/>
      </testsuite>
      <testsuite name="LowerRockLabs\LaravelLivewireTablesAdvancedFilters\Tests\Traits\Helpers\ComponentHelpersTest" file="/home/joe/awscandc/laraveladvancedtest/LaravelLivewireTablesAdvancedFilters/tests/Traits/Helpers/ComponentHelpersTest.php" tests="20" assertions="50" errors="0" warnings="0" failures="0" skipped="0" time="0.737572">
        <testcase name="can_get_hide_configurable_areas_when_reordering_status" class="LowerRockLabs\LaravelLivewireTablesAdvancedFilters\Tests\Traits\Helpers\ComponentHelpersTest" classname="LowerRockLabs.LaravelLivewireTablesAdvancedFilters.Tests.Traits.Helpers.ComponentHelpersTest" file="/home/joe/awscandc/laraveladvancedtest/LaravelLivewireTablesAdvancedFilters/tests/Traits/Helpers/ComponentHelpersTest.php" line="211" assertions="6" time="0.033684"/>
        <testcase name="can_get_eager_load_relations_status" class="LowerRockLabs\LaravelLivewireTablesAdvancedFilters\Tests\Traits\Helpers\ComponentHelpersTest" classname="LowerRockLabs.LaravelLivewireTablesAdvancedFilters.Tests.Traits.Helpers.ComponentHelpersTest" file="/home/joe/awscandc/laraveladvancedtest/LaravelLivewireTablesAdvancedFilters/tests/Traits/Helpers/ComponentHelpersTest.php" line="111" assertions="6" time="0.033911"/>
        <testcase name="can_get_dataTable_fingerprint" class="LowerRockLabs\LaravelLivewireTablesAdvancedFilters\Tests\Traits\Helpers\ComponentHelpersTest" classname="LowerRockLabs.LaravelLivewireTablesAdvancedFilters.Tests.Traits.Helpers.ComponentHelpersTest" file="/home/joe/awscandc/laraveladvancedtest/LaravelLivewireTablesAdvancedFilters/tests/Traits/Helpers/ComponentHelpersTest.php" line="231" assertions="1" time="0.037125"/>
        <testcase name="can_get_query_string_status" class="LowerRockLabs\LaravelLivewireTablesAdvancedFilters\Tests\Traits\Helpers\ComponentHelpersTest" classname="LowerRockLabs.LaravelLivewireTablesAdvancedFilters.Tests.Traits.Helpers.ComponentHelpersTest" file="/home/joe/awscandc/laraveladvancedtest/LaravelLivewireTablesAdvancedFilters/tests/Traits/Helpers/ComponentHelpersTest.php" line="56" assertions="4" time="0.035261"/>
        <testcase name="can_check_for_tr_url" class="LowerRockLabs\LaravelLivewireTablesAdvancedFilters\Tests\Traits\Helpers\ComponentHelpersTest" classname="LowerRockLabs.LaravelLivewireTablesAdvancedFilters.Tests.Traits.Helpers.ComponentHelpersTest" file="/home/joe/awscandc/laraveladvancedtest/LaravelLivewireTablesAdvancedFilters/tests/Traits/Helpers/ComponentHelpersTest.php" line="145" assertions="2" time="0.036063"/>
        <testcase name="can_get_configurable_areas" class="LowerRockLabs\LaravelLivewireTablesAdvancedFilters\Tests\Traits\Helpers\ComponentHelpersTest" classname="LowerRockLabs.LaravelLivewireTablesAdvancedFilters.Tests.Traits.Helpers.ComponentHelpersTest" file="/home/joe/awscandc/laraveladvancedtest/LaravelLivewireTablesAdvancedFilters/tests/Traits/Helpers/ComponentHelpersTest.php" line="167" assertions="3" time="0.036834"/>
        <testcase name="can_get_page_name" class="LowerRockLabs\LaravelLivewireTablesAdvancedFilters\Tests\Traits\Helpers\ComponentHelpersTest" classname="LowerRockLabs.LaravelLivewireTablesAdvancedFilters.Tests.Traits.Helpers.ComponentHelpersTest" file="/home/joe/awscandc/laraveladvancedtest/LaravelLivewireTablesAdvancedFilters/tests/Traits/Helpers/ComponentHelpersTest.php" line="80" assertions="2" time="0.040780"/>
        <testcase name="can_check_if_table_has_page_name" class="LowerRockLabs\LaravelLivewireTablesAdvancedFilters\Tests\Traits\Helpers\ComponentHelpersTest" classname="LowerRockLabs.LaravelLivewireTablesAdvancedFilters.Tests.Traits.Helpers.ComponentHelpersTest" file="/home/joe/awscandc/laraveladvancedtest/LaravelLivewireTablesAdvancedFilters/tests/Traits/Helpers/ComponentHelpersTest.php" line="101" assertions="2" time="0.036662"/>
        <testcase name="can_see_if_component_has_model" class="LowerRockLabs\LaravelLivewireTablesAdvancedFilters\Tests\Traits\Helpers\ComponentHelpersTest" classname="LowerRockLabs.LaravelLivewireTablesAdvancedFilters.Tests.Traits.Helpers.ComponentHelpersTest" file="/home/joe/awscandc/laraveladvancedtest/LaravelLivewireTablesAdvancedFilters/tests/Traits/Helpers/ComponentHelpersTest.php" line="11" assertions="1" time="0.036123"/>
        <testcase name="can_get_query_string_alias_and_it_will_be_the_same_as_table_name_by_default" class="LowerRockLabs\LaravelLivewireTablesAdvancedFilters\Tests\Traits\Helpers\ComponentHelpersTest" classname="LowerRockLabs.LaravelLivewireTablesAdvancedFilters.Tests.Traits.Helpers.ComponentHelpersTest" file="/home/joe/awscandc/laraveladvancedtest/LaravelLivewireTablesAdvancedFilters/tests/Traits/Helpers/ComponentHelpersTest.php" line="237" assertions="1" time="0.039405"/>
        <testcase name="can_get_component_model" class="LowerRockLabs\LaravelLivewireTablesAdvancedFilters\Tests\Traits\Helpers\ComponentHelpersTest" classname="LowerRockLabs.LaravelLivewireTablesAdvancedFilters.Tests.Traits.Helpers.ComponentHelpersTest" file="/home/joe/awscandc/laraveladvancedtest/LaravelLivewireTablesAdvancedFilters/tests/Traits/Helpers/ComponentHelpersTest.php" line="17" assertions="1" time="0.035920"/>
        <testcase name="can_get_additional_selects" class="LowerRockLabs\LaravelLivewireTablesAdvancedFilters\Tests\Traits\Helpers\ComponentHelpersTest" classname="LowerRockLabs.LaravelLivewireTablesAdvancedFilters.Tests.Traits.Helpers.ComponentHelpersTest" file="/home/joe/awscandc/laraveladvancedtest/LaravelLivewireTablesAdvancedFilters/tests/Traits/Helpers/ComponentHelpersTest.php" line="157" assertions="2" time="0.038454"/>
        <testcase name="can_get_default_sorting_labels" class="LowerRockLabs\LaravelLivewireTablesAdvancedFilters\Tests\Traits\Helpers\ComponentHelpersTest" classname="LowerRockLabs.LaravelLivewireTablesAdvancedFilters.Tests.Traits.Helpers.ComponentHelpersTest" file="/home/joe/awscandc/laraveladvancedtest/LaravelLivewireTablesAdvancedFilters/tests/Traits/Helpers/ComponentHelpersTest.php" line="49" assertions="2" time="0.035795"/>
        <testcase name="can_get_offline_status" class="LowerRockLabs\LaravelLivewireTablesAdvancedFilters\Tests\Traits\Helpers\ComponentHelpersTest" classname="LowerRockLabs.LaravelLivewireTablesAdvancedFilters.Tests.Traits.Helpers.ComponentHelpersTest" file="/home/joe/awscandc/laraveladvancedtest/LaravelLivewireTablesAdvancedFilters/tests/Traits/Helpers/ComponentHelpersTest.php" line="35" assertions="4" time="0.039791"/>
        <testcase name="can_get_empty_message" class="LowerRockLabs\LaravelLivewireTablesAdvancedFilters\Tests\Traits\Helpers\ComponentHelpersTest" classname="LowerRockLabs.LaravelLivewireTablesAdvancedFilters.Tests.Traits.Helpers.ComponentHelpersTest" file="/home/joe/awscandc/laraveladvancedtest/LaravelLivewireTablesAdvancedFilters/tests/Traits/Helpers/ComponentHelpersTest.php" line="29" assertions="1" time="0.036894"/>
        <testcase name="can_get_current_theme" class="LowerRockLabs\LaravelLivewireTablesAdvancedFilters\Tests\Traits\Helpers\ComponentHelpersTest" classname="LowerRockLabs.LaravelLivewireTablesAdvancedFilters.Tests.Traits.Helpers.ComponentHelpersTest" file="/home/joe/awscandc/laraveladvancedtest/LaravelLivewireTablesAdvancedFilters/tests/Traits/Helpers/ComponentHelpersTest.php" line="23" assertions="1" time="0.041013"/>
        <testcase name="can_get_configurable_area_parameters" class="LowerRockLabs\LaravelLivewireTablesAdvancedFilters\Tests\Traits\Helpers\ComponentHelpersTest" classname="LowerRockLabs.LaravelLivewireTablesAdvancedFilters.Tests.Traits.Helpers.ComponentHelpersTest" file="/home/joe/awscandc/laraveladvancedtest/LaravelLivewireTablesAdvancedFilters/tests/Traits/Helpers/ComponentHelpersTest.php" line="195" assertions="2" time="0.036840"/>
        <testcase name="can_get_table_name" class="LowerRockLabs\LaravelLivewireTablesAdvancedFilters\Tests\Traits\Helpers\ComponentHelpersTest" classname="LowerRockLabs.LaravelLivewireTablesAdvancedFilters.Tests.Traits.Helpers.ComponentHelpersTest" file="/home/joe/awscandc/laraveladvancedtest/LaravelLivewireTablesAdvancedFilters/tests/Traits/Helpers/ComponentHelpersTest.php" line="70" assertions="2" time="0.036039"/>
        <testcase name="can_check_if_table_equals_name" class="LowerRockLabs\LaravelLivewireTablesAdvancedFilters\Tests\Traits\Helpers\ComponentHelpersTest" classname="LowerRockLabs.LaravelLivewireTablesAdvancedFilters.Tests.Traits.Helpers.ComponentHelpersTest" file="/home/joe/awscandc/laraveladvancedtest/LaravelLivewireTablesAdvancedFilters/tests/Traits/Helpers/ComponentHelpersTest.php" line="90" assertions="3" time="0.034960"/>
        <testcase name="can_get_collapsing_columns_status" class="LowerRockLabs\LaravelLivewireTablesAdvancedFilters\Tests\Traits\Helpers\ComponentHelpersTest" classname="LowerRockLabs.LaravelLivewireTablesAdvancedFilters.Tests.Traits.Helpers.ComponentHelpersTest" file="/home/joe/awscandc/laraveladvancedtest/LaravelLivewireTablesAdvancedFilters/tests/Traits/Helpers/ComponentHelpersTest.php" line="131" assertions="4" time="0.036019"/>
      </testsuite>
      <testsuite name="LowerRockLabs\LaravelLivewireTablesAdvancedFilters\Tests\Views\SmartSelectFilterTest" file="/home/joe/awscandc/laraveladvancedtest/LaravelLivewireTablesAdvancedFilters/tests/Views/SmartSelectFilterTest.php" tests="18" assertions="34" errors="0" warnings="0" failures="0" skipped="0" time="0.650025">
        <testcase name="can_get_filter_options" class="LowerRockLabs\LaravelLivewireTablesAdvancedFilters\Tests\Views\SmartSelectFilterTest" classname="LowerRockLabs.LaravelLivewireTablesAdvancedFilters.Tests.Views.SmartSelectFilterTest" file="/home/joe/awscandc/laraveladvancedtest/LaravelLivewireTablesAdvancedFilters/tests/Views/SmartSelectFilterTest.php" line="76" assertions="1" time="0.039509"/>
        <testcase name="can_get_filter_name" class="LowerRockLabs\LaravelLivewireTablesAdvancedFilters\Tests\Views\SmartSelectFilterTest" classname="LowerRockLabs.LaravelLivewireTablesAdvancedFilters.Tests.Views.SmartSelectFilterTest" file="/home/joe/awscandc/laraveladvancedtest/LaravelLivewireTablesAdvancedFilters/tests/Views/SmartSelectFilterTest.php" line="13" assertions="1" time="0.034786"/>
        <testcase name="can_check_validation_accepts_valid_values" class="LowerRockLabs\LaravelLivewireTablesAdvancedFilters\Tests\Views\SmartSelectFilterTest" classname="LowerRockLabs.LaravelLivewireTablesAdvancedFilters.Tests.Views.SmartSelectFilterTest" file="/home/joe/awscandc/laraveladvancedtest/LaravelLivewireTablesAdvancedFilters/tests/Views/SmartSelectFilterTest.php" line="58" assertions="1" time="0.037171"/>
        <testcase name="can_get_filter_key" class="LowerRockLabs\LaravelLivewireTablesAdvancedFilters\Tests\Views\SmartSelectFilterTest" classname="LowerRockLabs.LaravelLivewireTablesAdvancedFilters.Tests.Views.SmartSelectFilterTest" file="/home/joe/awscandc/laraveladvancedtest/LaravelLivewireTablesAdvancedFilters/tests/Views/SmartSelectFilterTest.php" line="21" assertions="1" time="0.034441"/>
        <testcase name="can_check_if_filter_is_reset_by_clear_button" class="LowerRockLabs\LaravelLivewireTablesAdvancedFilters\Tests\Views\SmartSelectFilterTest" classname="LowerRockLabs.LaravelLivewireTablesAdvancedFilters.Tests.Views.SmartSelectFilterTest" file="/home/joe/awscandc/laraveladvancedtest/LaravelLivewireTablesAdvancedFilters/tests/Views/SmartSelectFilterTest.php" line="224" assertions="2" time="0.034648"/>
        <testcase name="can_get_filter_callback" class="LowerRockLabs\LaravelLivewireTablesAdvancedFilters\Tests\Views\SmartSelectFilterTest" classname="LowerRockLabs.LaravelLivewireTablesAdvancedFilters.Tests.Views.SmartSelectFilterTest" file="/home/joe/awscandc/laraveladvancedtest/LaravelLivewireTablesAdvancedFilters/tests/Views/SmartSelectFilterTest.php" line="101" assertions="3" time="0.037551"/>
        <testcase name="can_check_if_filter_is_hidden_from_menus" class="LowerRockLabs\LaravelLivewireTablesAdvancedFilters\Tests\Views\SmartSelectFilterTest" classname="LowerRockLabs.LaravelLivewireTablesAdvancedFilters.Tests.Views.SmartSelectFilterTest" file="/home/joe/awscandc/laraveladvancedtest/LaravelLivewireTablesAdvancedFilters/tests/Views/SmartSelectFilterTest.php" line="182" assertions="4" time="0.035067"/>
        <testcase name="can_get_filter_keys" class="LowerRockLabs\LaravelLivewireTablesAdvancedFilters\Tests\Views\SmartSelectFilterTest" classname="LowerRockLabs.LaravelLivewireTablesAdvancedFilters.Tests.Views.SmartSelectFilterTest" file="/home/joe/awscandc/laraveladvancedtest/LaravelLivewireTablesAdvancedFilters/tests/Views/SmartSelectFilterTest.php" line="85" assertions="1" time="0.034360"/>
        <testcase name="can_get_filter_default_value" class="LowerRockLabs\LaravelLivewireTablesAdvancedFilters\Tests\Views\SmartSelectFilterTest" classname="LowerRockLabs.LaravelLivewireTablesAdvancedFilters.Tests.Views.SmartSelectFilterTest" file="/home/joe/awscandc/laraveladvancedtest/LaravelLivewireTablesAdvancedFilters/tests/Views/SmartSelectFilterTest.php" line="93" assertions="1" time="0.035188"/>
        <testcase name="can_get_filter_configs" class="LowerRockLabs\LaravelLivewireTablesAdvancedFilters\Tests\Views\SmartSelectFilterTest" classname="LowerRockLabs.LaravelLivewireTablesAdvancedFilters.Tests.Views.SmartSelectFilterTest" file="/home/joe/awscandc/laraveladvancedtest/LaravelLivewireTablesAdvancedFilters/tests/Views/SmartSelectFilterTest.php" line="29" assertions="2" time="0.034795"/>
        <testcase name="can_check_filter_config_by_name" class="LowerRockLabs\LaravelLivewireTablesAdvancedFilters\Tests\Views\SmartSelectFilterTest" classname="LowerRockLabs.LaravelLivewireTablesAdvancedFilters.Tests.Views.SmartSelectFilterTest" file="/home/joe/awscandc/laraveladvancedtest/LaravelLivewireTablesAdvancedFilters/tests/Views/SmartSelectFilterTest.php" line="172" assertions="2" time="0.044324"/>
        <testcase name="get_a_single_filter_config" class="LowerRockLabs\LaravelLivewireTablesAdvancedFilters\Tests\Views\SmartSelectFilterTest" classname="LowerRockLabs.LaravelLivewireTablesAdvancedFilters.Tests.Views.SmartSelectFilterTest" file="/home/joe/awscandc/laraveladvancedtest/LaravelLivewireTablesAdvancedFilters/tests/Views/SmartSelectFilterTest.php" line="41" assertions="1" time="0.034160"/>
        <testcase name="can_check_validation_rejects_invalid_values" class="LowerRockLabs\LaravelLivewireTablesAdvancedFilters\Tests\Views\SmartSelectFilterTest" classname="LowerRockLabs.LaravelLivewireTablesAdvancedFilters.Tests.Views.SmartSelectFilterTest" file="/home/joe/awscandc/laraveladvancedtest/LaravelLivewireTablesAdvancedFilters/tests/Views/SmartSelectFilterTest.php" line="67" assertions="1" time="0.037340"/>
        <testcase name="can_get_filter_pill_title" class="LowerRockLabs\LaravelLivewireTablesAdvancedFilters\Tests\Views\SmartSelectFilterTest" classname="LowerRockLabs.LaravelLivewireTablesAdvancedFilters.Tests.Views.SmartSelectFilterTest" file="/home/joe/awscandc/laraveladvancedtest/LaravelLivewireTablesAdvancedFilters/tests/Views/SmartSelectFilterTest.php" line="120" assertions="2" time="0.035294"/>
        <testcase name="can_get_if_empty" class="LowerRockLabs\LaravelLivewireTablesAdvancedFilters\Tests\Views\SmartSelectFilterTest" classname="LowerRockLabs.LaravelLivewireTablesAdvancedFilters.Tests.Views.SmartSelectFilterTest" file="/home/joe/awscandc/laraveladvancedtest/LaravelLivewireTablesAdvancedFilters/tests/Views/SmartSelectFilterTest.php" line="50" assertions="2" time="0.037812"/>
        <testcase name="can_check_if_filter_is_hidden_from_count" class="LowerRockLabs\LaravelLivewireTablesAdvancedFilters\Tests\Views\SmartSelectFilterTest" classname="LowerRockLabs.LaravelLivewireTablesAdvancedFilters.Tests.Views.SmartSelectFilterTest" file="/home/joe/awscandc/laraveladvancedtest/LaravelLivewireTablesAdvancedFilters/tests/Views/SmartSelectFilterTest.php" line="210" assertions="4" time="0.034933"/>
        <testcase name="can_check_if_filter_has_configs" class="LowerRockLabs\LaravelLivewireTablesAdvancedFilters\Tests\Views\SmartSelectFilterTest" classname="LowerRockLabs.LaravelLivewireTablesAdvancedFilters.Tests.Views.SmartSelectFilterTest" file="/home/joe/awscandc/laraveladvancedtest/LaravelLivewireTablesAdvancedFilters/tests/Views/SmartSelectFilterTest.php" line="165" assertions="1" time="0.035039"/>
        <testcase name="can_check_if_filter_is_hidden_from_pills" class="LowerRockLabs\LaravelLivewireTablesAdvancedFilters\Tests\Views\SmartSelectFilterTest" classname="LowerRockLabs.LaravelLivewireTablesAdvancedFilters.Tests.Views.SmartSelectFilterTest" file="/home/joe/awscandc/laraveladvancedtest/LaravelLivewireTablesAdvancedFilters/tests/Views/SmartSelectFilterTest.php" line="196" assertions="4" time="0.033607"/>
      </testsuite>
      <testsuite name="LowerRockLabs\LaravelLivewireTablesAdvancedFilters\Tests\Views\BooleanColumnTest" file="/home/joe/awscandc/laraveladvancedtest/LaravelLivewireTablesAdvancedFilters/tests/Views/BooleanColumnTest.php" tests="2" assertions="3" errors="0" warnings="0" failures="0" skipped="0" time="0.069983">
        <testcase name="boolean_column_can_be_yes_no" class="LowerRockLabs\LaravelLivewireTablesAdvancedFilters\Tests\Views\BooleanColumnTest" classname="LowerRockLabs.LaravelLivewireTablesAdvancedFilters.Tests.Views.BooleanColumnTest" file="/home/joe/awscandc/laraveladvancedtest/LaravelLivewireTablesAdvancedFilters/tests/Views/BooleanColumnTest.php" line="21" assertions="2" time="0.033799"/>
        <testcase name="boolean_column_can_not_be_a_label" class="LowerRockLabs\LaravelLivewireTablesAdvancedFilters\Tests\Views\BooleanColumnTest" classname="LowerRockLabs.LaravelLivewireTablesAdvancedFilters.Tests.Views.BooleanColumnTest" file="/home/joe/awscandc/laraveladvancedtest/LaravelLivewireTablesAdvancedFilters/tests/Views/BooleanColumnTest.php" line="13" assertions="1" time="0.036184"/>
      </testsuite>
      <testsuite name="LowerRockLabs\LaravelLivewireTablesAdvancedFilters\Tests\Traits\Visuals\ComponentVisualsTest" file="/home/joe/awscandc/laraveladvancedtest/LaravelLivewireTablesAdvancedFilters/tests/Traits/Visuals/ComponentVisualsTest.php" tests="4" assertions="5" errors="0" warnings="0" failures="0" skipped="0" time="1.186844">
        <testcase name="offline_message_is_available_when_needed" class="LowerRockLabs\LaravelLivewireTablesAdvancedFilters\Tests\Traits\Visuals\ComponentVisualsTest" classname="LowerRockLabs.LaravelLivewireTablesAdvancedFilters.Tests.Traits.Visuals.ComponentVisualsTest" file="/home/joe/awscandc/laraveladvancedtest/LaravelLivewireTablesAdvancedFilters/tests/Traits/Visuals/ComponentVisualsTest.php" line="36" assertions="1" time="0.212084"/>
        <testcase name="empty_message_does_not_show_with_results" class="LowerRockLabs\LaravelLivewireTablesAdvancedFilters\Tests\Traits\Visuals\ComponentVisualsTest" classname="LowerRockLabs.LaravelLivewireTablesAdvancedFilters.Tests.Traits.Visuals.ComponentVisualsTest" file="/home/joe/awscandc/laraveladvancedtest/LaravelLivewireTablesAdvancedFilters/tests/Traits/Visuals/ComponentVisualsTest.php" line="12" assertions="1" time="0.230215"/>
        <testcase name="debugging_shows_when_enabled" class="LowerRockLabs\LaravelLivewireTablesAdvancedFilters\Tests\Traits\Visuals\ComponentVisualsTest" classname="LowerRockLabs.LaravelLivewireTablesAdvancedFilters.Tests.Traits.Visuals.ComponentVisualsTest" file="/home/joe/awscandc/laraveladvancedtest/LaravelLivewireTablesAdvancedFilters/tests/Traits/Visuals/ComponentVisualsTest.php" line="27" assertions="2" time="0.387841"/>
        <testcase name="empty_message_shows_with_no_results" class="LowerRockLabs\LaravelLivewireTablesAdvancedFilters\Tests\Traits\Visuals\ComponentVisualsTest" classname="LowerRockLabs.LaravelLivewireTablesAdvancedFilters.Tests.Traits.Visuals.ComponentVisualsTest" file="/home/joe/awscandc/laraveladvancedtest/LaravelLivewireTablesAdvancedFilters/tests/Traits/Visuals/ComponentVisualsTest.php" line="19" assertions="1" time="0.356704"/>
      </testsuite>
      <testsuite name="LowerRockLabs\LaravelLivewireTablesAdvancedFilters\Tests\Views\ComponentColumnTest" file="/home/joe/awscandc/laraveladvancedtest/LaravelLivewireTablesAdvancedFilters/tests/Views/ComponentColumnTest.php" tests="3" assertions="3" errors="0" warnings="0" failures="0" skipped="0" time="0.107617">
        <testcase name="component_column_component_view_has_to_be_set" class="LowerRockLabs\LaravelLivewireTablesAdvancedFilters\Tests\Views\ComponentColumnTest" classname="LowerRockLabs.LaravelLivewireTablesAdvancedFilters.Tests.Views.ComponentColumnTest" file="/home/joe/awscandc/laraveladvancedtest/LaravelLivewireTablesAdvancedFilters/tests/Views/ComponentColumnTest.php" line="30" assertions="1" time="0.036692"/>
        <testcase name="component_column_component_has_to_be_an_string" class="LowerRockLabs\LaravelLivewireTablesAdvancedFilters\Tests\Views\ComponentColumnTest" classname="LowerRockLabs.LaravelLivewireTablesAdvancedFilters.Tests.Views.ComponentColumnTest" file="/home/joe/awscandc/laraveladvancedtest/LaravelLivewireTablesAdvancedFilters/tests/Views/ComponentColumnTest.php" line="22" assertions="1" time="0.035929"/>
        <testcase name="component_column_attributes_callback_return_can_not_be_an_string" class="LowerRockLabs\LaravelLivewireTablesAdvancedFilters\Tests\Views\ComponentColumnTest" classname="LowerRockLabs.LaravelLivewireTablesAdvancedFilters.Tests.Views.ComponentColumnTest" file="/home/joe/awscandc/laraveladvancedtest/LaravelLivewireTablesAdvancedFilters/tests/Views/ComponentColumnTest.php" line="13" assertions="1" time="0.034997"/>
      </testsuite>
      <testsuite name="LowerRockLabs\LaravelLivewireTablesAdvancedFilters\Tests\Views\DateRangeFilterTest" file="/home/joe/awscandc/laraveladvancedtest/LaravelLivewireTablesAdvancedFilters/tests/Views/DateRangeFilterTest.php" tests="19" assertions="36" errors="0" warnings="0" failures="0" skipped="0" time="0.656667">
        <testcase name="can_check_validation_accepts_valid_values_array" class="LowerRockLabs\LaravelLivewireTablesAdvancedFilters\Tests\Views\DateRangeFilterTest" classname="LowerRockLabs.LaravelLivewireTablesAdvancedFilters.Tests.Views.DateRangeFilterTest" file="/home/joe/awscandc/laraveladvancedtest/LaravelLivewireTablesAdvancedFilters/tests/Views/DateRangeFilterTest.php" line="69" assertions="1" time="0.034206"/>
        <testcase name="can_get_if_empty" class="LowerRockLabs\LaravelLivewireTablesAdvancedFilters\Tests\Views\DateRangeFilterTest" classname="LowerRockLabs.LaravelLivewireTablesAdvancedFilters.Tests.Views.DateRangeFilterTest" file="/home/joe/awscandc/laraveladvancedtest/LaravelLivewireTablesAdvancedFilters/tests/Views/DateRangeFilterTest.php" line="61" assertions="2" time="0.034681"/>
        <testcase name="can_check_if_filter_has_configs" class="LowerRockLabs\LaravelLivewireTablesAdvancedFilters\Tests\Views\DateRangeFilterTest" classname="LowerRockLabs.LaravelLivewireTablesAdvancedFilters.Tests.Views.DateRangeFilterTest" file="/home/joe/awscandc/laraveladvancedtest/LaravelLivewireTablesAdvancedFilters/tests/Views/DateRangeFilterTest.php" line="168" assertions="1" time="0.034581"/>
        <testcase name="can_get_filter_configs" class="LowerRockLabs\LaravelLivewireTablesAdvancedFilters\Tests\Views\DateRangeFilterTest" classname="LowerRockLabs.LaravelLivewireTablesAdvancedFilters.Tests.Views.DateRangeFilterTest" file="/home/joe/awscandc/laraveladvancedtest/LaravelLivewireTablesAdvancedFilters/tests/Views/DateRangeFilterTest.php" line="28" assertions="2" time="0.034634"/>
        <testcase name="can_check_if_filter_is_hidden_from_pills" class="LowerRockLabs\LaravelLivewireTablesAdvancedFilters\Tests\Views\DateRangeFilterTest" classname="LowerRockLabs.LaravelLivewireTablesAdvancedFilters.Tests.Views.DateRangeFilterTest" file="/home/joe/awscandc/laraveladvancedtest/LaravelLivewireTablesAdvancedFilters/tests/Views/DateRangeFilterTest.php" line="200" assertions="4" time="0.034529"/>
        <testcase name="can_check_validation_rejects_invalid_values" class="LowerRockLabs\LaravelLivewireTablesAdvancedFilters\Tests\Views\DateRangeFilterTest" classname="LowerRockLabs.LaravelLivewireTablesAdvancedFilters.Tests.Views.DateRangeFilterTest" file="/home/joe/awscandc/laraveladvancedtest/LaravelLivewireTablesAdvancedFilters/tests/Views/DateRangeFilterTest.php" line="83" assertions="1" time="0.034066"/>
        <testcase name="can_get_filter_key" class="LowerRockLabs\LaravelLivewireTablesAdvancedFilters\Tests\Views\DateRangeFilterTest" classname="LowerRockLabs.LaravelLivewireTablesAdvancedFilters.Tests.Views.DateRangeFilterTest" file="/home/joe/awscandc/laraveladvancedtest/LaravelLivewireTablesAdvancedFilters/tests/Views/DateRangeFilterTest.php" line="20" assertions="1" time="0.035166"/>
        <testcase name="can_check_validation_accepts_valid_values_string" class="LowerRockLabs\LaravelLivewireTablesAdvancedFilters\Tests\Views\DateRangeFilterTest" classname="LowerRockLabs.LaravelLivewireTablesAdvancedFilters.Tests.Views.DateRangeFilterTest" file="/home/joe/awscandc/laraveladvancedtest/LaravelLivewireTablesAdvancedFilters/tests/Views/DateRangeFilterTest.php" line="76" assertions="1" time="0.034801"/>
        <testcase name="can_get_filter_name" class="LowerRockLabs\LaravelLivewireTablesAdvancedFilters\Tests\Views\DateRangeFilterTest" classname="LowerRockLabs.LaravelLivewireTablesAdvancedFilters.Tests.Views.DateRangeFilterTest" file="/home/joe/awscandc/laraveladvancedtest/LaravelLivewireTablesAdvancedFilters/tests/Views/DateRangeFilterTest.php" line="12" assertions="1" time="0.035581"/>
        <testcase name="get_a_single_filter_config" class="LowerRockLabs\LaravelLivewireTablesAdvancedFilters\Tests\Views\DateRangeFilterTest" classname="LowerRockLabs.LaravelLivewireTablesAdvancedFilters.Tests.Views.DateRangeFilterTest" file="/home/joe/awscandc/laraveladvancedtest/LaravelLivewireTablesAdvancedFilters/tests/Views/DateRangeFilterTest.php" line="40" assertions="1" time="0.034182"/>
        <testcase name="can_get_filter_callback" class="LowerRockLabs\LaravelLivewireTablesAdvancedFilters\Tests\Views\DateRangeFilterTest" classname="LowerRockLabs.LaravelLivewireTablesAdvancedFilters.Tests.Views.DateRangeFilterTest" file="/home/joe/awscandc/laraveladvancedtest/LaravelLivewireTablesAdvancedFilters/tests/Views/DateRangeFilterTest.php" line="106" assertions="3" time="0.035024"/>
        <testcase name="can_check_filter_config_by_name" class="LowerRockLabs\LaravelLivewireTablesAdvancedFilters\Tests\Views\DateRangeFilterTest" classname="LowerRockLabs.LaravelLivewireTablesAdvancedFilters.Tests.Views.DateRangeFilterTest" file="/home/joe/awscandc/laraveladvancedtest/LaravelLivewireTablesAdvancedFilters/tests/Views/DateRangeFilterTest.php" line="176" assertions="2" time="0.034551"/>
        <testcase name="can_check_if_filter_is_hidden_from_count" class="LowerRockLabs\LaravelLivewireTablesAdvancedFilters\Tests\Views\DateRangeFilterTest" classname="LowerRockLabs.LaravelLivewireTablesAdvancedFilters.Tests.Views.DateRangeFilterTest" file="/home/joe/awscandc/laraveladvancedtest/LaravelLivewireTablesAdvancedFilters/tests/Views/DateRangeFilterTest.php" line="214" assertions="4" time="0.034284"/>
        <testcase name="can_get_filter_pill_title" class="LowerRockLabs\LaravelLivewireTablesAdvancedFilters\Tests\Views\DateRangeFilterTest" classname="LowerRockLabs.LaravelLivewireTablesAdvancedFilters.Tests.Views.DateRangeFilterTest" file="/home/joe/awscandc/laraveladvancedtest/LaravelLivewireTablesAdvancedFilters/tests/Views/DateRangeFilterTest.php" line="123" assertions="2" time="0.034137"/>
        <testcase name="can_check_if_filter_is_reset_by_clear_button" class="LowerRockLabs\LaravelLivewireTablesAdvancedFilters\Tests\Views\DateRangeFilterTest" classname="LowerRockLabs.LaravelLivewireTablesAdvancedFilters.Tests.Views.DateRangeFilterTest" file="/home/joe/awscandc/laraveladvancedtest/LaravelLivewireTablesAdvancedFilters/tests/Views/DateRangeFilterTest.php" line="228" assertions="2" time="0.034549"/>
        <testcase name="can_check_if_filter_is_hidden_from_menus" class="LowerRockLabs\LaravelLivewireTablesAdvancedFilters\Tests\Views\DateRangeFilterTest" classname="LowerRockLabs.LaravelLivewireTablesAdvancedFilters.Tests.Views.DateRangeFilterTest" file="/home/joe/awscandc/laraveladvancedtest/LaravelLivewireTablesAdvancedFilters/tests/Views/DateRangeFilterTest.php" line="186" assertions="4" time="0.034560"/>
        <testcase name="can_get_filter_options" class="LowerRockLabs\LaravelLivewireTablesAdvancedFilters\Tests\Views\DateRangeFilterTest" classname="LowerRockLabs.LaravelLivewireTablesAdvancedFilters.Tests.Views.DateRangeFilterTest" file="/home/joe/awscandc/laraveladvancedtest/LaravelLivewireTablesAdvancedFilters/tests/Views/DateRangeFilterTest.php" line="49" assertions="2" time="0.033628"/>
        <testcase name="can_get_filter_default_value" class="LowerRockLabs\LaravelLivewireTablesAdvancedFilters\Tests\Views\DateRangeFilterTest" classname="LowerRockLabs.LaravelLivewireTablesAdvancedFilters.Tests.Views.DateRangeFilterTest" file="/home/joe/awscandc/laraveladvancedtest/LaravelLivewireTablesAdvancedFilters/tests/Views/DateRangeFilterTest.php" line="98" assertions="1" time="0.034575"/>
        <testcase name="can_get_filter_keys" class="LowerRockLabs\LaravelLivewireTablesAdvancedFilters\Tests\Views\DateRangeFilterTest" classname="LowerRockLabs.LaravelLivewireTablesAdvancedFilters.Tests.Views.DateRangeFilterTest" file="/home/joe/awscandc/laraveladvancedtest/LaravelLivewireTablesAdvancedFilters/tests/Views/DateRangeFilterTest.php" line="90" assertions="1" time="0.034930"/>
      </testsuite>
      <testsuite name="LowerRockLabs\LaravelLivewireTablesAdvancedFilters\Tests\Views\Traits\Configuration\FilterConfigurationTest" file="/home/joe/awscandc/laraveladvancedtest/LaravelLivewireTablesAdvancedFilters/tests/Views/Traits/Configuration/FilterConfigurationTest.php" tests="8" assertions="27" errors="0" warnings="0" failures="0" skipped="0" time="0.291197">
        <testcase name="filter_pill_values_can_be_set_for_select" class="LowerRockLabs\LaravelLivewireTablesAdvancedFilters\Tests\Views\Traits\Configuration\FilterConfigurationTest" classname="LowerRockLabs.LaravelLivewireTablesAdvancedFilters.Tests.Views.Traits.Configuration.FilterConfigurationTest" file="/home/joe/awscandc/laraveladvancedtest/LaravelLivewireTablesAdvancedFilters/tests/Views/Traits/Configuration/FilterConfigurationTest.php" line="39" assertions="6" time="0.034097"/>
        <testcase name="can_hide_filter_from_menus" class="LowerRockLabs\LaravelLivewireTablesAdvancedFilters\Tests\Views\Traits\Configuration\FilterConfigurationTest" classname="LowerRockLabs.LaravelLivewireTablesAdvancedFilters.Tests.Views.Traits.Configuration.FilterConfigurationTest" file="/home/joe/awscandc/laraveladvancedtest/LaravelLivewireTablesAdvancedFilters/tests/Views/Traits/Configuration/FilterConfigurationTest.php" line="68" assertions="2" time="0.035396"/>
        <testcase name="can_be_hidden_from_all" class="LowerRockLabs\LaravelLivewireTablesAdvancedFilters\Tests\Views\Traits\Configuration\FilterConfigurationTest" classname="LowerRockLabs.LaravelLivewireTablesAdvancedFilters.Tests.Views.Traits.Configuration.FilterConfigurationTest" file="/home/joe/awscandc/laraveladvancedtest/LaravelLivewireTablesAdvancedFilters/tests/Views/Traits/Configuration/FilterConfigurationTest.php" line="116" assertions="8" time="0.035749"/>
        <testcase name="can_hide_filter_from_pills" class="LowerRockLabs\LaravelLivewireTablesAdvancedFilters\Tests\Views\Traits\Configuration\FilterConfigurationTest" classname="LowerRockLabs.LaravelLivewireTablesAdvancedFilters.Tests.Views.Traits.Configuration.FilterConfigurationTest" file="/home/joe/awscandc/laraveladvancedtest/LaravelLivewireTablesAdvancedFilters/tests/Views/Traits/Configuration/FilterConfigurationTest.php" line="80" assertions="2" time="0.035099"/>
        <testcase name="filter_pill_title_can_be_set" class="LowerRockLabs\LaravelLivewireTablesAdvancedFilters\Tests\Views\Traits\Configuration\FilterConfigurationTest" classname="LowerRockLabs.LaravelLivewireTablesAdvancedFilters.Tests.Views.Traits.Configuration.FilterConfigurationTest" file="/home/joe/awscandc/laraveladvancedtest/LaravelLivewireTablesAdvancedFilters/tests/Views/Traits/Configuration/FilterConfigurationTest.php" line="27" assertions="2" time="0.034875"/>
        <testcase name="can_hide_filter_from_filter_count" class="LowerRockLabs\LaravelLivewireTablesAdvancedFilters\Tests\Views\Traits\Configuration\FilterConfigurationTest" classname="LowerRockLabs.LaravelLivewireTablesAdvancedFilters.Tests.Views.Traits.Configuration.FilterConfigurationTest" file="/home/joe/awscandc/laraveladvancedtest/LaravelLivewireTablesAdvancedFilters/tests/Views/Traits/Configuration/FilterConfigurationTest.php" line="92" assertions="2" time="0.034996"/>
        <testcase name="filter_config_can_be_set" class="LowerRockLabs\LaravelLivewireTablesAdvancedFilters\Tests\Views\Traits\Configuration\FilterConfigurationTest" classname="LowerRockLabs.LaravelLivewireTablesAdvancedFilters.Tests.Views.Traits.Configuration.FilterConfigurationTest" file="/home/joe/awscandc/laraveladvancedtest/LaravelLivewireTablesAdvancedFilters/tests/Views/Traits/Configuration/FilterConfigurationTest.php" line="11" assertions="3" time="0.043165"/>
        <testcase name="filter_is_not_reset_by_clear_button" class="LowerRockLabs\LaravelLivewireTablesAdvancedFilters\Tests\Views\Traits\Configuration\FilterConfigurationTest" classname="LowerRockLabs.LaravelLivewireTablesAdvancedFilters.Tests.Views.Traits.Configuration.FilterConfigurationTest" file="/home/joe/awscandc/laraveladvancedtest/LaravelLivewireTablesAdvancedFilters/tests/Views/Traits/Configuration/FilterConfigurationTest.php" line="104" assertions="2" time="0.037820"/>
      </testsuite>
      <testsuite name="LowerRockLabs\LaravelLivewireTablesAdvancedFilters\Tests\Views\Traits\Configuration\BooleanColumnConfigurationTest" file="/home/joe/awscandc/laraveladvancedtest/LaravelLivewireTablesAdvancedFilters/tests/Views/Traits/Configuration/BooleanColumnConfigurationTest.php" tests="3" assertions="7" errors="0" warnings="0" failures="0" skipped="0" time="0.107779">
        <testcase name="boolean_column_can_set_view" class="LowerRockLabs\LaravelLivewireTablesAdvancedFilters\Tests\Views\Traits\Configuration\BooleanColumnConfigurationTest" classname="LowerRockLabs.LaravelLivewireTablesAdvancedFilters.Tests.Views.Traits.Configuration.BooleanColumnConfigurationTest" file="/home/joe/awscandc/laraveladvancedtest/LaravelLivewireTablesAdvancedFilters/tests/Views/Traits/Configuration/BooleanColumnConfigurationTest.php" line="38" assertions="2" time="0.034145"/>
        <testcase name="boolean_column_can_set_success_value" class="LowerRockLabs\LaravelLivewireTablesAdvancedFilters\Tests\Views\Traits\Configuration\BooleanColumnConfigurationTest" classname="LowerRockLabs.LaravelLivewireTablesAdvancedFilters.Tests.Views.Traits.Configuration.BooleanColumnConfigurationTest" file="/home/joe/awscandc/laraveladvancedtest/LaravelLivewireTablesAdvancedFilters/tests/Views/Traits/Configuration/BooleanColumnConfigurationTest.php" line="26" assertions="2" time="0.034755"/>
        <testcase name="boolean_column_can_set_callback" class="LowerRockLabs\LaravelLivewireTablesAdvancedFilters\Tests\Views\Traits\Configuration\BooleanColumnConfigurationTest" classname="LowerRockLabs.LaravelLivewireTablesAdvancedFilters.Tests.Views.Traits.Configuration.BooleanColumnConfigurationTest" file="/home/joe/awscandc/laraveladvancedtest/LaravelLivewireTablesAdvancedFilters/tests/Views/Traits/Configuration/BooleanColumnConfigurationTest.php" line="12" assertions="3" time="0.038879"/>
      </testsuite>
      <testsuite name="LowerRockLabs\LaravelLivewireTablesAdvancedFilters\Tests\Traits\Helpers\AdvancedFilterHelpersTest" file="/home/joe/awscandc/laraveladvancedtest/LaravelLivewireTablesAdvancedFilters/tests/Traits/Helpers/AdvancedFilterHelpersTest.php" tests="16" assertions="47" errors="0" warnings="0" failures="0" skipped="0" time="0.823265">
        <testcase name="can_set_filter_defaults" class="LowerRockLabs\LaravelLivewireTablesAdvancedFilters\Tests\Traits\Helpers\AdvancedFilterHelpersTest" classname="LowerRockLabs.LaravelLivewireTablesAdvancedFilters.Tests.Traits.Helpers.AdvancedFilterHelpersTest" file="/home/joe/awscandc/laraveladvancedtest/LaravelLivewireTablesAdvancedFilters/tests/Traits/Helpers/AdvancedFilterHelpersTest.php" line="142" assertions="2" time="0.054732"/>
        <testcase name="can_get_all_applied_filters_with_values" class="LowerRockLabs\LaravelLivewireTablesAdvancedFilters\Tests\Traits\Helpers\AdvancedFilterHelpersTest" classname="LowerRockLabs.LaravelLivewireTablesAdvancedFilters.Tests.Traits.Helpers.AdvancedFilterHelpersTest" file="/home/joe/awscandc/laraveladvancedtest/LaravelLivewireTablesAdvancedFilters/tests/Traits/Helpers/AdvancedFilterHelpersTest.php" line="188" assertions="1" time="0.042423"/>
        <testcase name="can_get_filters_visibility_status" class="LowerRockLabs\LaravelLivewireTablesAdvancedFilters\Tests\Traits\Helpers\AdvancedFilterHelpersTest" classname="LowerRockLabs.LaravelLivewireTablesAdvancedFilters.Tests.Traits.Helpers.AdvancedFilterHelpersTest" file="/home/joe/awscandc/laraveladvancedtest/LaravelLivewireTablesAdvancedFilters/tests/Traits/Helpers/AdvancedFilterHelpersTest.php" line="30" assertions="3" time="0.036809"/>
        <testcase name="can_check_if_component_has_filters" class="LowerRockLabs\LaravelLivewireTablesAdvancedFilters\Tests\Traits\Helpers\AdvancedFilterHelpersTest" classname="LowerRockLabs.LaravelLivewireTablesAdvancedFilters.Tests.Traits.Helpers.AdvancedFilterHelpersTest" file="/home/joe/awscandc/laraveladvancedtest/LaravelLivewireTablesAdvancedFilters/tests/Traits/Helpers/AdvancedFilterHelpersTest.php" line="58" assertions="1" time="0.042883"/>
        <testcase name="can_get_filter_pills_status" class="LowerRockLabs\LaravelLivewireTablesAdvancedFilters\Tests\Traits\Helpers\AdvancedFilterHelpersTest" classname="LowerRockLabs.LaravelLivewireTablesAdvancedFilters.Tests.Traits.Helpers.AdvancedFilterHelpersTest" file="/home/joe/awscandc/laraveladvancedtest/LaravelLivewireTablesAdvancedFilters/tests/Traits/Helpers/AdvancedFilterHelpersTest.php" line="44" assertions="3" time="0.036809"/>
        <testcase name="can_set_filter_value" class="LowerRockLabs\LaravelLivewireTablesAdvancedFilters\Tests\Traits\Helpers\AdvancedFilterHelpersTest" classname="LowerRockLabs.LaravelLivewireTablesAdvancedFilters.Tests.Traits.Helpers.AdvancedFilterHelpersTest" file="/home/joe/awscandc/laraveladvancedtest/LaravelLivewireTablesAdvancedFilters/tests/Traits/Helpers/AdvancedFilterHelpersTest.php" line="109" assertions="2" time="0.048730"/>
        <testcase name="can_see_if_filters_set_with_values" class="LowerRockLabs\LaravelLivewireTablesAdvancedFilters\Tests\Traits\Helpers\AdvancedFilterHelpersTest" classname="LowerRockLabs.LaravelLivewireTablesAdvancedFilters.Tests.Traits.Helpers.AdvancedFilterHelpersTest" file="/home/joe/awscandc/laraveladvancedtest/LaravelLivewireTablesAdvancedFilters/tests/Traits/Helpers/AdvancedFilterHelpersTest.php" line="170" assertions="4" time="0.061865"/>
        <testcase name="can_select_all_filter_options" class="LowerRockLabs\LaravelLivewireTablesAdvancedFilters\Tests\Traits\Helpers\AdvancedFilterHelpersTest" classname="LowerRockLabs.LaravelLivewireTablesAdvancedFilters.Tests.Traits.Helpers.AdvancedFilterHelpersTest" file="/home/joe/awscandc/laraveladvancedtest/LaravelLivewireTablesAdvancedFilters/tests/Traits/Helpers/AdvancedFilterHelpersTest.php" line="123" assertions="1" time="0.054906"/>
        <testcase name="can_get_component_filter_by_key" class="LowerRockLabs\LaravelLivewireTablesAdvancedFilters\Tests\Traits\Helpers\AdvancedFilterHelpersTest" classname="LowerRockLabs.LaravelLivewireTablesAdvancedFilters.Tests.Traits.Helpers.AdvancedFilterHelpersTest" file="/home/joe/awscandc/laraveladvancedtest/LaravelLivewireTablesAdvancedFilters/tests/Traits/Helpers/AdvancedFilterHelpersTest.php" line="81" assertions="12" time="0.110055"/>
        <testcase name="can_check_if_filter_layout_is_popover" class="LowerRockLabs\LaravelLivewireTablesAdvancedFilters\Tests\Traits\Helpers\AdvancedFilterHelpersTest" classname="LowerRockLabs.LaravelLivewireTablesAdvancedFilters.Tests.Traits.Helpers.AdvancedFilterHelpersTest" file="/home/joe/awscandc/laraveladvancedtest/LaravelLivewireTablesAdvancedFilters/tests/Traits/Helpers/AdvancedFilterHelpersTest.php" line="212" assertions="1" time="0.036753"/>
        <testcase name="can_get_component_filter_count" class="LowerRockLabs\LaravelLivewireTablesAdvancedFilters\Tests\Traits\Helpers\AdvancedFilterHelpersTest" classname="LowerRockLabs.LaravelLivewireTablesAdvancedFilters.Tests.Traits.Helpers.AdvancedFilterHelpersTest" file="/home/joe/awscandc/laraveladvancedtest/LaravelLivewireTablesAdvancedFilters/tests/Traits/Helpers/AdvancedFilterHelpersTest.php" line="75" assertions="1" time="0.043140"/>
        <testcase name="can_get_filters_status" class="LowerRockLabs\LaravelLivewireTablesAdvancedFilters\Tests\Traits\Helpers\AdvancedFilterHelpersTest" classname="LowerRockLabs.LaravelLivewireTablesAdvancedFilters.Tests.Traits.Helpers.AdvancedFilterHelpersTest" file="/home/joe/awscandc/laraveladvancedtest/LaravelLivewireTablesAdvancedFilters/tests/Traits/Helpers/AdvancedFilterHelpersTest.php" line="16" assertions="3" time="0.036678"/>
        <testcase name="can_not_set_invalid_filter" class="LowerRockLabs\LaravelLivewireTablesAdvancedFilters\Tests\Traits\Helpers\AdvancedFilterHelpersTest" classname="LowerRockLabs.LaravelLivewireTablesAdvancedFilters.Tests.Traits.Helpers.AdvancedFilterHelpersTest" file="/home/joe/awscandc/laraveladvancedtest/LaravelLivewireTablesAdvancedFilters/tests/Traits/Helpers/AdvancedFilterHelpersTest.php" line="160" assertions="2" time="0.051136"/>
        <testcase name="can_get_all_applied_filters_with_values_count" class="LowerRockLabs\LaravelLivewireTablesAdvancedFilters\Tests\Traits\Helpers\AdvancedFilterHelpersTest" classname="LowerRockLabs.LaravelLivewireTablesAdvancedFilters.Tests.Traits.Helpers.AdvancedFilterHelpersTest" file="/home/joe/awscandc/laraveladvancedtest/LaravelLivewireTablesAdvancedFilters/tests/Traits/Helpers/AdvancedFilterHelpersTest.php" line="198" assertions="3" time="0.056147"/>
        <testcase name="can_get_component_filters" class="LowerRockLabs\LaravelLivewireTablesAdvancedFilters\Tests\Traits\Helpers\AdvancedFilterHelpersTest" classname="LowerRockLabs.LaravelLivewireTablesAdvancedFilters.Tests.Traits.Helpers.AdvancedFilterHelpersTest" file="/home/joe/awscandc/laraveladvancedtest/LaravelLivewireTablesAdvancedFilters/tests/Traits/Helpers/AdvancedFilterHelpersTest.php" line="64" assertions="6" time="0.073191"/>
        <testcase name="can_check_if_filter_layout_is_slidedown" class="LowerRockLabs\LaravelLivewireTablesAdvancedFilters\Tests\Traits\Helpers\AdvancedFilterHelpersTest" classname="LowerRockLabs.LaravelLivewireTablesAdvancedFilters.Tests.Traits.Helpers.AdvancedFilterHelpersTest" file="/home/joe/awscandc/laraveladvancedtest/LaravelLivewireTablesAdvancedFilters/tests/Traits/Helpers/AdvancedFilterHelpersTest.php" line="218" assertions="2" time="0.037007"/>
      </testsuite>
      <testsuite name="LowerRockLabs\LaravelLivewireTablesAdvancedFilters\Tests\Views\Traits\Helpers\ColumnHelpersTest" file="/home/joe/awscandc/laraveladvancedtest/LaravelLivewireTablesAdvancedFilters/tests/Views/Traits/Helpers/ColumnHelpersTest.php" tests="26" assertions="65" errors="0" warnings="0" failures="0" skipped="0" time="0.952106">
        <testcase name="can_get_full_column_select_name" class="LowerRockLabs\LaravelLivewireTablesAdvancedFilters\Tests\Views\Traits\Helpers\ColumnHelpersTest" classname="LowerRockLabs.LaravelLivewireTablesAdvancedFilters.Tests.Views.Traits.Helpers.ColumnHelpersTest" file="/home/joe/awscandc/laraveladvancedtest/LaravelLivewireTablesAdvancedFilters/tests/Views/Traits/Helpers/ColumnHelpersTest.php" line="229" assertions="2" time="0.034503"/>
        <testcase name="can_get_column_from" class="LowerRockLabs\LaravelLivewireTablesAdvancedFilters\Tests\Views\Traits\Helpers\ColumnHelpersTest" classname="LowerRockLabs.LaravelLivewireTablesAdvancedFilters.Tests.Views.Traits.Helpers.ColumnHelpersTest" file="/home/joe/awscandc/laraveladvancedtest/LaravelLivewireTablesAdvancedFilters/tests/Views/Traits/Helpers/ColumnHelpersTest.php" line="13" assertions="2" time="0.035101"/>
        <testcase name="can_set_custom_sorting_pill_title" class="LowerRockLabs\LaravelLivewireTablesAdvancedFilters\Tests\Views\Traits\Helpers\ColumnHelpersTest" classname="LowerRockLabs.LaravelLivewireTablesAdvancedFilters.Tests.Views.Traits.Helpers.ColumnHelpersTest" file="/home/joe/awscandc/laraveladvancedtest/LaravelLivewireTablesAdvancedFilters/tests/Views/Traits/Helpers/ColumnHelpersTest.php" line="110" assertions="2" time="0.034706"/>
        <testcase name="can_check_if_column_has_footer" class="LowerRockLabs\LaravelLivewireTablesAdvancedFilters\Tests\Views\Traits\Helpers\ColumnHelpersTest" classname="LowerRockLabs.LaravelLivewireTablesAdvancedFilters.Tests.Views.Traits.Helpers.ColumnHelpersTest" file="/home/joe/awscandc/laraveladvancedtest/LaravelLivewireTablesAdvancedFilters/tests/Views/Traits/Helpers/ColumnHelpersTest.php" line="341" assertions="6" time="0.035147"/>
        <testcase name="can_get_colspan_count" class="LowerRockLabs\LaravelLivewireTablesAdvancedFilters\Tests\Views\Traits\Helpers\ColumnHelpersTest" classname="LowerRockLabs.LaravelLivewireTablesAdvancedFilters.Tests.Views.Traits.Helpers.ColumnHelpersTest" file="/home/joe/awscandc/laraveladvancedtest/LaravelLivewireTablesAdvancedFilters/tests/Views/Traits/Helpers/ColumnHelpersTest.php" line="289" assertions="1" time="0.034350"/>
        <testcase name="can_check_if_column_should_collapse_on_tablet" class="LowerRockLabs\LaravelLivewireTablesAdvancedFilters\Tests\Views\Traits\Helpers\ColumnHelpersTest" classname="LowerRockLabs.LaravelLivewireTablesAdvancedFilters.Tests.Views.Traits.Helpers.ColumnHelpersTest" file="/home/joe/awscandc/laraveladvancedtest/LaravelLivewireTablesAdvancedFilters/tests/Views/Traits/Helpers/ColumnHelpersTest.php" line="98" assertions="2" time="0.034620"/>
        <testcase name="can_get_column_field" class="LowerRockLabs\LaravelLivewireTablesAdvancedFilters\Tests\Views\Traits\Helpers\ColumnHelpersTest" classname="LowerRockLabs.LaravelLivewireTablesAdvancedFilters.Tests.Views.Traits.Helpers.ColumnHelpersTest" file="/home/joe/awscandc/laraveladvancedtest/LaravelLivewireTablesAdvancedFilters/tests/Views/Traits/Helpers/ColumnHelpersTest.php" line="45" assertions="1" time="0.033938"/>
        <testcase name="can_get_column_formatter" class="LowerRockLabs\LaravelLivewireTablesAdvancedFilters\Tests\Views\Traits\Helpers\ColumnHelpersTest" classname="LowerRockLabs.LaravelLivewireTablesAdvancedFilters.Tests.Views.Traits.Helpers.ColumnHelpersTest" file="/home/joe/awscandc/laraveladvancedtest/LaravelLivewireTablesAdvancedFilters/tests/Views/Traits/Helpers/ColumnHelpersTest.php" line="311" assertions="3" time="0.034816"/>
        <testcase name="can_get_column_sort_callback" class="LowerRockLabs\LaravelLivewireTablesAdvancedFilters\Tests\Views\Traits\Helpers\ColumnHelpersTest" classname="LowerRockLabs.LaravelLivewireTablesAdvancedFilters.Tests.Views.Traits.Helpers.ColumnHelpersTest" file="/home/joe/awscandc/laraveladvancedtest/LaravelLivewireTablesAdvancedFilters/tests/Views/Traits/Helpers/ColumnHelpersTest.php" line="187" assertions="2" time="0.033878"/>
        <testcase name="can_check_if_column_matches_column_name" class="LowerRockLabs\LaravelLivewireTablesAdvancedFilters\Tests\Views\Traits\Helpers\ColumnHelpersTest" classname="LowerRockLabs.LaravelLivewireTablesAdvancedFilters.Tests.Views.Traits.Helpers.ColumnHelpersTest" file="/home/joe/awscandc/laraveladvancedtest/LaravelLivewireTablesAdvancedFilters/tests/Views/Traits/Helpers/ColumnHelpersTest.php" line="245" assertions="4" time="0.034296"/>
        <testcase name="can_get_full_column_name" class="LowerRockLabs\LaravelLivewireTablesAdvancedFilters\Tests\Views\Traits\Helpers\ColumnHelpersTest" classname="LowerRockLabs.LaravelLivewireTablesAdvancedFilters.Tests.Views.Traits.Helpers.ColumnHelpersTest" file="/home/joe/awscandc/laraveladvancedtest/LaravelLivewireTablesAdvancedFilters/tests/Views/Traits/Helpers/ColumnHelpersTest.php" line="213" assertions="2" time="0.037616"/>
        <testcase name="can_check_if_column_should_collapse_on_mobile" class="LowerRockLabs\LaravelLivewireTablesAdvancedFilters\Tests\Views\Traits\Helpers\ColumnHelpersTest" classname="LowerRockLabs.LaravelLivewireTablesAdvancedFilters.Tests.Views.Traits.Helpers.ColumnHelpersTest" file="/home/joe/awscandc/laraveladvancedtest/LaravelLivewireTablesAdvancedFilters/tests/Views/Traits/Helpers/ColumnHelpersTest.php" line="86" assertions="2" time="0.036403"/>
        <testcase name="can_check_if_column_has_secondary_header" class="LowerRockLabs\LaravelLivewireTablesAdvancedFilters\Tests\Views\Traits\Helpers\ColumnHelpersTest" classname="LowerRockLabs.LaravelLivewireTablesAdvancedFilters.Tests.Views.Traits.Helpers.ColumnHelpersTest" file="/home/joe/awscandc/laraveladvancedtest/LaravelLivewireTablesAdvancedFilters/tests/Views/Traits/Helpers/ColumnHelpersTest.php" line="324" assertions="6" time="0.038904"/>
        <testcase name="can_check_if_column_has_from" class="LowerRockLabs\LaravelLivewireTablesAdvancedFilters\Tests\Views\Traits\Helpers\ColumnHelpersTest" classname="LowerRockLabs.LaravelLivewireTablesAdvancedFilters.Tests.Views.Traits.Helpers.ColumnHelpersTest" file="/home/joe/awscandc/laraveladvancedtest/LaravelLivewireTablesAdvancedFilters/tests/Views/Traits/Helpers/ColumnHelpersTest.php" line="25" assertions="2" time="0.038506"/>
        <testcase name="can_check_if_column_is_same_by_field" class="LowerRockLabs\LaravelLivewireTablesAdvancedFilters\Tests\Views\Traits\Helpers\ColumnHelpersTest" classname="LowerRockLabs.LaravelLivewireTablesAdvancedFilters.Tests.Views.Traits.Helpers.ColumnHelpersTest" file="/home/joe/awscandc/laraveladvancedtest/LaravelLivewireTablesAdvancedFilters/tests/Views/Traits/Helpers/ColumnHelpersTest.php" line="148" assertions="2" time="0.038016"/>
        <testcase name="can_check_if_column_matches_column_select" class="LowerRockLabs\LaravelLivewireTablesAdvancedFilters\Tests\Views\Traits\Helpers\ColumnHelpersTest" classname="LowerRockLabs.LaravelLivewireTablesAdvancedFilters.Tests.Views.Traits.Helpers.ColumnHelpersTest" file="/home/joe/awscandc/laraveladvancedtest/LaravelLivewireTablesAdvancedFilters/tests/Views/Traits/Helpers/ColumnHelpersTest.php" line="261" assertions="4" time="0.036028"/>
        <testcase name="can_set_custom_sorting_pill_directions" class="LowerRockLabs\LaravelLivewireTablesAdvancedFilters\Tests\Views\Traits\Helpers\ColumnHelpersTest" classname="LowerRockLabs.LaravelLivewireTablesAdvancedFilters.Tests.Views.Traits.Helpers.ColumnHelpersTest" file="/home/joe/awscandc/laraveladvancedtest/LaravelLivewireTablesAdvancedFilters/tests/Views/Traits/Helpers/ColumnHelpersTest.php" line="122" assertions="4" time="0.036535"/>
        <testcase name="can_check_if_column_has_a_sort_callback" class="LowerRockLabs\LaravelLivewireTablesAdvancedFilters\Tests\Views\Traits\Helpers\ColumnHelpersTest" classname="LowerRockLabs.LaravelLivewireTablesAdvancedFilters.Tests.Views.Traits.Helpers.ColumnHelpersTest" file="/home/joe/awscandc/laraveladvancedtest/LaravelLivewireTablesAdvancedFilters/tests/Views/Traits/Helpers/ColumnHelpersTest.php" line="173" assertions="2" time="0.035702"/>
        <testcase name="can_check_if_column_has_field" class="LowerRockLabs\LaravelLivewireTablesAdvancedFilters\Tests\Views\Traits\Helpers\ColumnHelpersTest" classname="LowerRockLabs.LaravelLivewireTablesAdvancedFilters.Tests.Views.Traits.Helpers.ColumnHelpersTest" file="/home/joe/awscandc/laraveladvancedtest/LaravelLivewireTablesAdvancedFilters/tests/Views/Traits/Helpers/ColumnHelpersTest.php" line="53" assertions="2" time="0.036311"/>
        <testcase name="can_remove_field_with_label" class="LowerRockLabs\LaravelLivewireTablesAdvancedFilters\Tests\Views\Traits\Helpers\ColumnHelpersTest" classname="LowerRockLabs.LaravelLivewireTablesAdvancedFilters.Tests.Views.Traits.Helpers.ColumnHelpersTest" file="/home/joe/awscandc/laraveladvancedtest/LaravelLivewireTablesAdvancedFilters/tests/Views/Traits/Helpers/ColumnHelpersTest.php" line="65" assertions="2" time="0.036088"/>
        <testcase name="can_check_if_column_is_label" class="LowerRockLabs\LaravelLivewireTablesAdvancedFilters\Tests\Views\Traits\Helpers\ColumnHelpersTest" classname="LowerRockLabs.LaravelLivewireTablesAdvancedFilters.Tests.Views.Traits.Helpers.ColumnHelpersTest" file="/home/joe/awscandc/laraveladvancedtest/LaravelLivewireTablesAdvancedFilters/tests/Views/Traits/Helpers/ColumnHelpersTest.php" line="74" assertions="2" time="0.037035"/>
        <testcase name="can_check_if_column_is_sortable" class="LowerRockLabs\LaravelLivewireTablesAdvancedFilters\Tests\Views\Traits\Helpers\ColumnHelpersTest" classname="LowerRockLabs.LaravelLivewireTablesAdvancedFilters.Tests.Views.Traits.Helpers.ColumnHelpersTest" file="/home/joe/awscandc/laraveladvancedtest/LaravelLivewireTablesAdvancedFilters/tests/Views/Traits/Helpers/ColumnHelpersTest.php" line="157" assertions="3" time="0.041261"/>
        <testcase name="can_check_if_eager_loading_relations_is_enabled" class="LowerRockLabs\LaravelLivewireTablesAdvancedFilters\Tests\Views\Traits\Helpers\ColumnHelpersTest" classname="LowerRockLabs.LaravelLivewireTablesAdvancedFilters.Tests.Views.Traits.Helpers.ColumnHelpersTest" file="/home/joe/awscandc/laraveladvancedtest/LaravelLivewireTablesAdvancedFilters/tests/Views/Traits/Helpers/ColumnHelpersTest.php" line="277" assertions="2" time="0.037130"/>
        <testcase name="can_check_if_field_is_relation" class="LowerRockLabs\LaravelLivewireTablesAdvancedFilters\Tests\Views\Traits\Helpers\ColumnHelpersTest" classname="LowerRockLabs.LaravelLivewireTablesAdvancedFilters.Tests.Views.Traits.Helpers.ColumnHelpersTest" file="/home/joe/awscandc/laraveladvancedtest/LaravelLivewireTablesAdvancedFilters/tests/Views/Traits/Helpers/ColumnHelpersTest.php" line="136" assertions="2" time="0.034681"/>
        <testcase name="can_get_column_title" class="LowerRockLabs\LaravelLivewireTablesAdvancedFilters\Tests\Views\Traits\Helpers\ColumnHelpersTest" classname="LowerRockLabs.LaravelLivewireTablesAdvancedFilters.Tests.Views.Traits.Helpers.ColumnHelpersTest" file="/home/joe/awscandc/laraveladvancedtest/LaravelLivewireTablesAdvancedFilters/tests/Views/Traits/Helpers/ColumnHelpersTest.php" line="37" assertions="1" time="0.041887"/>
        <testcase name="can_get_column_table" class="LowerRockLabs\LaravelLivewireTablesAdvancedFilters\Tests\Views\Traits\Helpers\ColumnHelpersTest" classname="LowerRockLabs.LaravelLivewireTablesAdvancedFilters.Tests.Views.Traits.Helpers.ColumnHelpersTest" file="/home/joe/awscandc/laraveladvancedtest/LaravelLivewireTablesAdvancedFilters/tests/Views/Traits/Helpers/ColumnHelpersTest.php" line="201" assertions="2" time="0.044647"/>
      </testsuite>
      <testsuite name="LowerRockLabs\LaravelLivewireTablesAdvancedFilters\Tests\Views\Traits\Configuration\ColumnConfigurationTest" file="/home/joe/awscandc/laraveladvancedtest/LaravelLivewireTablesAdvancedFilters/tests/Views/Traits/Configuration/ColumnConfigurationTest.php" tests="10" assertions="24" errors="0" warnings="0" failures="0" skipped="0" time="0.369790">
        <testcase name="can_hide_column" class="LowerRockLabs\LaravelLivewireTablesAdvancedFilters\Tests\Views\Traits\Configuration\ColumnConfigurationTest" classname="LowerRockLabs.LaravelLivewireTablesAdvancedFilters.Tests.Views.Traits.Configuration.ColumnConfigurationTest" file="/home/joe/awscandc/laraveladvancedtest/LaravelLivewireTablesAdvancedFilters/tests/Views/Traits/Configuration/ColumnConfigurationTest.php" line="60" assertions="4" time="0.042596"/>
        <testcase name="can_set_component_on_column" class="LowerRockLabs\LaravelLivewireTablesAdvancedFilters\Tests\Views\Traits\Configuration\ColumnConfigurationTest" classname="LowerRockLabs.LaravelLivewireTablesAdvancedFilters.Tests.Views.Traits.Configuration.ColumnConfigurationTest" file="/home/joe/awscandc/laraveladvancedtest/LaravelLivewireTablesAdvancedFilters/tests/Views/Traits/Configuration/ColumnConfigurationTest.php" line="24" assertions="2" time="0.046618"/>
        <testcase name="can_deselect_column" class="LowerRockLabs\LaravelLivewireTablesAdvancedFilters\Tests\Views\Traits\Configuration\ColumnConfigurationTest" classname="LowerRockLabs.LaravelLivewireTablesAdvancedFilters.Tests.Views.Traits.Configuration.ColumnConfigurationTest" file="/home/joe/awscandc/laraveladvancedtest/LaravelLivewireTablesAdvancedFilters/tests/Views/Traits/Configuration/ColumnConfigurationTest.php" line="102" assertions="2" time="0.035652"/>
        <testcase name="can_set_footer_as_filter" class="LowerRockLabs\LaravelLivewireTablesAdvancedFilters\Tests\Views\Traits\Configuration\ColumnConfigurationTest" classname="LowerRockLabs.LaravelLivewireTablesAdvancedFilters.Tests.Views.Traits.Configuration.ColumnConfigurationTest" file="/home/joe/awscandc/laraveladvancedtest/LaravelLivewireTablesAdvancedFilters/tests/Views/Traits/Configuration/ColumnConfigurationTest.php" line="127" assertions="3" time="0.038866"/>
        <testcase name="can_make_column_unclickable" class="LowerRockLabs\LaravelLivewireTablesAdvancedFilters\Tests\Views\Traits\Configuration\ColumnConfigurationTest" classname="LowerRockLabs.LaravelLivewireTablesAdvancedFilters.Tests.Views.Traits.Configuration.ColumnConfigurationTest" file="/home/joe/awscandc/laraveladvancedtest/LaravelLivewireTablesAdvancedFilters/tests/Views/Traits/Configuration/ColumnConfigurationTest.php" line="86" assertions="2" time="0.033084"/>
        <testcase name="can_set_column_format" class="LowerRockLabs\LaravelLivewireTablesAdvancedFilters\Tests\Views\Traits\Configuration\ColumnConfigurationTest" classname="LowerRockLabs.LaravelLivewireTablesAdvancedFilters.Tests.Views.Traits.Configuration.ColumnConfigurationTest" file="/home/joe/awscandc/laraveladvancedtest/LaravelLivewireTablesAdvancedFilters/tests/Views/Traits/Configuration/ColumnConfigurationTest.php" line="36" assertions="2" time="0.032643"/>
        <testcase name="can_set_column_wants_html" class="LowerRockLabs\LaravelLivewireTablesAdvancedFilters\Tests\Views\Traits\Configuration\ColumnConfigurationTest" classname="LowerRockLabs.LaravelLivewireTablesAdvancedFilters.Tests.Views.Traits.Configuration.ColumnConfigurationTest" file="/home/joe/awscandc/laraveladvancedtest/LaravelLivewireTablesAdvancedFilters/tests/Views/Traits/Configuration/ColumnConfigurationTest.php" line="48" assertions="2" time="0.033683"/>
        <testcase name="can_set_secondary_header_as_filter" class="LowerRockLabs\LaravelLivewireTablesAdvancedFilters\Tests\Views\Traits\Configuration\ColumnConfigurationTest" classname="LowerRockLabs.LaravelLivewireTablesAdvancedFilters.Tests.Views.Traits.Configuration.ColumnConfigurationTest" file="/home/joe/awscandc/laraveladvancedtest/LaravelLivewireTablesAdvancedFilters/tests/Views/Traits/Configuration/ColumnConfigurationTest.php" line="114" assertions="3" time="0.038310"/>
        <testcase name="can_set_column_to_eager_load_relations" class="LowerRockLabs\LaravelLivewireTablesAdvancedFilters\Tests\Views\Traits\Configuration\ColumnConfigurationTest" classname="LowerRockLabs.LaravelLivewireTablesAdvancedFilters.Tests.Views.Traits.Configuration.ColumnConfigurationTest" file="/home/joe/awscandc/laraveladvancedtest/LaravelLivewireTablesAdvancedFilters/tests/Views/Traits/Configuration/ColumnConfigurationTest.php" line="12" assertions="2" time="0.033842"/>
        <testcase name="can_exclude_from_column_select" class="LowerRockLabs\LaravelLivewireTablesAdvancedFilters\Tests\Views\Traits\Configuration\ColumnConfigurationTest" classname="LowerRockLabs.LaravelLivewireTablesAdvancedFilters.Tests.Views.Traits.Configuration.ColumnConfigurationTest" file="/home/joe/awscandc/laraveladvancedtest/LaravelLivewireTablesAdvancedFilters/tests/Views/Traits/Configuration/ColumnConfigurationTest.php" line="74" assertions="2" time="0.034499"/>
      </testsuite>
      <testsuite name="LowerRockLabs\LaravelLivewireTablesAdvancedFilters\Tests\Views\ColumnTest" file="/home/joe/awscandc/laraveladvancedtest/LaravelLivewireTablesAdvancedFilters/tests/Views/ColumnTest.php" tests="7" assertions="10" errors="0" warnings="0" failures="0" skipped="0" time="0.252344">
        <testcase name="can_get_contents_of_column" class="LowerRockLabs\LaravelLivewireTablesAdvancedFilters\Tests\Views\ColumnTest" classname="LowerRockLabs.LaravelLivewireTablesAdvancedFilters.Tests.Views.ColumnTest" file="/home/joe/awscandc/laraveladvancedtest/LaravelLivewireTablesAdvancedFilters/tests/Views/ColumnTest.php" line="52" assertions="2" time="0.043244"/>
        <testcase name="can_set_relation_field_from_from" class="LowerRockLabs\LaravelLivewireTablesAdvancedFilters\Tests\Views\ColumnTest" classname="LowerRockLabs.LaravelLivewireTablesAdvancedFilters.Tests.Views.ColumnTest" file="/home/joe/awscandc/laraveladvancedtest/LaravelLivewireTablesAdvancedFilters/tests/Views/ColumnTest.php" line="35" assertions="1" time="0.034761"/>
        <testcase name="column_table_gets_set_for_base_and_relationship_columns" class="LowerRockLabs\LaravelLivewireTablesAdvancedFilters\Tests\Views\ColumnTest" classname="LowerRockLabs.LaravelLivewireTablesAdvancedFilters.Tests.Views.ColumnTest" file="/home/joe/awscandc/laraveladvancedtest/LaravelLivewireTablesAdvancedFilters/tests/Views/ColumnTest.php" line="61" assertions="2" time="0.035235"/>
        <testcase name="can_set_base_field_from_from" class="LowerRockLabs\LaravelLivewireTablesAdvancedFilters\Tests\Views\ColumnTest" classname="LowerRockLabs.LaravelLivewireTablesAdvancedFilters.Tests.Views.ColumnTest" file="/home/joe/awscandc/laraveladvancedtest/LaravelLivewireTablesAdvancedFilters/tests/Views/ColumnTest.php" line="27" assertions="1" time="0.035450"/>
        <testcase name="can_infer_field_name_from_title_if_no_from" class="LowerRockLabs\LaravelLivewireTablesAdvancedFilters\Tests\Views\ColumnTest" classname="LowerRockLabs.LaravelLivewireTablesAdvancedFilters.Tests.Views.ColumnTest" file="/home/joe/awscandc/laraveladvancedtest/LaravelLivewireTablesAdvancedFilters/tests/Views/ColumnTest.php" line="19" assertions="1" time="0.035409"/>
[...]
        <testcase name="can_get_filter_configs" class="LowerRockLabs\LaravelLivewireTablesAdvancedFilters\Tests\Views\Traits\Helpers\FilterHelpersTest" classname="LowerRockLabs.LaravelLivewireTablesAdvancedFilters.Tests.Views.Traits.Helpers.FilterHelpersTest" file="/home/joe/awscandc/laraveladvancedtest/LaravelLivewireTablesAdvancedFilters/tests/Views/Traits/Helpers/FilterHelpersTest.php" line="30" assertions="2" time="0.034381"/>
        <testcase name="can_get_filter_keys" class="LowerRockLabs\LaravelLivewireTablesAdvancedFilters\Tests\Views\Traits\Helpers\FilterHelpersTest" classname="LowerRockLabs.LaravelLivewireTablesAdvancedFilters.Tests.Views.Traits.Helpers.FilterHelpersTest" file="/home/joe/awscandc/laraveladvancedtest/LaravelLivewireTablesAdvancedFilters/tests/Views/Traits/Helpers/FilterHelpersTest.php" line="51" assertions="2" time="0.034901"/>
        <testcase name="can_get_filter_pill_value" class="LowerRockLabs\LaravelLivewireTablesAdvancedFilters\Tests\Views\Traits\Helpers\FilterHelpersTest" classname="LowerRockLabs.LaravelLivewireTablesAdvancedFilters.Tests.Views.Traits.Helpers.FilterHelpersTest" file="/home/joe/awscandc/laraveladvancedtest/LaravelLivewireTablesAdvancedFilters/tests/Views/Traits/Helpers/FilterHelpersTest.php" line="124" assertions="2" time="0.034855"/>
      </testsuite>
      <testsuite name="LowerRockLabs\LaravelLivewireTablesAdvancedFilters\Tests\Traits\Configuration\FilterConfigurationTest" file="/home/joe/awscandc/laraveladvancedtest/LaravelLivewireTablesAdvancedFilters/tests/Traits/Configuration/FilterConfigurationTest.php" tests="4" assertions="19" errors="0" warnings="0" failures="0" skipped="0" time="0.138060">
        <testcase name="filters_layout_can_be_set" class="LowerRockLabs\LaravelLivewireTablesAdvancedFilters\Tests\Traits\Configuration\FilterConfigurationTest" classname="LowerRockLabs.LaravelLivewireTablesAdvancedFilters.Tests.Traits.Configuration.FilterConfigurationTest" file="/home/joe/awscandc/laraveladvancedtest/LaravelLivewireTablesAdvancedFilters/tests/Traits/Configuration/FilterConfigurationTest.php" line="77" assertions="4" time="0.034544"/>
        <testcase name="filters_status_can_be_set" class="LowerRockLabs\LaravelLivewireTablesAdvancedFilters\Tests\Traits\Configuration\FilterConfigurationTest" classname="LowerRockLabs.LaravelLivewireTablesAdvancedFilters.Tests.Traits.Configuration.FilterConfigurationTest" file="/home/joe/awscandc/laraveladvancedtest/LaravelLivewireTablesAdvancedFilters/tests/Traits/Configuration/FilterConfigurationTest.php" line="11" assertions="5" time="0.034296"/>
        <testcase name="filters_pills_status_can_be_set" class="LowerRockLabs\LaravelLivewireTablesAdvancedFilters\Tests\Traits\Configuration\FilterConfigurationTest" classname="LowerRockLabs.LaravelLivewireTablesAdvancedFilters.Tests.Traits.Configuration.FilterConfigurationTest" file="/home/joe/awscandc/laraveladvancedtest/LaravelLivewireTablesAdvancedFilters/tests/Traits/Configuration/FilterConfigurationTest.php" line="55" assertions="5" time="0.034076"/>
        <testcase name="filters_visibility_status_can_be_set" class="LowerRockLabs\LaravelLivewireTablesAdvancedFilters\Tests\Traits\Configuration\FilterConfigurationTest" classname="LowerRockLabs.LaravelLivewireTablesAdvancedFilters.Tests.Traits.Configuration.FilterConfigurationTest" file="/home/joe/awscandc/laraveladvancedtest/LaravelLivewireTablesAdvancedFilters/tests/Traits/Configuration/FilterConfigurationTest.php" line="33" assertions="5" time="0.035144"/>
      </testsuite>
      <testsuite name="LowerRockLabs\LaravelLivewireTablesAdvancedFilters\Tests\Traits\Configuration\ComponentConfigurationTest" file="/home/joe/awscandc/laraveladvancedtest/LaravelLivewireTablesAdvancedFilters/tests/Traits/Configuration/ComponentConfigurationTest.php" tests="18" assertions="50" errors="0" warnings="0" failures="0" skipped="0" time="0.633002">
        <testcase name="can_set_tr_url_target" class="LowerRockLabs\LaravelLivewireTablesAdvancedFilters\Tests\Traits\Configuration\ComponentConfigurationTest" classname="LowerRockLabs.LaravelLivewireTablesAdvancedFilters.Tests.Traits.Configuration.ComponentConfigurationTest" file="/home/joe/awscandc/laraveladvancedtest/LaravelLivewireTablesAdvancedFilters/tests/Traits/Configuration/ComponentConfigurationTest.php" line="243" assertions="2" time="0.033620"/>
        <testcase name="can_set_td_attributes" class="LowerRockLabs\LaravelLivewireTablesAdvancedFilters\Tests\Traits\Configuration\ComponentConfigurationTest" classname="LowerRockLabs.LaravelLivewireTablesAdvancedFilters.Tests.Traits.Configuration.ComponentConfigurationTest" file="/home/joe/awscandc/laraveladvancedtest/LaravelLivewireTablesAdvancedFilters/tests/Traits/Configuration/ComponentConfigurationTest.php" line="108" assertions="2" time="0.036134"/>
        <testcase name="can_set_tbody_attributes" class="LowerRockLabs\LaravelLivewireTablesAdvancedFilters\Tests\Traits\Configuration\ComponentConfigurationTest" classname="LowerRockLabs.LaravelLivewireTablesAdvancedFilters.Tests.Traits.Configuration.ComponentConfigurationTest" file="/home/joe/awscandc/laraveladvancedtest/LaravelLivewireTablesAdvancedFilters/tests/Traits/Configuration/ComponentConfigurationTest.php" line="53" assertions="2" time="0.033180"/>
        <testcase name="can_set_table_wrapper_attributes" class="LowerRockLabs\LaravelLivewireTablesAdvancedFilters\Tests\Traits\Configuration\ComponentConfigurationTest" classname="LowerRockLabs.LaravelLivewireTablesAdvancedFilters.Tests.Traits.Configuration.ComponentConfigurationTest" file="/home/joe/awscandc/laraveladvancedtest/LaravelLivewireTablesAdvancedFilters/tests/Traits/Configuration/ComponentConfigurationTest.php" line="23" assertions="2" time="0.035288"/>
        <testcase name="can_set_collapsing_columns_status" class="LowerRockLabs\LaravelLivewireTablesAdvancedFilters\Tests\Traits\Configuration\ComponentConfigurationTest" classname="LowerRockLabs.LaravelLivewireTablesAdvancedFilters.Tests.Traits.Configuration.ComponentConfigurationTest" file="/home/joe/awscandc/laraveladvancedtest/LaravelLivewireTablesAdvancedFilters/tests/Traits/Configuration/ComponentConfigurationTest.php" line="209" assertions="5" time="0.034848"/>
        <testcase name="can_set_offline_indicator_status" class="LowerRockLabs\LaravelLivewireTablesAdvancedFilters\Tests\Traits\Configuration\ComponentConfigurationTest" classname="LowerRockLabs.LaravelLivewireTablesAdvancedFilters.Tests.Traits.Configuration.ComponentConfigurationTest" file="/home/joe/awscandc/laraveladvancedtest/LaravelLivewireTablesAdvancedFilters/tests/Traits/Configuration/ComponentConfigurationTest.php" line="131" assertions="4" time="0.034863"/>
        <testcase name="can_set_tr_url" class="LowerRockLabs\LaravelLivewireTablesAdvancedFilters\Tests\Traits\Configuration\ComponentConfigurationTest" classname="LowerRockLabs.LaravelLivewireTablesAdvancedFilters.Tests.Traits.Configuration.ComponentConfigurationTest" file="/home/joe/awscandc/laraveladvancedtest/LaravelLivewireTablesAdvancedFilters/tests/Traits/Configuration/ComponentConfigurationTest.php" line="231" assertions="2" time="0.034661"/>
        <testcase name="can_set_query_string_status" class="LowerRockLabs\LaravelLivewireTablesAdvancedFilters\Tests\Traits\Configuration\ComponentConfigurationTest" classname="LowerRockLabs.LaravelLivewireTablesAdvancedFilters.Tests.Traits.Configuration.ComponentConfigurationTest" file="/home/joe/awscandc/laraveladvancedtest/LaravelLivewireTablesAdvancedFilters/tests/Traits/Configuration/ComponentConfigurationTest.php" line="165" assertions="5" time="0.034957"/>
        <testcase name="can_set_empty_message" class="LowerRockLabs\LaravelLivewireTablesAdvancedFilters\Tests\Traits\Configuration\ComponentConfigurationTest" classname="LowerRockLabs.LaravelLivewireTablesAdvancedFilters.Tests.Traits.Configuration.ComponentConfigurationTest" file="/home/joe/awscandc/laraveladvancedtest/LaravelLivewireTablesAdvancedFilters/tests/Traits/Configuration/ComponentConfigurationTest.php" line="123" assertions="1" time="0.035466"/>
        <testcase name="can_set_tr_attributes" class="LowerRockLabs\LaravelLivewireTablesAdvancedFilters\Tests\Traits\Configuration\ComponentConfigurationTest" classname="LowerRockLabs.LaravelLivewireTablesAdvancedFilters.Tests.Traits.Configuration.ComponentConfigurationTest" file="/home/joe/awscandc/laraveladvancedtest/LaravelLivewireTablesAdvancedFilters/tests/Traits/Configuration/ComponentConfigurationTest.php" line="93" assertions="2" time="0.035273"/>
        <testcase name="initial_wrapper_attributes_get_set" class="LowerRockLabs\LaravelLivewireTablesAdvancedFilters\Tests\Traits\Configuration\ComponentConfigurationTest" classname="LowerRockLabs.LaravelLivewireTablesAdvancedFilters.Tests.Traits.Configuration.ComponentConfigurationTest" file="/home/joe/awscandc/laraveladvancedtest/LaravelLivewireTablesAdvancedFilters/tests/Traits/Configuration/ComponentConfigurationTest.php" line="13" assertions="2" time="0.035931"/>
        <testcase name="can_set_th_sort_button_attributes" class="LowerRockLabs\LaravelLivewireTablesAdvancedFilters\Tests\Traits\Configuration\ComponentConfigurationTest" classname="LowerRockLabs.LaravelLivewireTablesAdvancedFilters.Tests.Traits.Configuration.ComponentConfigurationTest" file="/home/joe/awscandc/laraveladvancedtest/LaravelLivewireTablesAdvancedFilters/tests/Traits/Configuration/ComponentConfigurationTest.php" line="78" assertions="2" time="0.034504"/>
        <testcase name="can_set_eager_load_relations_status" class="LowerRockLabs\LaravelLivewireTablesAdvancedFilters\Tests\Traits\Configuration\ComponentConfigurationTest" classname="LowerRockLabs.LaravelLivewireTablesAdvancedFilters.Tests.Traits.Configuration.ComponentConfigurationTest" file="/home/joe/awscandc/laraveladvancedtest/LaravelLivewireTablesAdvancedFilters/tests/Traits/Configuration/ComponentConfigurationTest.php" line="187" assertions="5" time="0.033693"/>
        <testcase name="can_set_table_attributes" class="LowerRockLabs\LaravelLivewireTablesAdvancedFilters\Tests\Traits\Configuration\ComponentConfigurationTest" classname="LowerRockLabs.LaravelLivewireTablesAdvancedFilters.Tests.Traits.Configuration.ComponentConfigurationTest" file="/home/joe/awscandc/laraveladvancedtest/LaravelLivewireTablesAdvancedFilters/tests/Traits/Configuration/ComponentConfigurationTest.php" line="33" assertions="2" time="0.037505"/>
        <testcase name="can_set_default_sorting_labels" class="LowerRockLabs\LaravelLivewireTablesAdvancedFilters\Tests\Traits\Configuration\ComponentConfigurationTest" classname="LowerRockLabs.LaravelLivewireTablesAdvancedFilters.Tests.Traits.Configuration.ComponentConfigurationTest" file="/home/joe/awscandc/laraveladvancedtest/LaravelLivewireTablesAdvancedFilters/tests/Traits/Configuration/ComponentConfigurationTest.php" line="153" assertions="4" time="0.035523"/>
        <testcase name="can_set_thead_attributes" class="LowerRockLabs\LaravelLivewireTablesAdvancedFilters\Tests\Traits\Configuration\ComponentConfigurationTest" classname="LowerRockLabs.LaravelLivewireTablesAdvancedFilters.Tests.Traits.Configuration.ComponentConfigurationTest" file="/home/joe/awscandc/laraveladvancedtest/LaravelLivewireTablesAdvancedFilters/tests/Traits/Configuration/ComponentConfigurationTest.php" line="43" assertions="2" time="0.034628"/>
        <testcase name="can_set_hide_configurable_areas_when_reordering_status" class="LowerRockLabs\LaravelLivewireTablesAdvancedFilters\Tests\Traits\Configuration\ComponentConfigurationTest" classname="LowerRockLabs.LaravelLivewireTablesAdvancedFilters.Tests.Traits.Configuration.ComponentConfigurationTest" file="/home/joe/awscandc/laraveladvancedtest/LaravelLivewireTablesAdvancedFilters/tests/Traits/Configuration/ComponentConfigurationTest.php" line="255" assertions="4" time="0.034288"/>
        <testcase name="can_set_th_attributes" class="LowerRockLabs\LaravelLivewireTablesAdvancedFilters\Tests\Traits\Configuration\ComponentConfigurationTest" classname="LowerRockLabs.LaravelLivewireTablesAdvancedFilters.Tests.Traits.Configuration.ComponentConfigurationTest" file="/home/joe/awscandc/laraveladvancedtest/LaravelLivewireTablesAdvancedFilters/tests/Traits/Configuration/ComponentConfigurationTest.php" line="63" assertions="2" time="0.038640"/>
      </testsuite>
      <testsuite name="LowerRockLabs\LaravelLivewireTablesAdvancedFilters\Tests\Traits\Helpers\FilterHelpersTest" file="/home/joe/awscandc/laraveladvancedtest/LaravelLivewireTablesAdvancedFilters/tests/Traits/Helpers/FilterHelpersTest.php" tests="16" assertions="35" errors="0" warnings="0" failures="0" skipped="0" time="0.640629">
        <testcase name="can_get_filter_pills_status" class="LowerRockLabs\LaravelLivewireTablesAdvancedFilters\Tests\Traits\Helpers\FilterHelpersTest" classname="LowerRockLabs.LaravelLivewireTablesAdvancedFilters.Tests.Traits.Helpers.FilterHelpersTest" file="/home/joe/awscandc/laraveladvancedtest/LaravelLivewireTablesAdvancedFilters/tests/Traits/Helpers/FilterHelpersTest.php" line="40" assertions="3" time="0.033640"/>
        <testcase name="can_check_if_filter_layout_is_slidedown" class="LowerRockLabs\LaravelLivewireTablesAdvancedFilters\Tests\Traits\Helpers\FilterHelpersTest" classname="LowerRockLabs.LaravelLivewireTablesAdvancedFilters.Tests.Traits.Helpers.FilterHelpersTest" file="/home/joe/awscandc/laraveladvancedtest/LaravelLivewireTablesAdvancedFilters/tests/Traits/Helpers/FilterHelpersTest.php" line="188" assertions="2" time="0.034099"/>
        <testcase name="can_set_filter_defaults" class="LowerRockLabs\LaravelLivewireTablesAdvancedFilters\Tests\Traits\Helpers\FilterHelpersTest" classname="LowerRockLabs.LaravelLivewireTablesAdvancedFilters.Tests.Traits.Helpers.FilterHelpersTest" file="/home/joe/awscandc/laraveladvancedtest/LaravelLivewireTablesAdvancedFilters/tests/Traits/Helpers/FilterHelpersTest.php" line="118" assertions="2" time="0.045045"/>
        <testcase name="can_get_all_applied_filters_with_values" class="LowerRockLabs\LaravelLivewireTablesAdvancedFilters\Tests\Traits\Helpers\FilterHelpersTest" classname="LowerRockLabs.LaravelLivewireTablesAdvancedFilters.Tests.Traits.Helpers.FilterHelpersTest" file="/home/joe/awscandc/laraveladvancedtest/LaravelLivewireTablesAdvancedFilters/tests/Traits/Helpers/FilterHelpersTest.php" line="158" assertions="1" time="0.037946"/>
        <testcase name="can_check_if_filter_layout_is_popover" class="LowerRockLabs\LaravelLivewireTablesAdvancedFilters\Tests\Traits\Helpers\FilterHelpersTest" classname="LowerRockLabs.LaravelLivewireTablesAdvancedFilters.Tests.Traits.Helpers.FilterHelpersTest" file="/home/joe/awscandc/laraveladvancedtest/LaravelLivewireTablesAdvancedFilters/tests/Traits/Helpers/FilterHelpersTest.php" line="182" assertions="1" time="0.034335"/>
        <testcase name="can_get_filters_status" class="LowerRockLabs\LaravelLivewireTablesAdvancedFilters\Tests\Traits\Helpers\FilterHelpersTest" classname="LowerRockLabs.LaravelLivewireTablesAdvancedFilters.Tests.Traits.Helpers.FilterHelpersTest" file="/home/joe/awscandc/laraveladvancedtest/LaravelLivewireTablesAdvancedFilters/tests/Traits/Helpers/FilterHelpersTest.php" line="12" assertions="3" time="0.034575"/>
        <testcase name="can_set_filter_value" class="LowerRockLabs\LaravelLivewireTablesAdvancedFilters\Tests\Traits\Helpers\FilterHelpersTest" classname="LowerRockLabs.LaravelLivewireTablesAdvancedFilters.Tests.Traits.Helpers.FilterHelpersTest" file="/home/joe/awscandc/laraveladvancedtest/LaravelLivewireTablesAdvancedFilters/tests/Traits/Helpers/FilterHelpersTest.php" line="85" assertions="2" time="0.042100"/>
        <testcase name="can_select_all_filter_options" class="LowerRockLabs\LaravelLivewireTablesAdvancedFilters\Tests\Traits\Helpers\FilterHelpersTest" classname="LowerRockLabs.LaravelLivewireTablesAdvancedFilters.Tests.Traits.Helpers.FilterHelpersTest" file="/home/joe/awscandc/laraveladvancedtest/LaravelLivewireTablesAdvancedFilters/tests/Traits/Helpers/FilterHelpersTest.php" line="99" assertions="1" time="0.045719"/>
        <testcase name="can_get_component_filter_by_key" class="LowerRockLabs\LaravelLivewireTablesAdvancedFilters\Tests\Traits\Helpers\FilterHelpersTest" classname="LowerRockLabs.LaravelLivewireTablesAdvancedFilters.Tests.Traits.Helpers.FilterHelpersTest" file="/home/joe/awscandc/laraveladvancedtest/LaravelLivewireTablesAdvancedFilters/tests/Traits/Helpers/FilterHelpersTest.php" line="73" assertions="4" time="0.048979"/>
        <testcase name="can_see_if_filters_set_with_values" class="LowerRockLabs\LaravelLivewireTablesAdvancedFilters\Tests\Traits\Helpers\FilterHelpersTest" classname="LowerRockLabs.LaravelLivewireTablesAdvancedFilters.Tests.Traits.Helpers.FilterHelpersTest" file="/home/joe/awscandc/laraveladvancedtest/LaravelLivewireTablesAdvancedFilters/tests/Traits/Helpers/FilterHelpersTest.php" line="140" assertions="4" time="0.047826"/>
        <testcase name="can_get_all_applied_filters_with_values_count" class="LowerRockLabs\LaravelLivewireTablesAdvancedFilters\Tests\Traits\Helpers\FilterHelpersTest" classname="LowerRockLabs.LaravelLivewireTablesAdvancedFilters.Tests.Traits.Helpers.FilterHelpersTest" file="/home/joe/awscandc/laraveladvancedtest/LaravelLivewireTablesAdvancedFilters/tests/Traits/Helpers/FilterHelpersTest.php" line="168" assertions="3" time="0.044001"/>
        <testcase name="can_get_component_filters" class="LowerRockLabs\LaravelLivewireTablesAdvancedFilters\Tests\Traits\Helpers\FilterHelpersTest" classname="LowerRockLabs.LaravelLivewireTablesAdvancedFilters.Tests.Traits.Helpers.FilterHelpersTest" file="/home/joe/awscandc/laraveladvancedtest/LaravelLivewireTablesAdvancedFilters/tests/Traits/Helpers/FilterHelpersTest.php" line="60" assertions="2" time="0.041254"/>
        <testcase name="can_check_if_component_has_filters" class="LowerRockLabs\LaravelLivewireTablesAdvancedFilters\Tests\Traits\Helpers\FilterHelpersTest" classname="LowerRockLabs.LaravelLivewireTablesAdvancedFilters.Tests.Traits.Helpers.FilterHelpersTest" file="/home/joe/awscandc/laraveladvancedtest/LaravelLivewireTablesAdvancedFilters/tests/Traits/Helpers/FilterHelpersTest.php" line="54" assertions="1" time="0.037636"/>
        <testcase name="can_get_filters_visibility_status" class="LowerRockLabs\LaravelLivewireTablesAdvancedFilters\Tests\Traits\Helpers\FilterHelpersTest" classname="LowerRockLabs.LaravelLivewireTablesAdvancedFilters.Tests.Traits.Helpers.FilterHelpersTest" file="/home/joe/awscandc/laraveladvancedtest/LaravelLivewireTablesAdvancedFilters/tests/Traits/Helpers/FilterHelpersTest.php" line="26" assertions="3" time="0.034355"/>
        <testcase name="can_get_component_filter_count" class="LowerRockLabs\LaravelLivewireTablesAdvancedFilters\Tests\Traits\Helpers\FilterHelpersTest" classname="LowerRockLabs.LaravelLivewireTablesAdvancedFilters.Tests.Traits.Helpers.FilterHelpersTest" file="/home/joe/awscandc/laraveladvancedtest/LaravelLivewireTablesAdvancedFilters/tests/Traits/Helpers/FilterHelpersTest.php" line="67" assertions="1" time="0.038226"/>
        <testcase name="can_not_set_invalid_filter" class="LowerRockLabs\LaravelLivewireTablesAdvancedFilters\Tests\Traits\Helpers\FilterHelpersTest" classname="LowerRockLabs.LaravelLivewireTablesAdvancedFilters.Tests.Traits.Helpers.FilterHelpersTest" file="/home/joe/awscandc/laraveladvancedtest/LaravelLivewireTablesAdvancedFilters/tests/Traits/Helpers/FilterHelpersTest.php" line="130" assertions="2" time="0.040892"/>
      </testsuite>
    </testsuite>
  </testsuite>
</testsuites>
